ARM GAS  C:\msys64\tmp\ccGZRdeV.s 			page 1


   1              		.syntax unified
   2              		.cpu cortex-m4
   3              		.eabi_attribute 27, 1
   4              		.eabi_attribute 28, 1
   5              		.fpu fpv4-sp-d16
   6              		.eabi_attribute 20, 1
   7              		.eabi_attribute 21, 1
   8              		.eabi_attribute 23, 3
   9              		.eabi_attribute 24, 1
  10              		.eabi_attribute 25, 1
  11              		.eabi_attribute 26, 1
  12              		.eabi_attribute 30, 4
  13              		.eabi_attribute 34, 1
  14              		.eabi_attribute 18, 4
  15              		.thumb
  16              		.syntax unified
  17              		.file	"simpledelay.cpp"
  18              		.text
  19              	.Ltext0:
  20              		.cfi_sections	.debug_frame
  21              		.align	1
  22              		.global	_hook_init
  23              		.thumb
  24              		.thumb_func
  25              		.type	_hook_init, %function
  26              	_hook_init:
  27              	.LFB264:
  28              		.file 1 "./src/simpledelay.cpp"
  29              		.loc 1 18 0
  30              		.cfi_startproc
  31              		@ args = 0, pretend = 0, frame = 0
  32              		@ frame_needed = 0, uses_anonymous_args = 0
  33              	.LVL0:
  34              	.LBB22:
  35              	.LBB23:
  36              		.file 2 "../inc/dsp/delayline.hpp"
  37              		.loc 2 114 0
  38 0000 194A     		ldr	r2, .L5
  39 0002 1A4B     		ldr	r3, .L5+4
  40              		.loc 2 115 0
  41 0004 4FF48031 		mov	r1, #65536
  42              	.LVL1:
  43              	.LBE23:
  44              	.LBE22:
  45              		.loc 1 18 0
  46 0008 10B5     		push	{r4, lr}
  47              		.cfi_def_cfa_offset 8
  48              		.cfi_offset 4, -8
  49              		.cfi_offset 14, -4
  50              	.LBB25:
  51              	.LBB24:
  52              		.loc 2 115 0
  53 000a 9160     		str	r1, [r2, #8]
  54              		.loc 2 116 0
  55 000c 4FF6FF71 		movw	r1, #65535
  56              		.loc 2 114 0
  57 0010 1360     		str	r3, [r2]
ARM GAS  C:\msys64\tmp\ccGZRdeV.s 			page 2


  58              		.loc 2 116 0
  59 0012 D160     		str	r1, [r2, #12]
  60 0014 1033     		adds	r3, r3, #16
  61              		.loc 2 117 0
  62 0016 0021     		movs	r1, #0
  63 0018 1161     		str	r1, [r2, #16]
  64              	.LVL2:
  65 001a 1446     		mov	r4, r2
  66 001c 03F58021 		add	r1, r3, #262144
  67              	.LBE24:
  68              	.LBE25:
  69              	.LBB26:
  70              	.LBB27:
  71              	.LBB28:
  72              		.file 3 "../inc/utils/buffer_ops.h"
  73              		.loc 3 109 0
  74 0020 0022     		movs	r2, #0
  75              	.LVL3:
  76              	.L2:
  77 0022 43F8102C 		str	r2, [r3, #-16]	@ float
  78              	.LVL4:
  79 0026 43F80C2C 		str	r2, [r3, #-12]	@ float
  80              	.LVL5:
  81 002a 43F8082C 		str	r2, [r3, #-8]	@ float
  82              	.LVL6:
  83 002e 43F8042C 		str	r2, [r3, #-4]	@ float
  84 0032 1033     		adds	r3, r3, #16
  85              	.LVL7:
  86              		.loc 3 108 0
  87 0034 9942     		cmp	r1, r3
  88 0036 F4D1     		bne	.L2
  89              	.LVL8:
  90              	.LBE28:
  91              	.LBE27:
  92              	.LBE26:
  93              		.loc 1 21 0
  94 0038 FFF7FEFF 		bl	_fx_get_bpmf
  95              	.LVL9:
  96              		.loc 1 22 0
  97 003c 9FED0C7A 		vldr.32	s14, .L5+8
  98              		.loc 1 21 0
  99 0040 84ED050A 		vstr.32	s0, [r4, #20]
 100              		.loc 1 22 0
 101 0044 C7EE007A 		vdiv.f32	s15, s14, s0
 102              		.loc 1 23 0
 103 0048 4FF07C53 		mov	r3, #1056964608
 104 004c E361     		str	r3, [r4, #28]	@ float
 105              		.loc 1 22 0
 106 004e 9FED097A 		vldr.32	s14, .L5+12
 107 0052 67EE877A 		vmul.f32	s15, s15, s14
 108 0056 9FED087A 		vldr.32	s14, .L5+16
 109 005a 67EE877A 		vmul.f32	s15, s15, s14
 110 005e FCEEE77A 		vcvt.u32.f32	s15, s15
 111 0062 C4ED067A 		vstr.32	s15, [r4, #24]	@ int
 112              		.loc 1 23 0
 113 0066 10BD     		pop	{r4, pc}
 114              	.L6:
ARM GAS  C:\msys64\tmp\ccGZRdeV.s 			page 3


 115              		.align	2
 116              	.L5:
 117 0068 00000000 		.word	.LANCHOR0
 118 006c 00000000 		.word	.LANCHOR1
 119 0070 00007042 		.word	1114636288
 120 0074 00803B47 		.word	1195081728
 121 0078 00000042 		.word	1107296256
 122              		.cfi_endproc
 123              	.LFE264:
 124              		.size	_hook_init, .-_hook_init
 125              		.align	1
 126              		.global	_hook_process
 127              		.thumb
 128              		.thumb_func
 129              		.type	_hook_process, %function
 130              	_hook_process:
 131              	.LFB265:
 132              		.loc 1 27 0
 133              		.cfi_startproc
 134              		@ args = 0, pretend = 0, frame = 0
 135              		@ frame_needed = 0, uses_anonymous_args = 0
 136              	.LVL10:
 137              		.loc 1 28 0
 138 007c 1A4B     		ldr	r3, .L11
 139 007e 93ED076A 		vldr.32	s12, [r3, #28]
 140              	.LBB29:
 141              	.LBB30:
 142              		.loc 1 33 0
 143 0082 9A69     		ldr	r2, [r3, #24]
 144 0084 D3ED085A 		vldr.32	s11, [r3, #32]
 145              	.LBE30:
 146              	.LBE29:
 147              		.loc 1 27 0
 148 0088 F0B5     		push	{r4, r5, r6, r7, lr}
 149              		.cfi_def_cfa_offset 20
 150              		.cfi_offset 4, -20
 151              		.cfi_offset 5, -16
 152              		.cfi_offset 6, -12
 153              		.cfi_offset 7, -8
 154              		.cfi_offset 14, -4
 155              		.loc 1 28 0
 156 008a B7EE007A 		vmov.f32	s14, #1.0e+0
 157              	.LBB49:
 158              		.loc 1 31 0
 159 008e 4FEA410E 		lsl	lr, r1, #1
 160 0092 1969     		ldr	r1, [r3, #16]
 161              	.LVL11:
 162              	.LBB45:
 163              	.LBB31:
 164              	.LBB32:
 165              		.loc 2 138 0
 166 0094 1E68     		ldr	r6, [r3]
 167 0096 DF68     		ldr	r7, [r3, #12]
 168              	.LBE32:
 169              	.LBE31:
 170              	.LBE45:
 171              	.LBE49:
ARM GAS  C:\msys64\tmp\ccGZRdeV.s 			page 4


 172              		.loc 1 28 0
 173 0098 37EE467A 		vsub.f32	s14, s14, s12
 174              	.LVL12:
 175              	.LBB50:
 176              		.loc 1 31 0
 177 009c 0024     		movs	r4, #0
 178              	.LBB46:
 179              	.LBB35:
 180              	.LBB33:
 181              		.loc 2 138 0
 182 009e 02EB010C 		add	ip, r2, r1
 183              	.LVL13:
 184              	.L9:
 185              	.LBE33:
 186              	.LBE35:
 187              	.LBE46:
 188              		.loc 1 31 0 discriminator 3
 189 00a2 7445     		cmp	r4, lr
 190 00a4 A1EB0402 		sub	r2, r1, r4
 191              	.LVL14:
 192 00a8 1BD0     		beq	.L8
 193              	.LVL15:
 194              	.LBB47:
 195              	.LBB36:
 196              	.LBB34:
 197              		.loc 2 138 0 discriminator 2
 198 00aa C4EB0C05 		rsb	r5, r4, ip
 199 00ae 3D40     		ands	r5, r5, r7
 200 00b0 06EB8505 		add	r5, r6, r5, lsl #2
 201              	.LBE34:
 202              	.LBE36:
 203              		.loc 1 34 0 discriminator 2
 204 00b4 D5ED007A 		vldr.32	s15, [r5]
 205 00b8 D0ED006A 		vldr.32	s13, [r0]
 206 00bc 65EEA77A 		vmul.f32	s15, s11, s15
 207              	.LBB37:
 208              	.LBB38:
 209              		.loc 2 127 0 discriminator 2
 210 00c0 3A40     		ands	r2, r2, r7
 211              	.LBE38:
 212              	.LBE37:
 213              		.loc 1 34 0 discriminator 2
 214 00c2 67EE867A 		vmul.f32	s15, s15, s12
 215              	.LBB42:
 216              	.LBB39:
 217              		.loc 2 127 0 discriminator 2
 218 00c6 06EB8202 		add	r2, r6, r2, lsl #2
 219              	.LBE39:
 220              	.LBE42:
 221              		.loc 1 34 0 discriminator 2
 222 00ca B0EE675A 		vmov.f32	s10, s15
 223 00ce A7EE265A 		vfma.f32	s10, s14, s13
 224              	.LBE47:
 225              		.loc 1 31 0 discriminator 2
 226 00d2 0134     		adds	r4, r4, #1
 227              	.LVL16:
 228              	.LBB48:
ARM GAS  C:\msys64\tmp\ccGZRdeV.s 			page 5


 229              	.LBB43:
 230              	.LBB40:
 231              		.loc 2 127 0 discriminator 2
 232 00d4 77EE857A 		vadd.f32	s15, s15, s10
 233              	.LBE40:
 234              	.LBE43:
 235              		.loc 1 34 0 discriminator 2
 236 00d8 A0EC015A 		vstmia.32	r0!, {s10}
 237              	.LVL17:
 238              	.LBB44:
 239              	.LBB41:
 240              		.loc 2 127 0 discriminator 2
 241 00dc C2ED007A 		vstr.32	s15, [r2]
 242              	.LVL18:
 243              	.LBE41:
 244              	.LBE44:
 245              	.LBE48:
 246              		.loc 1 31 0 discriminator 2
 247 00e0 DFE7     		b	.L9
 248              	.L8:
 249 00e2 1A61     		str	r2, [r3, #16]
 250 00e4 F0BD     		pop	{r4, r5, r6, r7, pc}
 251              	.LVL19:
 252              	.L12:
 253 00e6 00BF     		.align	2
 254              	.L11:
 255 00e8 00000000 		.word	.LANCHOR0
 256              	.LBE50:
 257              		.cfi_endproc
 258              	.LFE265:
 259              		.size	_hook_process, .-_hook_process
 260              		.align	1
 261              		.global	_hook_param
 262              		.thumb
 263              		.thumb_func
 264              		.type	_hook_param, %function
 265              	_hook_param:
 266              	.LFB266:
 267              		.loc 1 40 0
 268              		.cfi_startproc
 269              		@ args = 0, pretend = 0, frame = 0
 270              		@ frame_needed = 0, uses_anonymous_args = 0
 271              	.LVL20:
 272 00ec 08B5     		push	{r3, lr}
 273              		.cfi_def_cfa_offset 8
 274              		.cfi_offset 3, -8
 275              		.cfi_offset 14, -4
 276 00ee 2DED028B 		vpush.64	{d8}
 277              		.cfi_def_cfa_offset 16
 278              		.cfi_offset 80, -16
 279              		.cfi_offset 81, -12
 280              		.loc 1 41 0
 281 00f2 08EE101A 		vmov	s16, r1	@ int
 282              		.loc 1 42 0
 283 00f6 0128     		cmp	r0, #1
 284              		.loc 1 41 0
 285 00f8 BAEEE08A 		vcvt.f32.s32	s16, s16, #31
ARM GAS  C:\msys64\tmp\ccGZRdeV.s 			page 6


 286              	.LVL21:
 287              		.loc 1 42 0
 288 00fc 11D0     		beq	.L15
 289 00fe 05D3     		bcc	.L16
 290 0100 0328     		cmp	r0, #3
 291 0102 58D1     		bne	.L13
 292              		.loc 1 69 0
 293 0104 2D4B     		ldr	r3, .L31
 294 0106 83ED078A 		vstr.32	s16, [r3, #28]
 295              		.loc 1 74 0
 296 010a 54E0     		b	.L13
 297              	.L16:
 298              		.loc 1 44 0
 299 010c B5EE408A 		vcmp.f32	s16, #0
 300 0110 F1EE10FA 		vmrs	APSR_nzcv, FPSCR
 301 0114 294B     		ldr	r3, .L31
 302 0116 06BF     		itte	eq
 303 0118 294A     		ldreq	r2, .L31+4
 304 011a 1A62     		streq	r2, [r3, #32]	@ float
 305              		.loc 1 45 0
 306 011c 83ED088A 		vstrne.32	s16, [r3, #32]
 307 0120 49E0     		b	.L13
 308              	.L15:
 309              		.loc 1 49 0
 310 0122 FFF7FEFF 		bl	_fx_get_bpm
 311              	.LVL22:
 312 0126 07EE900A 		vmov	s15, r0	@ int
 313 012a F8EE676A 		vcvt.f32.u32	s13, s15
 314              		.loc 1 50 0
 315 012e F5EE007A 		vmov.f32	s15, #2.5e-1
 316 0132 B4EEE78A 		vcmpe.f32	s16, s15
 317              		.loc 1 49 0
 318 0136 214B     		ldr	r3, .L31
 319 0138 9FED226A 		vldr.32	s12, .L31+8
 320 013c C3ED056A 		vstr.32	s13, [r3, #20]
 321              		.loc 1 50 0
 322 0140 F1EE10FA 		vmrs	APSR_nzcv, FPSCR
 323 0144 DFED207A 		vldr.32	s15, .L31+12
 324 0148 0CD5     		bpl	.L28
 325              		.loc 1 52 0
 326 014a 86EE267A 		vdiv.f32	s14, s12, s13
 327 014e 67EE277A 		vmul.f32	s15, s14, s15
 328 0152 9FED1E7A 		vldr.32	s14, .L31+16
 329 0156 67EE877A 		vmul.f32	s15, s15, s14
 330 015a FCEEE77A 		vcvt.u32.f32	s15, s15
 331 015e C3ED067A 		vstr.32	s15, [r3, #24]	@ int
 332 0162 28E0     		b	.L13
 333              	.L28:
 334              		.loc 1 54 0
 335 0164 B6EE007A 		vmov.f32	s14, #5.0e-1
 336 0168 B4EEC78A 		vcmpe.f32	s16, s14
 337 016c F1EE10FA 		vmrs	APSR_nzcv, FPSCR
 338 0170 0CD5     		bpl	.L29
 339              		.loc 1 56 0
 340 0172 86EE267A 		vdiv.f32	s14, s12, s13
 341 0176 67EE277A 		vmul.f32	s15, s14, s15
 342 017a B3EE007A 		vmov.f32	s14, #1.6e+1
ARM GAS  C:\msys64\tmp\ccGZRdeV.s 			page 7


 343 017e 67EE877A 		vmul.f32	s15, s15, s14
 344 0182 FCEEE77A 		vcvt.u32.f32	s15, s15
 345 0186 C3ED067A 		vstr.32	s15, [r3, #24]	@ int
 346 018a 14E0     		b	.L13
 347              	.L29:
 348              		.loc 1 58 0
 349 018c B6EE087A 		vmov.f32	s14, #7.5e-1
 350 0190 B4EEC78A 		vcmpe.f32	s16, s14
 351              		.loc 1 60 0
 352 0194 86EE267A 		vdiv.f32	s14, s12, s13
 353              		.loc 1 58 0
 354 0198 F1EE10FA 		vmrs	APSR_nzcv, FPSCR
 355              		.loc 1 60 0
 356 019c 67EE277A 		vmul.f32	s15, s14, s15
 357 01a0 4CBF     		ite	mi
 358 01a2 B2EE007A 		vmovmi.f32	s14, #8.0e+0
 359              		.loc 1 64 0
 360 01a6 B1EE007A 		vmovpl.f32	s14, #4.0e+0
 361 01aa 67EE877A 		vmul.f32	s15, s15, s14
 362 01ae FCEEE77A 		vcvt.u32.f32	s15, s15
 363 01b2 C3ED067A 		vstr.32	s15, [r3, #24]	@ int
 364              	.L13:
 365              		.loc 1 74 0
 366 01b6 BDEC028B 		vldm	sp!, {d8}
 367              		.cfi_restore 80
 368              		.cfi_restore 81
 369              		.cfi_def_cfa_offset 8
 370              	.LVL23:
 371 01ba 08BD     		pop	{r3, pc}
 372              	.L32:
 373              		.align	2
 374              	.L31:
 375 01bc 00000000 		.word	.LANCHOR0
 376 01c0 CDCCCC3D 		.word	1036831949
 377 01c4 00007042 		.word	1114636288
 378 01c8 00803B47 		.word	1195081728
 379 01cc 00000042 		.word	1107296256
 380              		.cfi_endproc
 381              	.LFE266:
 382              		.size	_hook_param, .-_hook_param
 383              		.section	.text.startup,"ax",%progbits
 384              		.align	1
 385              		.thumb
 386              		.thumb_func
 387              		.type	_GLOBAL__sub_I_s_len, %function
 388              	_GLOBAL__sub_I_s_len:
 389              	.LFB268:
 390              		.loc 1 74 0
 391              		.cfi_startproc
 392              		@ args = 0, pretend = 0, frame = 0
 393              		@ frame_needed = 0, uses_anonymous_args = 0
 394              		@ link register save eliminated.
 395              	.LVL24:
 396              	.LBB56:
 397              	.LBB57:
 398              	.LBB58:
 399              		.loc 2 74 0
ARM GAS  C:\msys64\tmp\ccGZRdeV.s 			page 8


 400 0000 044B     		ldr	r3, .L34
 401 0002 0022     		movs	r2, #0
 402 0004 0021     		movs	r1, #0
 403 0006 1A60     		str	r2, [r3]
 404 0008 5960     		str	r1, [r3, #4]	@ float
 405 000a 9A60     		str	r2, [r3, #8]
 406 000c DA60     		str	r2, [r3, #12]
 407 000e 1A61     		str	r2, [r3, #16]
 408              	.LVL25:
 409 0010 7047     		bx	lr
 410              	.L35:
 411 0012 00BF     		.align	2
 412              	.L34:
 413 0014 00000000 		.word	.LANCHOR0
 414              	.LBE58:
 415              	.LBE57:
 416              	.LBE56:
 417              		.cfi_endproc
 418              	.LFE268:
 419              		.size	_GLOBAL__sub_I_s_len, .-_GLOBAL__sub_I_s_len
 420              		.section	.init_array,"aw",%init_array
 421              		.align	2
 422 0000 00000000 		.word	_GLOBAL__sub_I_s_len(target1)
 423              		.global	bpm
 424              		.global	s_len
 425              		.bss
 426              		.align	2
 427              		.set	.LANCHOR0,. + 0
 428              		.type	_ZL7s_delay, %object
 429              		.size	_ZL7s_delay, 20
 430              	_ZL7s_delay:
 431 0000 00000000 		.space	20
 431      00000000 
 431      00000000 
 431      00000000 
 431      00000000 
 432              		.type	bpm, %object
 433              		.size	bpm, 4
 434              	bpm:
 435 0014 00000000 		.space	4
 436              		.type	s_len, %object
 437              		.size	s_len, 4
 438              	s_len:
 439 0018 00000000 		.space	4
 440              		.type	_ZL5s_mix, %object
 441              		.size	_ZL5s_mix, 4
 442              	_ZL5s_mix:
 443 001c 00000000 		.space	4
 444              		.type	_ZL4gain, %object
 445              		.size	_ZL4gain, 4
 446              	_ZL4gain:
 447 0020 00000000 		.space	4
 448              		.section	.sdram,"aw",%progbits
 449              		.align	2
 450              		.set	.LANCHOR1,. + 0
 451              		.type	_ZL11s_delay_ram, %object
 452              		.size	_ZL11s_delay_ram, 192000
ARM GAS  C:\msys64\tmp\ccGZRdeV.s 			page 9


 453              	_ZL11s_delay_ram:
 454 0000 00000000 		.space	192000
 454      00000000 
 454      00000000 
 454      00000000 
 454      00000000 
 455              		.text
 456              	.Letext0:
 457              		.file 4 "c:\\users\\bradl\\desktop\\code projects\\korgfx\\korgdelayfx\\tools\\gcc\\gcc-arm-none-e
 458              		.file 5 "c:\\users\\bradl\\desktop\\code projects\\korgfx\\korgdelayfx\\tools\\gcc\\gcc-arm-none-e
 459              		.file 6 "c:\\users\\bradl\\desktop\\code projects\\korgfx\\korgdelayfx\\tools\\gcc\\gcc-arm-none-e
 460              		.file 7 "../inc/utils/int_math.h"
 461              		.file 8 "../inc/fx_api.h"
 462              		.file 9 "../inc/userprg.h"
 463              		.section	.debug_info,"",%progbits
 464              	.Ldebug_info0:
 465 0000 F0060000 		.4byte	0x6f0
 466 0004 0400     		.2byte	0x4
 467 0006 00000000 		.4byte	.Ldebug_abbrev0
 468 000a 04       		.byte	0x4
 469 000b 01       		.uleb128 0x1
 470 000c 72020000 		.4byte	.LASF78
 471 0010 04       		.byte	0x4
 472 0011 F0000000 		.4byte	.LASF79
 473 0015 71010000 		.4byte	.LASF80
 474 0019 B0000000 		.4byte	.Ldebug_ranges0+0xb0
 475 001d 00000000 		.4byte	0
 476 0021 00000000 		.4byte	.Ldebug_line0
 477 0025 02       		.uleb128 0x2
 478 0026 04       		.byte	0x4
 479 0027 04       		.byte	0x4
 480 0028 06010000 		.4byte	.LASF0
 481 002c 03       		.uleb128 0x3
 482 002d 04       		.byte	0x4
 483 002e 05       		.byte	0x5
 484 002f 696E7400 		.ascii	"int\000"
 485 0033 02       		.uleb128 0x2
 486 0034 01       		.byte	0x1
 487 0035 06       		.byte	0x6
 488 0036 E4000000 		.4byte	.LASF1
 489 003a 04       		.uleb128 0x4
 490 003b B7030000 		.4byte	.LASF5
 491 003f 04       		.byte	0x4
 492 0040 1D       		.byte	0x1d
 493 0041 45000000 		.4byte	0x45
 494 0045 02       		.uleb128 0x2
 495 0046 01       		.byte	0x1
 496 0047 08       		.byte	0x8
 497 0048 5A020000 		.4byte	.LASF2
 498 004c 02       		.uleb128 0x2
 499 004d 02       		.byte	0x2
 500 004e 05       		.byte	0x5
 501 004f 8D000000 		.4byte	.LASF3
 502 0053 02       		.uleb128 0x2
 503 0054 02       		.byte	0x2
 504 0055 07       		.byte	0x7
 505 0056 05040000 		.4byte	.LASF4
ARM GAS  C:\msys64\tmp\ccGZRdeV.s 			page 10


 506 005a 04       		.uleb128 0x4
 507 005b ED040000 		.4byte	.LASF6
 508 005f 04       		.byte	0x4
 509 0060 3F       		.byte	0x3f
 510 0061 65000000 		.4byte	0x65
 511 0065 02       		.uleb128 0x2
 512 0066 04       		.byte	0x4
 513 0067 05       		.byte	0x5
 514 0068 3A010000 		.4byte	.LASF7
 515 006c 04       		.uleb128 0x4
 516 006d 75000000 		.4byte	.LASF8
 517 0071 04       		.byte	0x4
 518 0072 41       		.byte	0x41
 519 0073 77000000 		.4byte	0x77
 520 0077 02       		.uleb128 0x2
 521 0078 04       		.byte	0x4
 522 0079 07       		.byte	0x7
 523 007a C8040000 		.4byte	.LASF9
 524 007e 02       		.uleb128 0x2
 525 007f 08       		.byte	0x8
 526 0080 05       		.byte	0x5
 527 0081 2C010000 		.4byte	.LASF10
 528 0085 02       		.uleb128 0x2
 529 0086 08       		.byte	0x8
 530 0087 07       		.byte	0x7
 531 0088 8A030000 		.4byte	.LASF11
 532 008c 02       		.uleb128 0x2
 533 008d 04       		.byte	0x4
 534 008e 07       		.byte	0x7
 535 008f AA030000 		.4byte	.LASF12
 536 0093 04       		.uleb128 0x4
 537 0094 F7040000 		.4byte	.LASF13
 538 0098 05       		.byte	0x5
 539 0099 18       		.byte	0x18
 540 009a 3A000000 		.4byte	0x3a
 541 009e 04       		.uleb128 0x4
 542 009f 4B040000 		.4byte	.LASF14
 543 00a3 05       		.byte	0x5
 544 00a4 2C       		.byte	0x2c
 545 00a5 5A000000 		.4byte	0x5a
 546 00a9 04       		.uleb128 0x4
 547 00aa A1030000 		.4byte	.LASF15
 548 00ae 05       		.byte	0x5
 549 00af 30       		.byte	0x30
 550 00b0 6C000000 		.4byte	0x6c
 551 00b4 04       		.uleb128 0x4
 552 00b5 4B000000 		.4byte	.LASF16
 553 00b9 06       		.byte	0x6
 554 00ba D8       		.byte	0xd8
 555 00bb 8C000000 		.4byte	0x8c
 556 00bf 02       		.uleb128 0x2
 557 00c0 08       		.byte	0x8
 558 00c1 04       		.byte	0x4
 559 00c2 1A020000 		.4byte	.LASF17
 560 00c6 05       		.uleb128 0x5
 561 00c7 1E000000 		.4byte	.LASF81
 562 00cb 02       		.uleb128 0x2
ARM GAS  C:\msys64\tmp\ccGZRdeV.s 			page 11


 563 00cc 04       		.byte	0x4
 564 00cd 07       		.byte	0x7
 565 00ce 52000000 		.4byte	.LASF18
 566 00d2 02       		.uleb128 0x2
 567 00d3 01       		.byte	0x1
 568 00d4 08       		.byte	0x8
 569 00d5 3C040000 		.4byte	.LASF19
 570 00d9 02       		.uleb128 0x2
 571 00da 08       		.byte	0x8
 572 00db 04       		.byte	0x4
 573 00dc 46050000 		.4byte	.LASF20
 574 00e0 06       		.uleb128 0x6
 575 00e1 01       		.byte	0x1
 576 00e2 45000000 		.4byte	0x45
 577 00e6 09       		.byte	0x9
 578 00e7 35       		.byte	0x35
 579 00e8 11010000 		.4byte	0x111
 580 00ec 07       		.uleb128 0x7
 581 00ed 97000000 		.4byte	.LASF21
 582 00f1 00       		.byte	0
 583 00f2 07       		.uleb128 0x7
 584 00f3 26020000 		.4byte	.LASF22
 585 00f7 01       		.byte	0x1
 586 00f8 07       		.uleb128 0x7
 587 00f9 92050000 		.4byte	.LASF23
 588 00fd 02       		.byte	0x2
 589 00fe 07       		.uleb128 0x7
 590 00ff AB040000 		.4byte	.LASF24
 591 0103 03       		.byte	0x3
 592 0104 07       		.uleb128 0x7
 593 0105 D2000000 		.4byte	.LASF25
 594 0109 04       		.byte	0x4
 595 010a 07       		.uleb128 0x7
 596 010b AC000000 		.4byte	.LASF26
 597 010f 05       		.byte	0x5
 598 0110 00       		.byte	0
 599 0111 08       		.uleb128 0x8
 600 0112 04       		.byte	0x4
 601 0113 25000000 		.4byte	0x25
 602 0117 09       		.uleb128 0x9
 603 0118 64737000 		.ascii	"dsp\000"
 604 011c 02       		.byte	0x2
 605 011d 33       		.byte	0x33
 606 011e 6D020000 		.4byte	0x26d
 607 0122 0A       		.uleb128 0xa
 608 0123 F1010000 		.4byte	.LASF32
 609 0127 14       		.byte	0x14
 610 0128 02       		.byte	0x2
 611 0129 38       		.byte	0x38
 612 012a 0B       		.uleb128 0xb
 613 012b C1030000 		.4byte	.LASF27
 614 012f 02       		.byte	0x2
 615 0130 B0       		.byte	0xb0
 616 0131 11010000 		.4byte	0x111
 617 0135 00       		.byte	0
 618 0136 0B       		.uleb128 0xb
 619 0137 BF000000 		.4byte	.LASF28
ARM GAS  C:\msys64\tmp\ccGZRdeV.s 			page 12


 620 013b 02       		.byte	0x2
 621 013c B1       		.byte	0xb1
 622 013d 25000000 		.4byte	0x25
 623 0141 04       		.byte	0x4
 624 0142 0B       		.uleb128 0xb
 625 0143 45000000 		.4byte	.LASF29
 626 0147 02       		.byte	0x2
 627 0148 B2       		.byte	0xb2
 628 0149 B4000000 		.4byte	0xb4
 629 014d 08       		.byte	0x8
 630 014e 0B       		.uleb128 0xb
 631 014f CC000000 		.4byte	.LASF30
 632 0153 02       		.byte	0x2
 633 0154 B3       		.byte	0xb3
 634 0155 B4000000 		.4byte	0xb4
 635 0159 0C       		.byte	0xc
 636 015a 0B       		.uleb128 0xb
 637 015b 32040000 		.4byte	.LASF31
 638 015f 02       		.byte	0x2
 639 0160 B4       		.byte	0xb4
 640 0161 A9000000 		.4byte	0xa9
 641 0165 10       		.byte	0x10
 642 0166 0C       		.uleb128 0xc
 643 0167 F1010000 		.4byte	.LASF32
 644 016b 02       		.byte	0x2
 645 016c 45       		.byte	0x45
 646 016d FF040000 		.4byte	.LASF33
 647 0171 6D020000 		.4byte	0x26d
 648 0175 7D010000 		.4byte	0x17d
 649 0179 83010000 		.4byte	0x183
 650 017d 0D       		.uleb128 0xd
 651 017e 6D020000 		.4byte	0x26d
 652 0182 00       		.byte	0
 653 0183 0C       		.uleb128 0xc
 654 0184 F1010000 		.4byte	.LASF32
 655 0188 02       		.byte	0x2
 656 0189 54       		.byte	0x54
 657 018a B0050000 		.4byte	.LASF34
 658 018e 6D020000 		.4byte	0x26d
 659 0192 9A010000 		.4byte	0x19a
 660 0196 AA010000 		.4byte	0x1aa
 661 019a 0D       		.uleb128 0xd
 662 019b 6D020000 		.4byte	0x26d
 663 019f 0E       		.uleb128 0xe
 664 01a0 11010000 		.4byte	0x111
 665 01a4 0E       		.uleb128 0xe
 666 01a5 B4000000 		.4byte	0xb4
 667 01a9 00       		.byte	0
 668 01aa 0F       		.uleb128 0xf
 669 01ab 4F010000 		.4byte	.LASF35
 670 01af 02       		.byte	0x2
 671 01b0 64       		.byte	0x64
 672 01b1 E1030000 		.4byte	.LASF37
 673 01b5 BD010000 		.4byte	0x1bd
 674 01b9 C3010000 		.4byte	0x1c3
 675 01bd 0D       		.uleb128 0xd
 676 01be 6D020000 		.4byte	0x26d
ARM GAS  C:\msys64\tmp\ccGZRdeV.s 			page 13


 677 01c2 00       		.byte	0
 678 01c3 0F       		.uleb128 0xf
 679 01c4 FB030000 		.4byte	.LASF36
 680 01c8 02       		.byte	0x2
 681 01c9 71       		.byte	0x71
 682 01ca 3A020000 		.4byte	.LASF38
 683 01ce D6010000 		.4byte	0x1d6
 684 01d2 E6010000 		.4byte	0x1e6
 685 01d6 0D       		.uleb128 0xd
 686 01d7 6D020000 		.4byte	0x26d
 687 01db 0E       		.uleb128 0xe
 688 01dc 11010000 		.4byte	0x111
 689 01e0 0E       		.uleb128 0xe
 690 01e1 B4000000 		.4byte	0xb4
 691 01e5 00       		.byte	0
 692 01e6 0F       		.uleb128 0xf
 693 01e7 06000000 		.4byte	.LASF39
 694 01eb 02       		.byte	0x2
 695 01ec 7E       		.byte	0x7e
 696 01ed C7030000 		.4byte	.LASF40
 697 01f1 F9010000 		.4byte	0x1f9
 698 01f5 04020000 		.4byte	0x204
 699 01f9 0D       		.uleb128 0xd
 700 01fa 6D020000 		.4byte	0x26d
 701 01fe 0E       		.uleb128 0xe
 702 01ff 25000000 		.4byte	0x25
 703 0203 00       		.byte	0
 704 0204 0C       		.uleb128 0xc
 705 0205 1B010000 		.4byte	.LASF41
 706 0209 02       		.byte	0x2
 707 020a 89       		.byte	0x89
 708 020b 4D050000 		.4byte	.LASF42
 709 020f 25000000 		.4byte	0x25
 710 0213 1B020000 		.4byte	0x21b
 711 0217 26020000 		.4byte	0x226
 712 021b 0D       		.uleb128 0xd
 713 021c 6D020000 		.4byte	0x26d
 714 0220 0E       		.uleb128 0xe
 715 0221 A9000000 		.4byte	0xa9
 716 0225 00       		.byte	0
 717 0226 0C       		.uleb128 0xc
 718 0227 E4040000 		.4byte	.LASF43
 719 022b 02       		.byte	0x2
 720 022c 94       		.byte	0x94
 721 022d D4010000 		.4byte	.LASF44
 722 0231 25000000 		.4byte	0x25
 723 0235 3D020000 		.4byte	0x23d
 724 0239 48020000 		.4byte	0x248
 725 023d 0D       		.uleb128 0xd
 726 023e 6D020000 		.4byte	0x26d
 727 0242 0E       		.uleb128 0xe
 728 0243 25000000 		.4byte	0x25
 729 0247 00       		.byte	0
 730 0248 10       		.uleb128 0x10
 731 0249 41040000 		.4byte	.LASF45
 732 024d 02       		.byte	0x2
 733 024e A4       		.byte	0xa4
ARM GAS  C:\msys64\tmp\ccGZRdeV.s 			page 14


 734 024f FB010000 		.4byte	.LASF46
 735 0253 25000000 		.4byte	0x25
 736 0257 5B020000 		.4byte	0x25b
 737 025b 0D       		.uleb128 0xd
 738 025c 6D020000 		.4byte	0x26d
 739 0260 0E       		.uleb128 0xe
 740 0261 A9000000 		.4byte	0xa9
 741 0265 0E       		.uleb128 0xe
 742 0266 25000000 		.4byte	0x25
 743 026a 00       		.byte	0
 744 026b 00       		.byte	0
 745 026c 00       		.byte	0
 746 026d 08       		.uleb128 0x8
 747 026e 04       		.byte	0x4
 748 026f 22010000 		.4byte	0x122
 749 0273 11       		.uleb128 0x11
 750 0274 53040000 		.4byte	.LASF82
 751 0278 03       		.byte	0x3
 752 0279 68       		.byte	0x68
 753 027a 03       		.byte	0x3
 754 027b A1020000 		.4byte	0x2a1
 755 027f 12       		.uleb128 0x12
 756 0280 70747200 		.ascii	"ptr\000"
 757 0284 03       		.byte	0x3
 758 0285 68       		.byte	0x68
 759 0286 A1020000 		.4byte	0x2a1
 760 028a 12       		.uleb128 0x12
 761 028b 6C656E00 		.ascii	"len\000"
 762 028f 03       		.byte	0x3
 763 0290 69       		.byte	0x69
 764 0291 A6020000 		.4byte	0x2a6
 765 0295 13       		.uleb128 0x13
 766 0296 656E6400 		.ascii	"end\000"
 767 029a 03       		.byte	0x3
 768 029b 6B       		.byte	0x6b
 769 029c AB020000 		.4byte	0x2ab
 770 02a0 00       		.byte	0
 771 02a1 14       		.uleb128 0x14
 772 02a2 11010000 		.4byte	0x111
 773 02a6 15       		.uleb128 0x15
 774 02a7 A9000000 		.4byte	0xa9
 775 02ab 08       		.uleb128 0x8
 776 02ac 04       		.byte	0x4
 777 02ad B1020000 		.4byte	0x2b1
 778 02b1 15       		.uleb128 0x15
 779 02b2 25000000 		.4byte	0x25
 780 02b6 16       		.uleb128 0x16
 781 02b7 39050000 		.4byte	.LASF83
 782 02bb 07       		.byte	0x7
 783 02bc 75       		.byte	0x75
 784 02bd A9000000 		.4byte	0xa9
 785 02c1 03       		.byte	0x3
 786 02c2 D0020000 		.4byte	0x2d0
 787 02c6 12       		.uleb128 0x12
 788 02c7 7800     		.ascii	"x\000"
 789 02c9 07       		.byte	0x7
 790 02ca 75       		.byte	0x75
ARM GAS  C:\msys64\tmp\ccGZRdeV.s 			page 15


 791 02cb A9000000 		.4byte	0xa9
 792 02cf 00       		.byte	0
 793 02d0 17       		.uleb128 0x17
 794 02d1 AA010000 		.4byte	0x1aa
 795 02d5 03       		.byte	0x3
 796 02d6 DE020000 		.4byte	0x2de
 797 02da E8020000 		.4byte	0x2e8
 798 02de 18       		.uleb128 0x18
 799 02df 9A040000 		.4byte	.LASF47
 800 02e3 E8020000 		.4byte	0x2e8
 801 02e7 00       		.byte	0
 802 02e8 15       		.uleb128 0x15
 803 02e9 6D020000 		.4byte	0x26d
 804 02ed 17       		.uleb128 0x17
 805 02ee C3010000 		.4byte	0x1c3
 806 02f2 03       		.byte	0x3
 807 02f3 FB020000 		.4byte	0x2fb
 808 02f7 1B030000 		.4byte	0x31b
 809 02fb 18       		.uleb128 0x18
 810 02fc 9A040000 		.4byte	.LASF47
 811 0300 E8020000 		.4byte	0x2e8
 812 0304 12       		.uleb128 0x12
 813 0305 72616D00 		.ascii	"ram\000"
 814 0309 02       		.byte	0x2
 815 030a 71       		.byte	0x71
 816 030b 11010000 		.4byte	0x111
 817 030f 19       		.uleb128 0x19
 818 0310 68020000 		.4byte	.LASF48
 819 0314 02       		.byte	0x2
 820 0315 71       		.byte	0x71
 821 0316 B4000000 		.4byte	0xb4
 822 031a 00       		.byte	0
 823 031b 17       		.uleb128 0x17
 824 031c E6010000 		.4byte	0x1e6
 825 0320 03       		.byte	0x3
 826 0321 29030000 		.4byte	0x329
 827 0325 3C030000 		.4byte	0x33c
 828 0329 18       		.uleb128 0x18
 829 032a 9A040000 		.4byte	.LASF47
 830 032e E8020000 		.4byte	0x2e8
 831 0332 12       		.uleb128 0x12
 832 0333 7300     		.ascii	"s\000"
 833 0335 02       		.byte	0x2
 834 0336 7E       		.byte	0x7e
 835 0337 B1020000 		.4byte	0x2b1
 836 033b 00       		.byte	0
 837 033c 17       		.uleb128 0x17
 838 033d 04020000 		.4byte	0x204
 839 0341 03       		.byte	0x3
 840 0342 4A030000 		.4byte	0x34a
 841 0346 5F030000 		.4byte	0x35f
 842 034a 18       		.uleb128 0x18
 843 034b 9A040000 		.4byte	.LASF47
 844 034f E8020000 		.4byte	0x2e8
 845 0353 12       		.uleb128 0x12
 846 0354 706F7300 		.ascii	"pos\000"
 847 0358 02       		.byte	0x2
ARM GAS  C:\msys64\tmp\ccGZRdeV.s 			page 16


 848 0359 89       		.byte	0x89
 849 035a A6020000 		.4byte	0x2a6
 850 035e 00       		.byte	0
 851 035f 1A       		.uleb128 0x1a
 852 0360 65040000 		.4byte	.LASF84
 853 0364 01       		.byte	0x1
 854 0365 80030000 		.4byte	0x380
 855 0369 19       		.uleb128 0x19
 856 036a C5010000 		.4byte	.LASF49
 857 036e 01       		.byte	0x1
 858 036f 4A       		.byte	0x4a
 859 0370 2C000000 		.4byte	0x2c
 860 0374 19       		.uleb128 0x19
 861 0375 8F040000 		.4byte	.LASF50
 862 0379 01       		.byte	0x1
 863 037a 4A       		.byte	0x4a
 864 037b 2C000000 		.4byte	0x2c
 865 037f 00       		.byte	0
 866 0380 1B       		.uleb128 0x1b
 867 0381 13000000 		.4byte	.LASF51
 868 0385 01       		.byte	0x1
 869 0386 11       		.byte	0x11
 870 0387 00000000 		.4byte	.LFB264
 871 038b 7C000000 		.4byte	.LFE264-.LFB264
 872 038f 01       		.uleb128 0x1
 873 0390 9C       		.byte	0x9c
 874 0391 3E040000 		.4byte	0x43e
 875 0395 1C       		.uleb128 0x1c
 876 0396 BF040000 		.4byte	.LASF52
 877 039a 01       		.byte	0x1
 878 039b 11       		.byte	0x11
 879 039c A9000000 		.4byte	0xa9
 880 03a0 00000000 		.4byte	.LLST0
 881 03a4 1D       		.uleb128 0x1d
 882 03a5 61706900 		.ascii	"api\000"
 883 03a9 01       		.byte	0x1
 884 03aa 11       		.byte	0x11
 885 03ab A9000000 		.4byte	0xa9
 886 03af 21000000 		.4byte	.LLST1
 887 03b3 1E       		.uleb128 0x1e
 888 03b4 ED020000 		.4byte	0x2ed
 889 03b8 00000000 		.4byte	.LBB22
 890 03bc 00000000 		.4byte	.Ldebug_ranges0+0
 891 03c0 01       		.byte	0x1
 892 03c1 13       		.byte	0x13
 893 03c2 E2030000 		.4byte	0x3e2
 894 03c6 1F       		.uleb128 0x1f
 895 03c7 0F030000 		.4byte	0x30f
 896 03cb 42000000 		.4byte	.LLST2
 897 03cf 1F       		.uleb128 0x1f
 898 03d0 04030000 		.4byte	0x304
 899 03d4 58000000 		.4byte	.LLST3
 900 03d8 1F       		.uleb128 0x1f
 901 03d9 FB020000 		.4byte	0x2fb
 902 03dd 70000000 		.4byte	.LLST4
 903 03e1 00       		.byte	0
 904 03e2 20       		.uleb128 0x20
ARM GAS  C:\msys64\tmp\ccGZRdeV.s 			page 17


 905 03e3 D0020000 		.4byte	0x2d0
 906 03e7 20000000 		.4byte	.LBB26
 907 03eb 18000000 		.4byte	.LBE26-.LBB26
 908 03ef 01       		.byte	0x1
 909 03f0 14       		.byte	0x14
 910 03f1 34040000 		.4byte	0x434
 911 03f5 1F       		.uleb128 0x1f
 912 03f6 DE020000 		.4byte	0x2de
 913 03fa 88000000 		.4byte	.LLST5
 914 03fe 21       		.uleb128 0x21
 915 03ff 73020000 		.4byte	0x273
 916 0403 20000000 		.4byte	.LBB27
 917 0407 18000000 		.4byte	.LBE27-.LBB27
 918 040b 02       		.byte	0x2
 919 040c 65       		.byte	0x65
 920 040d 1F       		.uleb128 0x1f
 921 040e 8A020000 		.4byte	0x28a
 922 0412 A0000000 		.4byte	.LLST6
 923 0416 1F       		.uleb128 0x1f
 924 0417 7F020000 		.4byte	0x27f
 925 041b B6000000 		.4byte	.LLST7
 926 041f 22       		.uleb128 0x22
 927 0420 20000000 		.4byte	.LBB28
 928 0424 18000000 		.4byte	.LBE28-.LBB28
 929 0428 23       		.uleb128 0x23
 930 0429 95020000 		.4byte	0x295
 931 042d 0D010000 		.4byte	.LLST8
 932 0431 00       		.byte	0
 933 0432 00       		.byte	0
 934 0433 00       		.byte	0
 935 0434 24       		.uleb128 0x24
 936 0435 3C000000 		.4byte	.LVL9
 937 0439 DD060000 		.4byte	0x6dd
 938 043d 00       		.byte	0
 939 043e 1B       		.uleb128 0x1b
 940 043f 77050000 		.4byte	.LASF53
 941 0443 01       		.byte	0x1
 942 0444 1A       		.byte	0x1a
 943 0445 7C000000 		.4byte	.LFB265
 944 0449 70000000 		.4byte	.LFE265-.LFB265
 945 044d 01       		.uleb128 0x1
 946 044e 9C       		.byte	0x9c
 947 044f ED040000 		.4byte	0x4ed
 948 0453 1D       		.uleb128 0x1d
 949 0454 786E00   		.ascii	"xn\000"
 950 0457 01       		.byte	0x1
 951 0458 1A       		.byte	0x1a
 952 0459 11010000 		.4byte	0x111
 953 045d 25010000 		.4byte	.LLST9
 954 0461 1C       		.uleb128 0x1c
 955 0462 0C000000 		.4byte	.LASF54
 956 0466 01       		.byte	0x1
 957 0467 1A       		.byte	0x1a
 958 0468 A9000000 		.4byte	0xa9
 959 046c 46010000 		.4byte	.LLST10
 960 0470 25       		.uleb128 0x25
 961 0471 64727900 		.ascii	"dry\000"
ARM GAS  C:\msys64\tmp\ccGZRdeV.s 			page 18


 962 0475 01       		.byte	0x1
 963 0476 1C       		.byte	0x1c
 964 0477 B1020000 		.4byte	0x2b1
 965 047b 02       		.uleb128 0x2
 966 047c 90       		.byte	0x90
 967 047d 4E       		.uleb128 0x4e
 968 047e 25       		.uleb128 0x25
 969 047f 77657400 		.ascii	"wet\000"
 970 0483 01       		.byte	0x1
 971 0484 1D       		.byte	0x1d
 972 0485 B1020000 		.4byte	0x2b1
 973 0489 02       		.uleb128 0x2
 974 048a 90       		.byte	0x90
 975 048b 4C       		.uleb128 0x4c
 976 048c 26       		.uleb128 0x26
 977 048d 18000000 		.4byte	.Ldebug_ranges0+0x18
 978 0491 27       		.uleb128 0x27
 979 0492 6900     		.ascii	"i\000"
 980 0494 01       		.byte	0x1
 981 0495 1F       		.byte	0x1f
 982 0496 2C000000 		.4byte	0x2c
 983 049a 67010000 		.4byte	.LLST11
 984 049e 26       		.uleb128 0x26
 985 049f 38000000 		.4byte	.Ldebug_ranges0+0x38
 986 04a3 28       		.uleb128 0x28
 987 04a4 A6050000 		.4byte	.LASF55
 988 04a8 01       		.byte	0x1
 989 04a9 21       		.byte	0x21
 990 04aa B1020000 		.4byte	0x2b1
 991 04ae 1E       		.uleb128 0x1e
 992 04af 3C030000 		.4byte	0x33c
 993 04b3 94000000 		.4byte	.LBB31
 994 04b7 68000000 		.4byte	.Ldebug_ranges0+0x68
 995 04bb 01       		.byte	0x1
 996 04bc 21       		.byte	0x21
 997 04bd CC040000 		.4byte	0x4cc
 998 04c1 29       		.uleb128 0x29
 999 04c2 53030000 		.4byte	0x353
 1000 04c6 29       		.uleb128 0x29
 1001 04c7 4A030000 		.4byte	0x34a
 1002 04cb 00       		.byte	0
 1003 04cc 2A       		.uleb128 0x2a
 1004 04cd 1B030000 		.4byte	0x31b
 1005 04d1 C0000000 		.4byte	.LBB37
 1006 04d5 88000000 		.4byte	.Ldebug_ranges0+0x88
 1007 04d9 01       		.byte	0x1
 1008 04da 23       		.byte	0x23
 1009 04db 29       		.uleb128 0x29
 1010 04dc 32030000 		.4byte	0x332
 1011 04e0 1F       		.uleb128 0x1f
 1012 04e1 29030000 		.4byte	0x329
 1013 04e5 9E010000 		.4byte	.LLST12
 1014 04e9 00       		.byte	0
 1015 04ea 00       		.byte	0
 1016 04eb 00       		.byte	0
 1017 04ec 00       		.byte	0
 1018 04ed 1B       		.uleb128 0x1b
ARM GAS  C:\msys64\tmp\ccGZRdeV.s 			page 19


 1019 04ee 20010000 		.4byte	.LASF56
 1020 04f2 01       		.byte	0x1
 1021 04f3 27       		.byte	0x27
 1022 04f4 EC000000 		.4byte	.LFB266
 1023 04f8 E4000000 		.4byte	.LFE266-.LFB266
 1024 04fc 01       		.uleb128 0x1
 1025 04fd 9C       		.byte	0x9c
 1026 04fe 39050000 		.4byte	0x539
 1027 0502 1C       		.uleb128 0x1c
 1028 0503 C6000000 		.4byte	.LASF57
 1029 0507 01       		.byte	0x1
 1030 0508 27       		.byte	0x27
 1031 0509 93000000 		.4byte	0x93
 1032 050d B6010000 		.4byte	.LLST13
 1033 0511 1C       		.uleb128 0x1c
 1034 0512 5F040000 		.4byte	.LASF58
 1035 0516 01       		.byte	0x1
 1036 0517 27       		.byte	0x27
 1037 0518 9E000000 		.4byte	0x9e
 1038 051c D7010000 		.4byte	.LLST14
 1039 0520 2B       		.uleb128 0x2b
 1040 0521 DA040000 		.4byte	.LASF59
 1041 0525 01       		.byte	0x1
 1042 0526 29       		.byte	0x29
 1043 0527 B1020000 		.4byte	0x2b1
 1044 052b F8010000 		.4byte	.LLST15
 1045 052f 24       		.uleb128 0x24
 1046 0530 26010000 		.4byte	.LVL22
 1047 0534 E8060000 		.4byte	0x6e8
 1048 0538 00       		.byte	0
 1049 0539 17       		.uleb128 0x17
 1050 053a 66010000 		.4byte	0x166
 1051 053e 02       		.byte	0x2
 1052 053f 47050000 		.4byte	0x547
 1053 0543 51050000 		.4byte	0x551
 1054 0547 18       		.uleb128 0x18
 1055 0548 9A040000 		.4byte	.LASF47
 1056 054c E8020000 		.4byte	0x2e8
 1057 0550 00       		.byte	0
 1058 0551 2C       		.uleb128 0x2c
 1059 0552 30000000 		.4byte	.LASF85
 1060 0556 00000000 		.4byte	.LFB268
 1061 055a 18000000 		.4byte	.LFE268-.LFB268
 1062 055e 01       		.uleb128 0x1
 1063 055f 9C       		.byte	0x9c
 1064 0560 A0050000 		.4byte	0x5a0
 1065 0564 21       		.uleb128 0x21
 1066 0565 5F030000 		.4byte	0x35f
 1067 0569 00000000 		.4byte	.LBB56
 1068 056d 18000000 		.4byte	.LBE56-.LBB56
 1069 0571 01       		.byte	0x1
 1070 0572 4A       		.byte	0x4a
 1071 0573 1F       		.uleb128 0x1f
 1072 0574 74030000 		.4byte	0x374
 1073 0578 26020000 		.4byte	.LLST16
 1074 057c 1F       		.uleb128 0x1f
 1075 057d 69030000 		.4byte	0x369
ARM GAS  C:\msys64\tmp\ccGZRdeV.s 			page 20


 1076 0581 3C020000 		.4byte	.LLST17
 1077 0585 21       		.uleb128 0x21
 1078 0586 39050000 		.4byte	0x539
 1079 058a 00000000 		.4byte	.LBB57
 1080 058e 18000000 		.4byte	.LBE57-.LBB57
 1081 0592 01       		.byte	0x1
 1082 0593 06       		.byte	0x6
 1083 0594 1F       		.uleb128 0x1f
 1084 0595 47050000 		.4byte	0x547
 1085 0599 50020000 		.4byte	.LLST18
 1086 059d 00       		.byte	0
 1087 059e 00       		.byte	0
 1088 059f 00       		.byte	0
 1089 05a0 2D       		.uleb128 0x2d
 1090 05a1 5F010000 		.4byte	.LASF60
 1091 05a5 08       		.byte	0x8
 1092 05a6 46       		.byte	0x46
 1093 05a7 A6020000 		.4byte	0x2a6
 1094 05ab 2D       		.uleb128 0x2d
 1095 05ac 66050000 		.4byte	.LASF61
 1096 05b0 08       		.byte	0x8
 1097 05b1 4B       		.byte	0x4b
 1098 05b2 A6020000 		.4byte	0x2a6
 1099 05b6 2E       		.uleb128 0x2e
 1100 05b7 B1020000 		.4byte	0x2b1
 1101 05bb C6050000 		.4byte	0x5c6
 1102 05bf 2F       		.uleb128 0x2f
 1103 05c0 CB000000 		.4byte	0xcb
 1104 05c4 80       		.byte	0x80
 1105 05c5 00       		.byte	0
 1106 05c6 2D       		.uleb128 0x2d
 1107 05c7 18040000 		.4byte	.LASF62
 1108 05cb 08       		.byte	0x8
 1109 05cc 82       		.byte	0x82
 1110 05cd D1050000 		.4byte	0x5d1
 1111 05d1 15       		.uleb128 0x15
 1112 05d2 B6050000 		.4byte	0x5b6
 1113 05d6 2E       		.uleb128 0x2e
 1114 05d7 B1020000 		.4byte	0x2b1
 1115 05db E7050000 		.4byte	0x5e7
 1116 05df 30       		.uleb128 0x30
 1117 05e0 CB000000 		.4byte	0xcb
 1118 05e4 0001     		.2byte	0x100
 1119 05e6 00       		.byte	0
 1120 05e7 2D       		.uleb128 0x2d
 1121 05e8 55010000 		.4byte	.LASF63
 1122 05ec 08       		.byte	0x8
 1123 05ed C9       		.byte	0xc9
 1124 05ee F2050000 		.4byte	0x5f2
 1125 05f2 15       		.uleb128 0x15
 1126 05f3 D6050000 		.4byte	0x5d6
 1127 05f7 2D       		.uleb128 0x2d
 1128 05f8 9F040000 		.4byte	.LASF64
 1129 05fc 08       		.byte	0x8
 1130 05fd E0       		.byte	0xe0
 1131 05fe 02060000 		.4byte	0x602
 1132 0602 15       		.uleb128 0x15
ARM GAS  C:\msys64\tmp\ccGZRdeV.s 			page 21


 1133 0603 D6050000 		.4byte	0x5d6
 1134 0607 2D       		.uleb128 0x2d
 1135 0608 29050000 		.4byte	.LASF65
 1136 060c 08       		.byte	0x8
 1137 060d F8       		.byte	0xf8
 1138 060e 12060000 		.4byte	0x612
 1139 0612 15       		.uleb128 0x15
 1140 0613 D6050000 		.4byte	0x5d6
 1141 0617 31       		.uleb128 0x31
 1142 0618 5B000000 		.4byte	.LASF66
 1143 061c 08       		.byte	0x8
 1144 061d 0F01     		.2byte	0x10f
 1145 061f 23060000 		.4byte	0x623
 1146 0623 15       		.uleb128 0x15
 1147 0624 D6050000 		.4byte	0x5d6
 1148 0628 31       		.uleb128 0x31
 1149 0629 66000000 		.4byte	.LASF67
 1150 062d 08       		.byte	0x8
 1151 062e 3E01     		.2byte	0x13e
 1152 0630 34060000 		.4byte	0x634
 1153 0634 15       		.uleb128 0x15
 1154 0635 B6050000 		.4byte	0x5b6
 1155 0639 31       		.uleb128 0x31
 1156 063a 0C010000 		.4byte	.LASF68
 1157 063e 08       		.byte	0x8
 1158 063f 5301     		.2byte	0x153
 1159 0641 45060000 		.4byte	0x645
 1160 0645 15       		.uleb128 0x15
 1161 0646 B6050000 		.4byte	0x5b6
 1162 064a 31       		.uleb128 0x31
 1163 064b 80000000 		.4byte	.LASF69
 1164 064f 08       		.byte	0x8
 1165 0650 7001     		.2byte	0x170
 1166 0652 56060000 		.4byte	0x656
 1167 0656 15       		.uleb128 0x15
 1168 0657 B6050000 		.4byte	0x5b6
 1169 065b 32       		.uleb128 0x32
 1170 065c 21050000 		.4byte	.LASF70
 1171 0660 01       		.byte	0x1
 1172 0661 06       		.byte	0x6
 1173 0662 22010000 		.4byte	0x122
 1174 0666 05       		.uleb128 0x5
 1175 0667 03       		.byte	0x3
 1176 0668 00000000 		.4byte	_ZL7s_delay
 1177 066c 2E       		.uleb128 0x2e
 1178 066d 25000000 		.4byte	0x25
 1179 0671 7D060000 		.4byte	0x67d
 1180 0675 30       		.uleb128 0x30
 1181 0676 CB000000 		.4byte	0xcb
 1182 067a 7FBB     		.2byte	0xbb7f
 1183 067c 00       		.byte	0
 1184 067d 32       		.uleb128 0x32
 1185 067e 26040000 		.4byte	.LASF71
 1186 0682 01       		.byte	0x1
 1187 0683 07       		.byte	0x7
 1188 0684 6C060000 		.4byte	0x66c
 1189 0688 05       		.uleb128 0x5
ARM GAS  C:\msys64\tmp\ccGZRdeV.s 			page 22


 1190 0689 03       		.byte	0x3
 1191 068a 00000000 		.4byte	_ZL11s_delay_ram
 1192 068e 33       		.uleb128 0x33
 1193 068f 49010000 		.4byte	.LASF72
 1194 0693 01       		.byte	0x1
 1195 0694 09       		.byte	0x9
 1196 0695 A9000000 		.4byte	0xa9
 1197 0699 05       		.uleb128 0x5
 1198 069a 03       		.byte	0x3
 1199 069b 00000000 		.4byte	s_len
 1200 069f 32       		.uleb128 0x32
 1201 06a0 43010000 		.4byte	.LASF73
 1202 06a4 01       		.byte	0x1
 1203 06a5 0B       		.byte	0xb
 1204 06a6 25000000 		.4byte	0x25
 1205 06aa 05       		.uleb128 0x5
 1206 06ab 03       		.byte	0x3
 1207 06ac 1C000000 		.4byte	_ZL5s_mix
 1208 06b0 32       		.uleb128 0x32
 1209 06b1 DF040000 		.4byte	.LASF74
 1210 06b5 01       		.byte	0x1
 1211 06b6 0C       		.byte	0xc
 1212 06b7 25000000 		.4byte	0x25
 1213 06bb 05       		.uleb128 0x5
 1214 06bc 03       		.byte	0x3
 1215 06bd 20000000 		.4byte	_ZL4gain
 1216 06c1 28       		.uleb128 0x28
 1217 06c2 00000000 		.4byte	.LASF75
 1218 06c6 01       		.byte	0x1
 1219 06c7 0D       		.byte	0xd
 1220 06c8 2C000000 		.4byte	0x2c
 1221 06cc 34       		.uleb128 0x34
 1222 06cd 62706D00 		.ascii	"bpm\000"
 1223 06d1 01       		.byte	0x1
 1224 06d2 0F       		.byte	0xf
 1225 06d3 25000000 		.4byte	0x25
 1226 06d7 05       		.uleb128 0x5
 1227 06d8 03       		.byte	0x3
 1228 06d9 00000000 		.4byte	bpm
 1229 06dd 35       		.uleb128 0x35
 1230 06de 85050000 		.4byte	.LASF76
 1231 06e2 85050000 		.4byte	.LASF76
 1232 06e6 08       		.byte	0x8
 1233 06e7 68       		.byte	0x68
 1234 06e8 35       		.uleb128 0x35
 1235 06e9 15050000 		.4byte	.LASF77
 1236 06ed 15050000 		.4byte	.LASF77
 1237 06f1 08       		.byte	0x8
 1238 06f2 5D       		.byte	0x5d
 1239 06f3 00       		.byte	0
 1240              		.section	.debug_abbrev,"",%progbits
 1241              	.Ldebug_abbrev0:
 1242 0000 01       		.uleb128 0x1
 1243 0001 11       		.uleb128 0x11
 1244 0002 01       		.byte	0x1
 1245 0003 25       		.uleb128 0x25
 1246 0004 0E       		.uleb128 0xe
ARM GAS  C:\msys64\tmp\ccGZRdeV.s 			page 23


 1247 0005 13       		.uleb128 0x13
 1248 0006 0B       		.uleb128 0xb
 1249 0007 03       		.uleb128 0x3
 1250 0008 0E       		.uleb128 0xe
 1251 0009 1B       		.uleb128 0x1b
 1252 000a 0E       		.uleb128 0xe
 1253 000b 55       		.uleb128 0x55
 1254 000c 17       		.uleb128 0x17
 1255 000d 11       		.uleb128 0x11
 1256 000e 01       		.uleb128 0x1
 1257 000f 10       		.uleb128 0x10
 1258 0010 17       		.uleb128 0x17
 1259 0011 00       		.byte	0
 1260 0012 00       		.byte	0
 1261 0013 02       		.uleb128 0x2
 1262 0014 24       		.uleb128 0x24
 1263 0015 00       		.byte	0
 1264 0016 0B       		.uleb128 0xb
 1265 0017 0B       		.uleb128 0xb
 1266 0018 3E       		.uleb128 0x3e
 1267 0019 0B       		.uleb128 0xb
 1268 001a 03       		.uleb128 0x3
 1269 001b 0E       		.uleb128 0xe
 1270 001c 00       		.byte	0
 1271 001d 00       		.byte	0
 1272 001e 03       		.uleb128 0x3
 1273 001f 24       		.uleb128 0x24
 1274 0020 00       		.byte	0
 1275 0021 0B       		.uleb128 0xb
 1276 0022 0B       		.uleb128 0xb
 1277 0023 3E       		.uleb128 0x3e
 1278 0024 0B       		.uleb128 0xb
 1279 0025 03       		.uleb128 0x3
 1280 0026 08       		.uleb128 0x8
 1281 0027 00       		.byte	0
 1282 0028 00       		.byte	0
 1283 0029 04       		.uleb128 0x4
 1284 002a 16       		.uleb128 0x16
 1285 002b 00       		.byte	0
 1286 002c 03       		.uleb128 0x3
 1287 002d 0E       		.uleb128 0xe
 1288 002e 3A       		.uleb128 0x3a
 1289 002f 0B       		.uleb128 0xb
 1290 0030 3B       		.uleb128 0x3b
 1291 0031 0B       		.uleb128 0xb
 1292 0032 49       		.uleb128 0x49
 1293 0033 13       		.uleb128 0x13
 1294 0034 00       		.byte	0
 1295 0035 00       		.byte	0
 1296 0036 05       		.uleb128 0x5
 1297 0037 3B       		.uleb128 0x3b
 1298 0038 00       		.byte	0
 1299 0039 03       		.uleb128 0x3
 1300 003a 0E       		.uleb128 0xe
 1301 003b 00       		.byte	0
 1302 003c 00       		.byte	0
 1303 003d 06       		.uleb128 0x6
ARM GAS  C:\msys64\tmp\ccGZRdeV.s 			page 24


 1304 003e 04       		.uleb128 0x4
 1305 003f 01       		.byte	0x1
 1306 0040 0B       		.uleb128 0xb
 1307 0041 0B       		.uleb128 0xb
 1308 0042 49       		.uleb128 0x49
 1309 0043 13       		.uleb128 0x13
 1310 0044 3A       		.uleb128 0x3a
 1311 0045 0B       		.uleb128 0xb
 1312 0046 3B       		.uleb128 0x3b
 1313 0047 0B       		.uleb128 0xb
 1314 0048 01       		.uleb128 0x1
 1315 0049 13       		.uleb128 0x13
 1316 004a 00       		.byte	0
 1317 004b 00       		.byte	0
 1318 004c 07       		.uleb128 0x7
 1319 004d 28       		.uleb128 0x28
 1320 004e 00       		.byte	0
 1321 004f 03       		.uleb128 0x3
 1322 0050 0E       		.uleb128 0xe
 1323 0051 1C       		.uleb128 0x1c
 1324 0052 0B       		.uleb128 0xb
 1325 0053 00       		.byte	0
 1326 0054 00       		.byte	0
 1327 0055 08       		.uleb128 0x8
 1328 0056 0F       		.uleb128 0xf
 1329 0057 00       		.byte	0
 1330 0058 0B       		.uleb128 0xb
 1331 0059 0B       		.uleb128 0xb
 1332 005a 49       		.uleb128 0x49
 1333 005b 13       		.uleb128 0x13
 1334 005c 00       		.byte	0
 1335 005d 00       		.byte	0
 1336 005e 09       		.uleb128 0x9
 1337 005f 39       		.uleb128 0x39
 1338 0060 01       		.byte	0x1
 1339 0061 03       		.uleb128 0x3
 1340 0062 08       		.uleb128 0x8
 1341 0063 3A       		.uleb128 0x3a
 1342 0064 0B       		.uleb128 0xb
 1343 0065 3B       		.uleb128 0x3b
 1344 0066 0B       		.uleb128 0xb
 1345 0067 01       		.uleb128 0x1
 1346 0068 13       		.uleb128 0x13
 1347 0069 00       		.byte	0
 1348 006a 00       		.byte	0
 1349 006b 0A       		.uleb128 0xa
 1350 006c 13       		.uleb128 0x13
 1351 006d 01       		.byte	0x1
 1352 006e 03       		.uleb128 0x3
 1353 006f 0E       		.uleb128 0xe
 1354 0070 0B       		.uleb128 0xb
 1355 0071 0B       		.uleb128 0xb
 1356 0072 3A       		.uleb128 0x3a
 1357 0073 0B       		.uleb128 0xb
 1358 0074 3B       		.uleb128 0x3b
 1359 0075 0B       		.uleb128 0xb
 1360 0076 00       		.byte	0
ARM GAS  C:\msys64\tmp\ccGZRdeV.s 			page 25


 1361 0077 00       		.byte	0
 1362 0078 0B       		.uleb128 0xb
 1363 0079 0D       		.uleb128 0xd
 1364 007a 00       		.byte	0
 1365 007b 03       		.uleb128 0x3
 1366 007c 0E       		.uleb128 0xe
 1367 007d 3A       		.uleb128 0x3a
 1368 007e 0B       		.uleb128 0xb
 1369 007f 3B       		.uleb128 0x3b
 1370 0080 0B       		.uleb128 0xb
 1371 0081 49       		.uleb128 0x49
 1372 0082 13       		.uleb128 0x13
 1373 0083 38       		.uleb128 0x38
 1374 0084 0B       		.uleb128 0xb
 1375 0085 00       		.byte	0
 1376 0086 00       		.byte	0
 1377 0087 0C       		.uleb128 0xc
 1378 0088 2E       		.uleb128 0x2e
 1379 0089 01       		.byte	0x1
 1380 008a 3F       		.uleb128 0x3f
 1381 008b 19       		.uleb128 0x19
 1382 008c 03       		.uleb128 0x3
 1383 008d 0E       		.uleb128 0xe
 1384 008e 3A       		.uleb128 0x3a
 1385 008f 0B       		.uleb128 0xb
 1386 0090 3B       		.uleb128 0x3b
 1387 0091 0B       		.uleb128 0xb
 1388 0092 6E       		.uleb128 0x6e
 1389 0093 0E       		.uleb128 0xe
 1390 0094 49       		.uleb128 0x49
 1391 0095 13       		.uleb128 0x13
 1392 0096 3C       		.uleb128 0x3c
 1393 0097 19       		.uleb128 0x19
 1394 0098 64       		.uleb128 0x64
 1395 0099 13       		.uleb128 0x13
 1396 009a 01       		.uleb128 0x1
 1397 009b 13       		.uleb128 0x13
 1398 009c 00       		.byte	0
 1399 009d 00       		.byte	0
 1400 009e 0D       		.uleb128 0xd
 1401 009f 05       		.uleb128 0x5
 1402 00a0 00       		.byte	0
 1403 00a1 49       		.uleb128 0x49
 1404 00a2 13       		.uleb128 0x13
 1405 00a3 34       		.uleb128 0x34
 1406 00a4 19       		.uleb128 0x19
 1407 00a5 00       		.byte	0
 1408 00a6 00       		.byte	0
 1409 00a7 0E       		.uleb128 0xe
 1410 00a8 05       		.uleb128 0x5
 1411 00a9 00       		.byte	0
 1412 00aa 49       		.uleb128 0x49
 1413 00ab 13       		.uleb128 0x13
 1414 00ac 00       		.byte	0
 1415 00ad 00       		.byte	0
 1416 00ae 0F       		.uleb128 0xf
 1417 00af 2E       		.uleb128 0x2e
ARM GAS  C:\msys64\tmp\ccGZRdeV.s 			page 26


 1418 00b0 01       		.byte	0x1
 1419 00b1 3F       		.uleb128 0x3f
 1420 00b2 19       		.uleb128 0x19
 1421 00b3 03       		.uleb128 0x3
 1422 00b4 0E       		.uleb128 0xe
 1423 00b5 3A       		.uleb128 0x3a
 1424 00b6 0B       		.uleb128 0xb
 1425 00b7 3B       		.uleb128 0x3b
 1426 00b8 0B       		.uleb128 0xb
 1427 00b9 6E       		.uleb128 0x6e
 1428 00ba 0E       		.uleb128 0xe
 1429 00bb 3C       		.uleb128 0x3c
 1430 00bc 19       		.uleb128 0x19
 1431 00bd 64       		.uleb128 0x64
 1432 00be 13       		.uleb128 0x13
 1433 00bf 01       		.uleb128 0x1
 1434 00c0 13       		.uleb128 0x13
 1435 00c1 00       		.byte	0
 1436 00c2 00       		.byte	0
 1437 00c3 10       		.uleb128 0x10
 1438 00c4 2E       		.uleb128 0x2e
 1439 00c5 01       		.byte	0x1
 1440 00c6 3F       		.uleb128 0x3f
 1441 00c7 19       		.uleb128 0x19
 1442 00c8 03       		.uleb128 0x3
 1443 00c9 0E       		.uleb128 0xe
 1444 00ca 3A       		.uleb128 0x3a
 1445 00cb 0B       		.uleb128 0xb
 1446 00cc 3B       		.uleb128 0x3b
 1447 00cd 0B       		.uleb128 0xb
 1448 00ce 6E       		.uleb128 0x6e
 1449 00cf 0E       		.uleb128 0xe
 1450 00d0 49       		.uleb128 0x49
 1451 00d1 13       		.uleb128 0x13
 1452 00d2 3C       		.uleb128 0x3c
 1453 00d3 19       		.uleb128 0x19
 1454 00d4 64       		.uleb128 0x64
 1455 00d5 13       		.uleb128 0x13
 1456 00d6 00       		.byte	0
 1457 00d7 00       		.byte	0
 1458 00d8 11       		.uleb128 0x11
 1459 00d9 2E       		.uleb128 0x2e
 1460 00da 01       		.byte	0x1
 1461 00db 03       		.uleb128 0x3
 1462 00dc 0E       		.uleb128 0xe
 1463 00dd 3A       		.uleb128 0x3a
 1464 00de 0B       		.uleb128 0xb
 1465 00df 3B       		.uleb128 0x3b
 1466 00e0 0B       		.uleb128 0xb
 1467 00e1 20       		.uleb128 0x20
 1468 00e2 0B       		.uleb128 0xb
 1469 00e3 01       		.uleb128 0x1
 1470 00e4 13       		.uleb128 0x13
 1471 00e5 00       		.byte	0
 1472 00e6 00       		.byte	0
 1473 00e7 12       		.uleb128 0x12
 1474 00e8 05       		.uleb128 0x5
ARM GAS  C:\msys64\tmp\ccGZRdeV.s 			page 27


 1475 00e9 00       		.byte	0
 1476 00ea 03       		.uleb128 0x3
 1477 00eb 08       		.uleb128 0x8
 1478 00ec 3A       		.uleb128 0x3a
 1479 00ed 0B       		.uleb128 0xb
 1480 00ee 3B       		.uleb128 0x3b
 1481 00ef 0B       		.uleb128 0xb
 1482 00f0 49       		.uleb128 0x49
 1483 00f1 13       		.uleb128 0x13
 1484 00f2 00       		.byte	0
 1485 00f3 00       		.byte	0
 1486 00f4 13       		.uleb128 0x13
 1487 00f5 34       		.uleb128 0x34
 1488 00f6 00       		.byte	0
 1489 00f7 03       		.uleb128 0x3
 1490 00f8 08       		.uleb128 0x8
 1491 00f9 3A       		.uleb128 0x3a
 1492 00fa 0B       		.uleb128 0xb
 1493 00fb 3B       		.uleb128 0x3b
 1494 00fc 0B       		.uleb128 0xb
 1495 00fd 49       		.uleb128 0x49
 1496 00fe 13       		.uleb128 0x13
 1497 00ff 00       		.byte	0
 1498 0100 00       		.byte	0
 1499 0101 14       		.uleb128 0x14
 1500 0102 37       		.uleb128 0x37
 1501 0103 00       		.byte	0
 1502 0104 49       		.uleb128 0x49
 1503 0105 13       		.uleb128 0x13
 1504 0106 00       		.byte	0
 1505 0107 00       		.byte	0
 1506 0108 15       		.uleb128 0x15
 1507 0109 26       		.uleb128 0x26
 1508 010a 00       		.byte	0
 1509 010b 49       		.uleb128 0x49
 1510 010c 13       		.uleb128 0x13
 1511 010d 00       		.byte	0
 1512 010e 00       		.byte	0
 1513 010f 16       		.uleb128 0x16
 1514 0110 2E       		.uleb128 0x2e
 1515 0111 01       		.byte	0x1
 1516 0112 03       		.uleb128 0x3
 1517 0113 0E       		.uleb128 0xe
 1518 0114 3A       		.uleb128 0x3a
 1519 0115 0B       		.uleb128 0xb
 1520 0116 3B       		.uleb128 0x3b
 1521 0117 0B       		.uleb128 0xb
 1522 0118 49       		.uleb128 0x49
 1523 0119 13       		.uleb128 0x13
 1524 011a 20       		.uleb128 0x20
 1525 011b 0B       		.uleb128 0xb
 1526 011c 01       		.uleb128 0x1
 1527 011d 13       		.uleb128 0x13
 1528 011e 00       		.byte	0
 1529 011f 00       		.byte	0
 1530 0120 17       		.uleb128 0x17
 1531 0121 2E       		.uleb128 0x2e
ARM GAS  C:\msys64\tmp\ccGZRdeV.s 			page 28


 1532 0122 01       		.byte	0x1
 1533 0123 47       		.uleb128 0x47
 1534 0124 13       		.uleb128 0x13
 1535 0125 20       		.uleb128 0x20
 1536 0126 0B       		.uleb128 0xb
 1537 0127 64       		.uleb128 0x64
 1538 0128 13       		.uleb128 0x13
 1539 0129 01       		.uleb128 0x1
 1540 012a 13       		.uleb128 0x13
 1541 012b 00       		.byte	0
 1542 012c 00       		.byte	0
 1543 012d 18       		.uleb128 0x18
 1544 012e 05       		.uleb128 0x5
 1545 012f 00       		.byte	0
 1546 0130 03       		.uleb128 0x3
 1547 0131 0E       		.uleb128 0xe
 1548 0132 49       		.uleb128 0x49
 1549 0133 13       		.uleb128 0x13
 1550 0134 34       		.uleb128 0x34
 1551 0135 19       		.uleb128 0x19
 1552 0136 00       		.byte	0
 1553 0137 00       		.byte	0
 1554 0138 19       		.uleb128 0x19
 1555 0139 05       		.uleb128 0x5
 1556 013a 00       		.byte	0
 1557 013b 03       		.uleb128 0x3
 1558 013c 0E       		.uleb128 0xe
 1559 013d 3A       		.uleb128 0x3a
 1560 013e 0B       		.uleb128 0xb
 1561 013f 3B       		.uleb128 0x3b
 1562 0140 0B       		.uleb128 0xb
 1563 0141 49       		.uleb128 0x49
 1564 0142 13       		.uleb128 0x13
 1565 0143 00       		.byte	0
 1566 0144 00       		.byte	0
 1567 0145 1A       		.uleb128 0x1a
 1568 0146 2E       		.uleb128 0x2e
 1569 0147 01       		.byte	0x1
 1570 0148 03       		.uleb128 0x3
 1571 0149 0E       		.uleb128 0xe
 1572 014a 34       		.uleb128 0x34
 1573 014b 19       		.uleb128 0x19
 1574 014c 20       		.uleb128 0x20
 1575 014d 0B       		.uleb128 0xb
 1576 014e 01       		.uleb128 0x1
 1577 014f 13       		.uleb128 0x13
 1578 0150 00       		.byte	0
 1579 0151 00       		.byte	0
 1580 0152 1B       		.uleb128 0x1b
 1581 0153 2E       		.uleb128 0x2e
 1582 0154 01       		.byte	0x1
 1583 0155 3F       		.uleb128 0x3f
 1584 0156 19       		.uleb128 0x19
 1585 0157 03       		.uleb128 0x3
 1586 0158 0E       		.uleb128 0xe
 1587 0159 3A       		.uleb128 0x3a
 1588 015a 0B       		.uleb128 0xb
ARM GAS  C:\msys64\tmp\ccGZRdeV.s 			page 29


 1589 015b 3B       		.uleb128 0x3b
 1590 015c 0B       		.uleb128 0xb
 1591 015d 11       		.uleb128 0x11
 1592 015e 01       		.uleb128 0x1
 1593 015f 12       		.uleb128 0x12
 1594 0160 06       		.uleb128 0x6
 1595 0161 40       		.uleb128 0x40
 1596 0162 18       		.uleb128 0x18
 1597 0163 9742     		.uleb128 0x2117
 1598 0165 19       		.uleb128 0x19
 1599 0166 01       		.uleb128 0x1
 1600 0167 13       		.uleb128 0x13
 1601 0168 00       		.byte	0
 1602 0169 00       		.byte	0
 1603 016a 1C       		.uleb128 0x1c
 1604 016b 05       		.uleb128 0x5
 1605 016c 00       		.byte	0
 1606 016d 03       		.uleb128 0x3
 1607 016e 0E       		.uleb128 0xe
 1608 016f 3A       		.uleb128 0x3a
 1609 0170 0B       		.uleb128 0xb
 1610 0171 3B       		.uleb128 0x3b
 1611 0172 0B       		.uleb128 0xb
 1612 0173 49       		.uleb128 0x49
 1613 0174 13       		.uleb128 0x13
 1614 0175 02       		.uleb128 0x2
 1615 0176 17       		.uleb128 0x17
 1616 0177 00       		.byte	0
 1617 0178 00       		.byte	0
 1618 0179 1D       		.uleb128 0x1d
 1619 017a 05       		.uleb128 0x5
 1620 017b 00       		.byte	0
 1621 017c 03       		.uleb128 0x3
 1622 017d 08       		.uleb128 0x8
 1623 017e 3A       		.uleb128 0x3a
 1624 017f 0B       		.uleb128 0xb
 1625 0180 3B       		.uleb128 0x3b
 1626 0181 0B       		.uleb128 0xb
 1627 0182 49       		.uleb128 0x49
 1628 0183 13       		.uleb128 0x13
 1629 0184 02       		.uleb128 0x2
 1630 0185 17       		.uleb128 0x17
 1631 0186 00       		.byte	0
 1632 0187 00       		.byte	0
 1633 0188 1E       		.uleb128 0x1e
 1634 0189 1D       		.uleb128 0x1d
 1635 018a 01       		.byte	0x1
 1636 018b 31       		.uleb128 0x31
 1637 018c 13       		.uleb128 0x13
 1638 018d 52       		.uleb128 0x52
 1639 018e 01       		.uleb128 0x1
 1640 018f 55       		.uleb128 0x55
 1641 0190 17       		.uleb128 0x17
 1642 0191 58       		.uleb128 0x58
 1643 0192 0B       		.uleb128 0xb
 1644 0193 59       		.uleb128 0x59
 1645 0194 0B       		.uleb128 0xb
ARM GAS  C:\msys64\tmp\ccGZRdeV.s 			page 30


 1646 0195 01       		.uleb128 0x1
 1647 0196 13       		.uleb128 0x13
 1648 0197 00       		.byte	0
 1649 0198 00       		.byte	0
 1650 0199 1F       		.uleb128 0x1f
 1651 019a 05       		.uleb128 0x5
 1652 019b 00       		.byte	0
 1653 019c 31       		.uleb128 0x31
 1654 019d 13       		.uleb128 0x13
 1655 019e 02       		.uleb128 0x2
 1656 019f 17       		.uleb128 0x17
 1657 01a0 00       		.byte	0
 1658 01a1 00       		.byte	0
 1659 01a2 20       		.uleb128 0x20
 1660 01a3 1D       		.uleb128 0x1d
 1661 01a4 01       		.byte	0x1
 1662 01a5 31       		.uleb128 0x31
 1663 01a6 13       		.uleb128 0x13
 1664 01a7 11       		.uleb128 0x11
 1665 01a8 01       		.uleb128 0x1
 1666 01a9 12       		.uleb128 0x12
 1667 01aa 06       		.uleb128 0x6
 1668 01ab 58       		.uleb128 0x58
 1669 01ac 0B       		.uleb128 0xb
 1670 01ad 59       		.uleb128 0x59
 1671 01ae 0B       		.uleb128 0xb
 1672 01af 01       		.uleb128 0x1
 1673 01b0 13       		.uleb128 0x13
 1674 01b1 00       		.byte	0
 1675 01b2 00       		.byte	0
 1676 01b3 21       		.uleb128 0x21
 1677 01b4 1D       		.uleb128 0x1d
 1678 01b5 01       		.byte	0x1
 1679 01b6 31       		.uleb128 0x31
 1680 01b7 13       		.uleb128 0x13
 1681 01b8 11       		.uleb128 0x11
 1682 01b9 01       		.uleb128 0x1
 1683 01ba 12       		.uleb128 0x12
 1684 01bb 06       		.uleb128 0x6
 1685 01bc 58       		.uleb128 0x58
 1686 01bd 0B       		.uleb128 0xb
 1687 01be 59       		.uleb128 0x59
 1688 01bf 0B       		.uleb128 0xb
 1689 01c0 00       		.byte	0
 1690 01c1 00       		.byte	0
 1691 01c2 22       		.uleb128 0x22
 1692 01c3 0B       		.uleb128 0xb
 1693 01c4 01       		.byte	0x1
 1694 01c5 11       		.uleb128 0x11
 1695 01c6 01       		.uleb128 0x1
 1696 01c7 12       		.uleb128 0x12
 1697 01c8 06       		.uleb128 0x6
 1698 01c9 00       		.byte	0
 1699 01ca 00       		.byte	0
 1700 01cb 23       		.uleb128 0x23
 1701 01cc 34       		.uleb128 0x34
 1702 01cd 00       		.byte	0
ARM GAS  C:\msys64\tmp\ccGZRdeV.s 			page 31


 1703 01ce 31       		.uleb128 0x31
 1704 01cf 13       		.uleb128 0x13
 1705 01d0 02       		.uleb128 0x2
 1706 01d1 17       		.uleb128 0x17
 1707 01d2 00       		.byte	0
 1708 01d3 00       		.byte	0
 1709 01d4 24       		.uleb128 0x24
 1710 01d5 898201   		.uleb128 0x4109
 1711 01d8 00       		.byte	0
 1712 01d9 11       		.uleb128 0x11
 1713 01da 01       		.uleb128 0x1
 1714 01db 31       		.uleb128 0x31
 1715 01dc 13       		.uleb128 0x13
 1716 01dd 00       		.byte	0
 1717 01de 00       		.byte	0
 1718 01df 25       		.uleb128 0x25
 1719 01e0 34       		.uleb128 0x34
 1720 01e1 00       		.byte	0
 1721 01e2 03       		.uleb128 0x3
 1722 01e3 08       		.uleb128 0x8
 1723 01e4 3A       		.uleb128 0x3a
 1724 01e5 0B       		.uleb128 0xb
 1725 01e6 3B       		.uleb128 0x3b
 1726 01e7 0B       		.uleb128 0xb
 1727 01e8 49       		.uleb128 0x49
 1728 01e9 13       		.uleb128 0x13
 1729 01ea 02       		.uleb128 0x2
 1730 01eb 18       		.uleb128 0x18
 1731 01ec 00       		.byte	0
 1732 01ed 00       		.byte	0
 1733 01ee 26       		.uleb128 0x26
 1734 01ef 0B       		.uleb128 0xb
 1735 01f0 01       		.byte	0x1
 1736 01f1 55       		.uleb128 0x55
 1737 01f2 17       		.uleb128 0x17
 1738 01f3 00       		.byte	0
 1739 01f4 00       		.byte	0
 1740 01f5 27       		.uleb128 0x27
 1741 01f6 34       		.uleb128 0x34
 1742 01f7 00       		.byte	0
 1743 01f8 03       		.uleb128 0x3
 1744 01f9 08       		.uleb128 0x8
 1745 01fa 3A       		.uleb128 0x3a
 1746 01fb 0B       		.uleb128 0xb
 1747 01fc 3B       		.uleb128 0x3b
 1748 01fd 0B       		.uleb128 0xb
 1749 01fe 49       		.uleb128 0x49
 1750 01ff 13       		.uleb128 0x13
 1751 0200 02       		.uleb128 0x2
 1752 0201 17       		.uleb128 0x17
 1753 0202 00       		.byte	0
 1754 0203 00       		.byte	0
 1755 0204 28       		.uleb128 0x28
 1756 0205 34       		.uleb128 0x34
 1757 0206 00       		.byte	0
 1758 0207 03       		.uleb128 0x3
 1759 0208 0E       		.uleb128 0xe
ARM GAS  C:\msys64\tmp\ccGZRdeV.s 			page 32


 1760 0209 3A       		.uleb128 0x3a
 1761 020a 0B       		.uleb128 0xb
 1762 020b 3B       		.uleb128 0x3b
 1763 020c 0B       		.uleb128 0xb
 1764 020d 49       		.uleb128 0x49
 1765 020e 13       		.uleb128 0x13
 1766 020f 00       		.byte	0
 1767 0210 00       		.byte	0
 1768 0211 29       		.uleb128 0x29
 1769 0212 05       		.uleb128 0x5
 1770 0213 00       		.byte	0
 1771 0214 31       		.uleb128 0x31
 1772 0215 13       		.uleb128 0x13
 1773 0216 00       		.byte	0
 1774 0217 00       		.byte	0
 1775 0218 2A       		.uleb128 0x2a
 1776 0219 1D       		.uleb128 0x1d
 1777 021a 01       		.byte	0x1
 1778 021b 31       		.uleb128 0x31
 1779 021c 13       		.uleb128 0x13
 1780 021d 52       		.uleb128 0x52
 1781 021e 01       		.uleb128 0x1
 1782 021f 55       		.uleb128 0x55
 1783 0220 17       		.uleb128 0x17
 1784 0221 58       		.uleb128 0x58
 1785 0222 0B       		.uleb128 0xb
 1786 0223 59       		.uleb128 0x59
 1787 0224 0B       		.uleb128 0xb
 1788 0225 00       		.byte	0
 1789 0226 00       		.byte	0
 1790 0227 2B       		.uleb128 0x2b
 1791 0228 34       		.uleb128 0x34
 1792 0229 00       		.byte	0
 1793 022a 03       		.uleb128 0x3
 1794 022b 0E       		.uleb128 0xe
 1795 022c 3A       		.uleb128 0x3a
 1796 022d 0B       		.uleb128 0xb
 1797 022e 3B       		.uleb128 0x3b
 1798 022f 0B       		.uleb128 0xb
 1799 0230 49       		.uleb128 0x49
 1800 0231 13       		.uleb128 0x13
 1801 0232 02       		.uleb128 0x2
 1802 0233 17       		.uleb128 0x17
 1803 0234 00       		.byte	0
 1804 0235 00       		.byte	0
 1805 0236 2C       		.uleb128 0x2c
 1806 0237 2E       		.uleb128 0x2e
 1807 0238 01       		.byte	0x1
 1808 0239 03       		.uleb128 0x3
 1809 023a 0E       		.uleb128 0xe
 1810 023b 34       		.uleb128 0x34
 1811 023c 19       		.uleb128 0x19
 1812 023d 11       		.uleb128 0x11
 1813 023e 01       		.uleb128 0x1
 1814 023f 12       		.uleb128 0x12
 1815 0240 06       		.uleb128 0x6
 1816 0241 40       		.uleb128 0x40
ARM GAS  C:\msys64\tmp\ccGZRdeV.s 			page 33


 1817 0242 18       		.uleb128 0x18
 1818 0243 9742     		.uleb128 0x2117
 1819 0245 19       		.uleb128 0x19
 1820 0246 01       		.uleb128 0x1
 1821 0247 13       		.uleb128 0x13
 1822 0248 00       		.byte	0
 1823 0249 00       		.byte	0
 1824 024a 2D       		.uleb128 0x2d
 1825 024b 34       		.uleb128 0x34
 1826 024c 00       		.byte	0
 1827 024d 03       		.uleb128 0x3
 1828 024e 0E       		.uleb128 0xe
 1829 024f 3A       		.uleb128 0x3a
 1830 0250 0B       		.uleb128 0xb
 1831 0251 3B       		.uleb128 0x3b
 1832 0252 0B       		.uleb128 0xb
 1833 0253 49       		.uleb128 0x49
 1834 0254 13       		.uleb128 0x13
 1835 0255 3F       		.uleb128 0x3f
 1836 0256 19       		.uleb128 0x19
 1837 0257 3C       		.uleb128 0x3c
 1838 0258 19       		.uleb128 0x19
 1839 0259 00       		.byte	0
 1840 025a 00       		.byte	0
 1841 025b 2E       		.uleb128 0x2e
 1842 025c 01       		.uleb128 0x1
 1843 025d 01       		.byte	0x1
 1844 025e 49       		.uleb128 0x49
 1845 025f 13       		.uleb128 0x13
 1846 0260 01       		.uleb128 0x1
 1847 0261 13       		.uleb128 0x13
 1848 0262 00       		.byte	0
 1849 0263 00       		.byte	0
 1850 0264 2F       		.uleb128 0x2f
 1851 0265 21       		.uleb128 0x21
 1852 0266 00       		.byte	0
 1853 0267 49       		.uleb128 0x49
 1854 0268 13       		.uleb128 0x13
 1855 0269 2F       		.uleb128 0x2f
 1856 026a 0B       		.uleb128 0xb
 1857 026b 00       		.byte	0
 1858 026c 00       		.byte	0
 1859 026d 30       		.uleb128 0x30
 1860 026e 21       		.uleb128 0x21
 1861 026f 00       		.byte	0
 1862 0270 49       		.uleb128 0x49
 1863 0271 13       		.uleb128 0x13
 1864 0272 2F       		.uleb128 0x2f
 1865 0273 05       		.uleb128 0x5
 1866 0274 00       		.byte	0
 1867 0275 00       		.byte	0
 1868 0276 31       		.uleb128 0x31
 1869 0277 34       		.uleb128 0x34
 1870 0278 00       		.byte	0
 1871 0279 03       		.uleb128 0x3
 1872 027a 0E       		.uleb128 0xe
 1873 027b 3A       		.uleb128 0x3a
ARM GAS  C:\msys64\tmp\ccGZRdeV.s 			page 34


 1874 027c 0B       		.uleb128 0xb
 1875 027d 3B       		.uleb128 0x3b
 1876 027e 05       		.uleb128 0x5
 1877 027f 49       		.uleb128 0x49
 1878 0280 13       		.uleb128 0x13
 1879 0281 3F       		.uleb128 0x3f
 1880 0282 19       		.uleb128 0x19
 1881 0283 3C       		.uleb128 0x3c
 1882 0284 19       		.uleb128 0x19
 1883 0285 00       		.byte	0
 1884 0286 00       		.byte	0
 1885 0287 32       		.uleb128 0x32
 1886 0288 34       		.uleb128 0x34
 1887 0289 00       		.byte	0
 1888 028a 03       		.uleb128 0x3
 1889 028b 0E       		.uleb128 0xe
 1890 028c 3A       		.uleb128 0x3a
 1891 028d 0B       		.uleb128 0xb
 1892 028e 3B       		.uleb128 0x3b
 1893 028f 0B       		.uleb128 0xb
 1894 0290 49       		.uleb128 0x49
 1895 0291 13       		.uleb128 0x13
 1896 0292 02       		.uleb128 0x2
 1897 0293 18       		.uleb128 0x18
 1898 0294 00       		.byte	0
 1899 0295 00       		.byte	0
 1900 0296 33       		.uleb128 0x33
 1901 0297 34       		.uleb128 0x34
 1902 0298 00       		.byte	0
 1903 0299 03       		.uleb128 0x3
 1904 029a 0E       		.uleb128 0xe
 1905 029b 3A       		.uleb128 0x3a
 1906 029c 0B       		.uleb128 0xb
 1907 029d 3B       		.uleb128 0x3b
 1908 029e 0B       		.uleb128 0xb
 1909 029f 49       		.uleb128 0x49
 1910 02a0 13       		.uleb128 0x13
 1911 02a1 3F       		.uleb128 0x3f
 1912 02a2 19       		.uleb128 0x19
 1913 02a3 02       		.uleb128 0x2
 1914 02a4 18       		.uleb128 0x18
 1915 02a5 00       		.byte	0
 1916 02a6 00       		.byte	0
 1917 02a7 34       		.uleb128 0x34
 1918 02a8 34       		.uleb128 0x34
 1919 02a9 00       		.byte	0
 1920 02aa 03       		.uleb128 0x3
 1921 02ab 08       		.uleb128 0x8
 1922 02ac 3A       		.uleb128 0x3a
 1923 02ad 0B       		.uleb128 0xb
 1924 02ae 3B       		.uleb128 0x3b
 1925 02af 0B       		.uleb128 0xb
 1926 02b0 49       		.uleb128 0x49
 1927 02b1 13       		.uleb128 0x13
 1928 02b2 3F       		.uleb128 0x3f
 1929 02b3 19       		.uleb128 0x19
 1930 02b4 02       		.uleb128 0x2
ARM GAS  C:\msys64\tmp\ccGZRdeV.s 			page 35


 1931 02b5 18       		.uleb128 0x18
 1932 02b6 00       		.byte	0
 1933 02b7 00       		.byte	0
 1934 02b8 35       		.uleb128 0x35
 1935 02b9 2E       		.uleb128 0x2e
 1936 02ba 00       		.byte	0
 1937 02bb 3F       		.uleb128 0x3f
 1938 02bc 19       		.uleb128 0x19
 1939 02bd 3C       		.uleb128 0x3c
 1940 02be 19       		.uleb128 0x19
 1941 02bf 6E       		.uleb128 0x6e
 1942 02c0 0E       		.uleb128 0xe
 1943 02c1 03       		.uleb128 0x3
 1944 02c2 0E       		.uleb128 0xe
 1945 02c3 3A       		.uleb128 0x3a
 1946 02c4 0B       		.uleb128 0xb
 1947 02c5 3B       		.uleb128 0x3b
 1948 02c6 0B       		.uleb128 0xb
 1949 02c7 00       		.byte	0
 1950 02c8 00       		.byte	0
 1951 02c9 00       		.byte	0
 1952              		.section	.debug_loc,"",%progbits
 1953              	.Ldebug_loc0:
 1954              	.LLST0:
 1955 0000 00000000 		.4byte	.LVL0
 1956 0004 3B000000 		.4byte	.LVL9-1
 1957 0008 0100     		.2byte	0x1
 1958 000a 50       		.byte	0x50
 1959 000b 3B000000 		.4byte	.LVL9-1
 1960 000f 7C000000 		.4byte	.LFE264
 1961 0013 0400     		.2byte	0x4
 1962 0015 F3       		.byte	0xf3
 1963 0016 01       		.uleb128 0x1
 1964 0017 50       		.byte	0x50
 1965 0018 9F       		.byte	0x9f
 1966 0019 00000000 		.4byte	0
 1967 001d 00000000 		.4byte	0
 1968              	.LLST1:
 1969 0021 00000000 		.4byte	.LVL0
 1970 0025 08000000 		.4byte	.LVL1
 1971 0029 0100     		.2byte	0x1
 1972 002b 51       		.byte	0x51
 1973 002c 08000000 		.4byte	.LVL1
 1974 0030 7C000000 		.4byte	.LFE264
 1975 0034 0400     		.2byte	0x4
 1976 0036 F3       		.byte	0xf3
 1977 0037 01       		.uleb128 0x1
 1978 0038 51       		.byte	0x51
 1979 0039 9F       		.byte	0x9f
 1980 003a 00000000 		.4byte	0
 1981 003e 00000000 		.4byte	0
 1982              	.LLST2:
 1983 0042 00000000 		.4byte	.LVL0
 1984 0046 1A000000 		.4byte	.LVL2
 1985 004a 0400     		.2byte	0x4
 1986 004c 0A       		.byte	0xa
 1987 004d 80BB     		.2byte	0xbb80
ARM GAS  C:\msys64\tmp\ccGZRdeV.s 			page 36


 1988 004f 9F       		.byte	0x9f
 1989 0050 00000000 		.4byte	0
 1990 0054 00000000 		.4byte	0
 1991              	.LLST3:
 1992 0058 00000000 		.4byte	.LVL0
 1993 005c 1A000000 		.4byte	.LVL2
 1994 0060 0600     		.2byte	0x6
 1995 0062 03       		.byte	0x3
 1996 0063 00000000 		.4byte	_ZL11s_delay_ram
 1997 0067 9F       		.byte	0x9f
 1998 0068 00000000 		.4byte	0
 1999 006c 00000000 		.4byte	0
 2000              	.LLST4:
 2001 0070 00000000 		.4byte	.LVL0
 2002 0074 1A000000 		.4byte	.LVL2
 2003 0078 0600     		.2byte	0x6
 2004 007a 03       		.byte	0x3
 2005 007b 00000000 		.4byte	_ZL7s_delay
 2006 007f 9F       		.byte	0x9f
 2007 0080 00000000 		.4byte	0
 2008 0084 00000000 		.4byte	0
 2009              	.LLST5:
 2010 0088 1A000000 		.4byte	.LVL2
 2011 008c 38000000 		.4byte	.LVL8
 2012 0090 0600     		.2byte	0x6
 2013 0092 03       		.byte	0x3
 2014 0093 00000000 		.4byte	_ZL7s_delay
 2015 0097 9F       		.byte	0x9f
 2016 0098 00000000 		.4byte	0
 2017 009c 00000000 		.4byte	0
 2018              	.LLST6:
 2019 00a0 1A000000 		.4byte	.LVL2
 2020 00a4 38000000 		.4byte	.LVL8
 2021 00a8 0400     		.2byte	0x4
 2022 00aa 40       		.byte	0x40
 2023 00ab 3C       		.byte	0x3c
 2024 00ac 24       		.byte	0x24
 2025 00ad 9F       		.byte	0x9f
 2026 00ae 00000000 		.4byte	0
 2027 00b2 00000000 		.4byte	0
 2028              	.LLST7:
 2029 00b6 1A000000 		.4byte	.LVL2
 2030 00ba 22000000 		.4byte	.LVL3
 2031 00be 0600     		.2byte	0x6
 2032 00c0 03       		.byte	0x3
 2033 00c1 00000000 		.4byte	_ZL11s_delay_ram
 2034 00c5 9F       		.byte	0x9f
 2035 00c6 22000000 		.4byte	.LVL3
 2036 00ca 26000000 		.4byte	.LVL4
 2037 00ce 0300     		.2byte	0x3
 2038 00d0 73       		.byte	0x73
 2039 00d1 74       		.sleb128 -12
 2040 00d2 9F       		.byte	0x9f
 2041 00d3 26000000 		.4byte	.LVL4
 2042 00d7 2A000000 		.4byte	.LVL5
 2043 00db 0300     		.2byte	0x3
 2044 00dd 73       		.byte	0x73
ARM GAS  C:\msys64\tmp\ccGZRdeV.s 			page 37


 2045 00de 78       		.sleb128 -8
 2046 00df 9F       		.byte	0x9f
 2047 00e0 2A000000 		.4byte	.LVL5
 2048 00e4 2E000000 		.4byte	.LVL6
 2049 00e8 0300     		.2byte	0x3
 2050 00ea 73       		.byte	0x73
 2051 00eb 7C       		.sleb128 -4
 2052 00ec 9F       		.byte	0x9f
 2053 00ed 2E000000 		.4byte	.LVL6
 2054 00f1 34000000 		.4byte	.LVL7
 2055 00f5 0100     		.2byte	0x1
 2056 00f7 53       		.byte	0x53
 2057 00f8 34000000 		.4byte	.LVL7
 2058 00fc 38000000 		.4byte	.LVL8
 2059 0100 0300     		.2byte	0x3
 2060 0102 73       		.byte	0x73
 2061 0103 70       		.sleb128 -16
 2062 0104 9F       		.byte	0x9f
 2063 0105 00000000 		.4byte	0
 2064 0109 00000000 		.4byte	0
 2065              	.LLST8:
 2066 010d 1A000000 		.4byte	.LVL2
 2067 0111 38000000 		.4byte	.LVL8
 2068 0115 0600     		.2byte	0x6
 2069 0117 03       		.byte	0x3
 2070 0118 00000400 		.4byte	_ZL11s_delay_ram+262144
 2071 011c 9F       		.byte	0x9f
 2072 011d 00000000 		.4byte	0
 2073 0121 00000000 		.4byte	0
 2074              	.LLST9:
 2075 0125 7C000000 		.4byte	.LVL10
 2076 0129 A2000000 		.4byte	.LVL13
 2077 012d 0100     		.2byte	0x1
 2078 012f 50       		.byte	0x50
 2079 0130 A2000000 		.4byte	.LVL13
 2080 0134 EC000000 		.4byte	.LFE265
 2081 0138 0400     		.2byte	0x4
 2082 013a F3       		.byte	0xf3
 2083 013b 01       		.uleb128 0x1
 2084 013c 50       		.byte	0x50
 2085 013d 9F       		.byte	0x9f
 2086 013e 00000000 		.4byte	0
 2087 0142 00000000 		.4byte	0
 2088              	.LLST10:
 2089 0146 7C000000 		.4byte	.LVL10
 2090 014a 94000000 		.4byte	.LVL11
 2091 014e 0100     		.2byte	0x1
 2092 0150 51       		.byte	0x51
 2093 0151 94000000 		.4byte	.LVL11
 2094 0155 EC000000 		.4byte	.LFE265
 2095 0159 0400     		.2byte	0x4
 2096 015b F3       		.byte	0xf3
 2097 015c 01       		.uleb128 0x1
 2098 015d 51       		.byte	0x51
 2099 015e 9F       		.byte	0x9f
 2100 015f 00000000 		.4byte	0
 2101 0163 00000000 		.4byte	0
ARM GAS  C:\msys64\tmp\ccGZRdeV.s 			page 38


 2102              	.LLST11:
 2103 0167 9C000000 		.4byte	.LVL12
 2104 016b A2000000 		.4byte	.LVL13
 2105 016f 0200     		.2byte	0x2
 2106 0171 30       		.byte	0x30
 2107 0172 9F       		.byte	0x9f
 2108 0173 A8000000 		.4byte	.LVL14
 2109 0177 D4000000 		.4byte	.LVL16
 2110 017b 0100     		.2byte	0x1
 2111 017d 54       		.byte	0x54
 2112 017e D4000000 		.4byte	.LVL16
 2113 0182 E0000000 		.4byte	.LVL18
 2114 0186 0300     		.2byte	0x3
 2115 0188 74       		.byte	0x74
 2116 0189 7F       		.sleb128 -1
 2117 018a 9F       		.byte	0x9f
 2118 018b E0000000 		.4byte	.LVL18
 2119 018f E6000000 		.4byte	.LVL19
 2120 0193 0100     		.2byte	0x1
 2121 0195 54       		.byte	0x54
 2122 0196 00000000 		.4byte	0
 2123 019a 00000000 		.4byte	0
 2124              	.LLST12:
 2125 019e DC000000 		.4byte	.LVL17
 2126 01a2 E0000000 		.4byte	.LVL18
 2127 01a6 0600     		.2byte	0x6
 2128 01a8 03       		.byte	0x3
 2129 01a9 00000000 		.4byte	_ZL7s_delay
 2130 01ad 9F       		.byte	0x9f
 2131 01ae 00000000 		.4byte	0
 2132 01b2 00000000 		.4byte	0
 2133              	.LLST13:
 2134 01b6 EC000000 		.4byte	.LVL20
 2135 01ba 25010000 		.4byte	.LVL22-1
 2136 01be 0100     		.2byte	0x1
 2137 01c0 50       		.byte	0x50
 2138 01c1 25010000 		.4byte	.LVL22-1
 2139 01c5 D0010000 		.4byte	.LFE266
 2140 01c9 0400     		.2byte	0x4
 2141 01cb F3       		.byte	0xf3
 2142 01cc 01       		.uleb128 0x1
 2143 01cd 50       		.byte	0x50
 2144 01ce 9F       		.byte	0x9f
 2145 01cf 00000000 		.4byte	0
 2146 01d3 00000000 		.4byte	0
 2147              	.LLST14:
 2148 01d7 EC000000 		.4byte	.LVL20
 2149 01db 25010000 		.4byte	.LVL22-1
 2150 01df 0100     		.2byte	0x1
 2151 01e1 51       		.byte	0x51
 2152 01e2 25010000 		.4byte	.LVL22-1
 2153 01e6 D0010000 		.4byte	.LFE266
 2154 01ea 0400     		.2byte	0x4
 2155 01ec F3       		.byte	0xf3
 2156 01ed 01       		.uleb128 0x1
 2157 01ee 51       		.byte	0x51
 2158 01ef 9F       		.byte	0x9f
ARM GAS  C:\msys64\tmp\ccGZRdeV.s 			page 39


 2159 01f0 00000000 		.4byte	0
 2160 01f4 00000000 		.4byte	0
 2161              	.LLST15:
 2162 01f8 FC000000 		.4byte	.LVL21
 2163 01fc BA010000 		.4byte	.LVL23
 2164 0200 0200     		.2byte	0x2
 2165 0202 90       		.byte	0x90
 2166 0203 50       		.uleb128 0x50
 2167 0204 BA010000 		.4byte	.LVL23
 2168 0208 D0010000 		.4byte	.LFE266
 2169 020c 1000     		.2byte	0x10
 2170 020e F3       		.byte	0xf3
 2171 020f 01       		.uleb128 0x1
 2172 0210 51       		.byte	0x51
 2173 0211 F7       		.byte	0xf7
 2174 0212 2C       		.uleb128 0x2c
 2175 0213 F7       		.byte	0xf7
 2176 0214 25       		.uleb128 0x25
 2177 0215 F4       		.byte	0xf4
 2178 0216 25       		.uleb128 0x25
 2179 0217 04       		.byte	0x4
 2180 0218 00000030 		.4byte	0x30000000
 2181 021c 1E       		.byte	0x1e
 2182 021d 9F       		.byte	0x9f
 2183 021e 00000000 		.4byte	0
 2184 0222 00000000 		.4byte	0
 2185              	.LLST16:
 2186 0226 00000000 		.4byte	.LVL24
 2187 022a 10000000 		.4byte	.LVL25
 2188 022e 0400     		.2byte	0x4
 2189 0230 0A       		.byte	0xa
 2190 0231 FFFF     		.2byte	0xffff
 2191 0233 9F       		.byte	0x9f
 2192 0234 00000000 		.4byte	0
 2193 0238 00000000 		.4byte	0
 2194              	.LLST17:
 2195 023c 00000000 		.4byte	.LVL24
 2196 0240 10000000 		.4byte	.LVL25
 2197 0244 0200     		.2byte	0x2
 2198 0246 31       		.byte	0x31
 2199 0247 9F       		.byte	0x9f
 2200 0248 00000000 		.4byte	0
 2201 024c 00000000 		.4byte	0
 2202              	.LLST18:
 2203 0250 00000000 		.4byte	.LVL24
 2204 0254 10000000 		.4byte	.LVL25
 2205 0258 0600     		.2byte	0x6
 2206 025a 03       		.byte	0x3
 2207 025b 00000000 		.4byte	_ZL7s_delay
 2208 025f 9F       		.byte	0x9f
 2209 0260 00000000 		.4byte	0
 2210 0264 00000000 		.4byte	0
 2211              		.section	.debug_aranges,"",%progbits
 2212 0000 24000000 		.4byte	0x24
 2213 0004 0200     		.2byte	0x2
 2214 0006 00000000 		.4byte	.Ldebug_info0
 2215 000a 04       		.byte	0x4
ARM GAS  C:\msys64\tmp\ccGZRdeV.s 			page 40


 2216 000b 00       		.byte	0
 2217 000c 0000     		.2byte	0
 2218 000e 0000     		.2byte	0
 2219 0010 00000000 		.4byte	.Ltext0
 2220 0014 D0010000 		.4byte	.Letext0-.Ltext0
 2221 0018 00000000 		.4byte	.LFB268
 2222 001c 18000000 		.4byte	.LFE268-.LFB268
 2223 0020 00000000 		.4byte	0
 2224 0024 00000000 		.4byte	0
 2225              		.section	.debug_ranges,"",%progbits
 2226              	.Ldebug_ranges0:
 2227 0000 00000000 		.4byte	.LBB22
 2228 0004 08000000 		.4byte	.LBE22
 2229 0008 0A000000 		.4byte	.LBB25
 2230 000c 20000000 		.4byte	.LBE25
 2231 0010 00000000 		.4byte	0
 2232 0014 00000000 		.4byte	0
 2233 0018 82000000 		.4byte	.LBB29
 2234 001c 88000000 		.4byte	.LBE29
 2235 0020 8E000000 		.4byte	.LBB49
 2236 0024 98000000 		.4byte	.LBE49
 2237 0028 9C000000 		.4byte	.LBB50
 2238 002c EC000000 		.4byte	.LBE50
 2239 0030 00000000 		.4byte	0
 2240 0034 00000000 		.4byte	0
 2241 0038 82000000 		.4byte	.LBB30
 2242 003c 88000000 		.4byte	.LBE30
 2243 0040 94000000 		.4byte	.LBB45
 2244 0044 98000000 		.4byte	.LBE45
 2245 0048 9E000000 		.4byte	.LBB46
 2246 004c A2000000 		.4byte	.LBE46
 2247 0050 AA000000 		.4byte	.LBB47
 2248 0054 D2000000 		.4byte	.LBE47
 2249 0058 D4000000 		.4byte	.LBB48
 2250 005c E0000000 		.4byte	.LBE48
 2251 0060 00000000 		.4byte	0
 2252 0064 00000000 		.4byte	0
 2253 0068 94000000 		.4byte	.LBB31
 2254 006c 98000000 		.4byte	.LBE31
 2255 0070 9E000000 		.4byte	.LBB35
 2256 0074 A2000000 		.4byte	.LBE35
 2257 0078 AA000000 		.4byte	.LBB36
 2258 007c B4000000 		.4byte	.LBE36
 2259 0080 00000000 		.4byte	0
 2260 0084 00000000 		.4byte	0
 2261 0088 C0000000 		.4byte	.LBB37
 2262 008c C2000000 		.4byte	.LBE37
 2263 0090 C6000000 		.4byte	.LBB42
 2264 0094 CA000000 		.4byte	.LBE42
 2265 0098 D4000000 		.4byte	.LBB43
 2266 009c D8000000 		.4byte	.LBE43
 2267 00a0 DC000000 		.4byte	.LBB44
 2268 00a4 E0000000 		.4byte	.LBE44
 2269 00a8 00000000 		.4byte	0
 2270 00ac 00000000 		.4byte	0
 2271 00b0 00000000 		.4byte	.Ltext0
 2272 00b4 D0010000 		.4byte	.Letext0
ARM GAS  C:\msys64\tmp\ccGZRdeV.s 			page 41


 2273 00b8 00000000 		.4byte	.LFB268
 2274 00bc 18000000 		.4byte	.LFE268
 2275 00c0 00000000 		.4byte	0
 2276 00c4 00000000 		.4byte	0
 2277              		.section	.debug_line,"",%progbits
 2278              	.Ldebug_line0:
 2279 0000 36030000 		.section	.debug_str,"MS",%progbits,1
 2279      02003902 
 2279      00000201 
 2279      FB0E0D00 
 2279      01010101 
 2280              	.LASF75:
 2281 0000 775F706F 		.ascii	"w_pos\000"
 2281      7300
 2282              	.LASF39:
 2283 0006 77726974 		.ascii	"write\000"
 2283      6500
 2284              	.LASF54:
 2285 000c 6672616D 		.ascii	"frames\000"
 2285      657300
 2286              	.LASF51:
 2287 0013 5F686F6F 		.ascii	"_hook_init\000"
 2287      6B5F696E 
 2287      697400
 2288              	.LASF81:
 2289 001e 6465636C 		.ascii	"decltype(nullptr)\000"
 2289      74797065 
 2289      286E756C 
 2289      6C707472 
 2289      2900
 2290              	.LASF85:
 2291 0030 5F474C4F 		.ascii	"_GLOBAL__sub_I_s_len\000"
 2291      42414C5F 
 2291      5F737562 
 2291      5F495F73 
 2291      5F6C656E 
 2292              	.LASF29:
 2293 0045 6D53697A 		.ascii	"mSize\000"
 2293      6500
 2294              	.LASF16:
 2295 004b 73697A65 		.ascii	"size_t\000"
 2295      5F7400
 2296              	.LASF18:
 2297 0052 73697A65 		.ascii	"sizetype\000"
 2297      74797065 
 2297      00
 2298              	.LASF66:
 2299 005b 706F7732 		.ascii	"pow2_lut_f\000"
 2299      5F6C7574 
 2299      5F6600
 2300              	.LASF67:
 2301 0066 63756269 		.ascii	"cubicsat_lut_f\000"
 2301      63736174 
 2301      5F6C7574 
 2301      5F6600
 2302              	.LASF8:
 2303 0075 5F5F7569 		.ascii	"__uint32_t\000"
ARM GAS  C:\msys64\tmp\ccGZRdeV.s 			page 42


 2303      6E743332 
 2303      5F7400
 2304              	.LASF69:
 2305 0080 62697472 		.ascii	"bitres_lut_f\000"
 2305      65735F6C 
 2305      75745F66 
 2305      00
 2306              	.LASF3:
 2307 008d 73686F72 		.ascii	"short int\000"
 2307      7420696E 
 2307      7400
 2308              	.LASF21:
 2309 0097 6B5F7573 		.ascii	"k_user_module_global\000"
 2309      65725F6D 
 2309      6F64756C 
 2309      655F676C 
 2309      6F62616C 
 2310              	.LASF26:
 2311 00ac 6B5F6E75 		.ascii	"k_num_user_modules\000"
 2311      6D5F7573 
 2311      65725F6D 
 2311      6F64756C 
 2311      657300
 2312              	.LASF28:
 2313 00bf 6D467261 		.ascii	"mFracZ\000"
 2313      635A00
 2314              	.LASF57:
 2315 00c6 696E6465 		.ascii	"index\000"
 2315      7800
 2316              	.LASF30:
 2317 00cc 6D4D6173 		.ascii	"mMask\000"
 2317      6B00
 2318              	.LASF25:
 2319 00d2 6B5F7573 		.ascii	"k_user_module_osc\000"
 2319      65725F6D 
 2319      6F64756C 
 2319      655F6F73 
 2319      6300
 2320              	.LASF1:
 2321 00e4 7369676E 		.ascii	"signed char\000"
 2321      65642063 
 2321      68617200 
 2322              	.LASF79:
 2323 00f0 2E2F7372 		.ascii	"./src/simpledelay.cpp\000"
 2323      632F7369 
 2323      6D706C65 
 2323      64656C61 
 2323      792E6370 
 2324              	.LASF0:
 2325 0106 666C6F61 		.ascii	"float\000"
 2325      7400
 2326              	.LASF68:
 2327 010c 73636865 		.ascii	"schetzen_lut_f\000"
 2327      747A656E 
 2327      5F6C7574 
 2327      5F6600
 2328              	.LASF41:
ARM GAS  C:\msys64\tmp\ccGZRdeV.s 			page 43


 2329 011b 72656164 		.ascii	"read\000"
 2329      00
 2330              	.LASF56:
 2331 0120 5F686F6F 		.ascii	"_hook_param\000"
 2331      6B5F7061 
 2331      72616D00 
 2332              	.LASF10:
 2333 012c 6C6F6E67 		.ascii	"long long int\000"
 2333      206C6F6E 
 2333      6720696E 
 2333      7400
 2334              	.LASF7:
 2335 013a 6C6F6E67 		.ascii	"long int\000"
 2335      20696E74 
 2335      00
 2336              	.LASF73:
 2337 0143 735F6D69 		.ascii	"s_mix\000"
 2337      7800
 2338              	.LASF72:
 2339 0149 735F6C65 		.ascii	"s_len\000"
 2339      6E00
 2340              	.LASF35:
 2341 014f 636C6561 		.ascii	"clear\000"
 2341      7200
 2342              	.LASF63:
 2343 0155 6C6F675F 		.ascii	"log_lut_f\000"
 2343      6C75745F 
 2343      6600
 2344              	.LASF60:
 2345 015f 6B5F6678 		.ascii	"k_fx_api_platform\000"
 2345      5F617069 
 2345      5F706C61 
 2345      74666F72 
 2345      6D00
 2346              	.LASF80:
 2347 0171 433A5C75 		.ascii	"C:\\users\\bradl\\desktop\\Code Projects\\KorgFX\\K"
 2347      73657273 
 2347      5C627261 
 2347      646C5C64 
 2347      65736B74 
 2348 019e 6F726744 		.ascii	"orgDelayFX\\platform\\minilogue-xd\\delay\000"
 2348      656C6179 
 2348      46585C70 
 2348      6C617466 
 2348      6F726D5C 
 2349              	.LASF49:
 2350 01c5 5F5F696E 		.ascii	"__initialize_p\000"
 2350      69746961 
 2350      6C697A65 
 2350      5F7000
 2351              	.LASF44:
 2352 01d4 5F5A4E33 		.ascii	"_ZN3dsp9DelayLine8readFracEf\000"
 2352      64737039 
 2352      44656C61 
 2352      794C696E 
 2352      65387265 
 2353              	.LASF32:
ARM GAS  C:\msys64\tmp\ccGZRdeV.s 			page 44


 2354 01f1 44656C61 		.ascii	"DelayLine\000"
 2354      794C696E 
 2354      6500
 2355              	.LASF46:
 2356 01fb 5F5A4E33 		.ascii	"_ZN3dsp9DelayLine9readFraczEmf\000"
 2356      64737039 
 2356      44656C61 
 2356      794C696E 
 2356      65397265 
 2357              	.LASF17:
 2358 021a 6C6F6E67 		.ascii	"long double\000"
 2358      20646F75 
 2358      626C6500 
 2359              	.LASF22:
 2360 0226 6B5F7573 		.ascii	"k_user_module_modfx\000"
 2360      65725F6D 
 2360      6F64756C 
 2360      655F6D6F 
 2360      64667800 
 2361              	.LASF38:
 2362 023a 5F5A4E33 		.ascii	"_ZN3dsp9DelayLine9setMemoryEPfj\000"
 2362      64737039 
 2362      44656C61 
 2362      794C696E 
 2362      65397365 
 2363              	.LASF2:
 2364 025a 756E7369 		.ascii	"unsigned char\000"
 2364      676E6564 
 2364      20636861 
 2364      7200
 2365              	.LASF48:
 2366 0268 6C696E65 		.ascii	"line_size\000"
 2366      5F73697A 
 2366      6500
 2367              	.LASF78:
 2368 0272 474E5520 		.ascii	"GNU C++11 5.4.1 20160919 (release) [ARM/embedded-5-"
 2368      432B2B31 
 2368      3120352E 
 2368      342E3120 
 2368      32303136 
 2369 02a5 6272616E 		.ascii	"branch revision 240496] -mcpu=cortex-m4 -mthumb -mn"
 2369      63682072 
 2369      65766973 
 2369      696F6E20 
 2369      32343034 
 2370 02d8 6F2D7468 		.ascii	"o-thumb-interwork -mlittle-endian -mfloat-abi=hard "
 2370      756D622D 
 2370      696E7465 
 2370      72776F72 
 2370      6B202D6D 
 2371 030b 2D6D6670 		.ascii	"-mfpu=fpv4-sp-d16 -g -Os -std=c++11 -fsingle-precis"
 2371      753D6670 
 2371      76342D73 
 2371      702D6431 
 2371      36202D67 
 2372 033e 696F6E2D 		.ascii	"ion-constant -fcheck-new -fno-rtti -fno-exceptions "
 2372      636F6E73 
ARM GAS  C:\msys64\tmp\ccGZRdeV.s 			page 45


 2372      74616E74 
 2372      202D6663 
 2372      6865636B 
 2373 0371 2D666E6F 		.ascii	"-fno-non-call-exceptions\000"
 2373      2D6E6F6E 
 2373      2D63616C 
 2373      6C2D6578 
 2373      63657074 
 2374              	.LASF11:
 2375 038a 6C6F6E67 		.ascii	"long long unsigned int\000"
 2375      206C6F6E 
 2375      6720756E 
 2375      7369676E 
 2375      65642069 
 2376              	.LASF15:
 2377 03a1 75696E74 		.ascii	"uint32_t\000"
 2377      33325F74 
 2377      00
 2378              	.LASF12:
 2379 03aa 756E7369 		.ascii	"unsigned int\000"
 2379      676E6564 
 2379      20696E74 
 2379      00
 2380              	.LASF5:
 2381 03b7 5F5F7569 		.ascii	"__uint8_t\000"
 2381      6E74385F 
 2381      7400
 2382              	.LASF27:
 2383 03c1 6D4C696E 		.ascii	"mLine\000"
 2383      6500
 2384              	.LASF40:
 2385 03c7 5F5A4E33 		.ascii	"_ZN3dsp9DelayLine5writeEf\000"
 2385      64737039 
 2385      44656C61 
 2385      794C696E 
 2385      65357772 
 2386              	.LASF37:
 2387 03e1 5F5A4E33 		.ascii	"_ZN3dsp9DelayLine5clearEv\000"
 2387      64737039 
 2387      44656C61 
 2387      794C696E 
 2387      6535636C 
 2388              	.LASF36:
 2389 03fb 7365744D 		.ascii	"setMemory\000"
 2389      656D6F72 
 2389      7900
 2390              	.LASF4:
 2391 0405 73686F72 		.ascii	"short unsigned int\000"
 2391      7420756E 
 2391      7369676E 
 2391      65642069 
 2391      6E7400
 2392              	.LASF62:
 2393 0418 77745F73 		.ascii	"wt_sine_lut_f\000"
 2393      696E655F 
 2393      6C75745F 
 2393      6600
ARM GAS  C:\msys64\tmp\ccGZRdeV.s 			page 46


 2394              	.LASF71:
 2395 0426 735F6465 		.ascii	"s_delay_ram\000"
 2395      6C61795F 
 2395      72616D00 
 2396              	.LASF31:
 2397 0432 6D577269 		.ascii	"mWriteIdx\000"
 2397      74654964 
 2397      7800
 2398              	.LASF19:
 2399 043c 63686172 		.ascii	"char\000"
 2399      00
 2400              	.LASF45:
 2401 0441 72656164 		.ascii	"readFracz\000"
 2401      46726163 
 2401      7A00
 2402              	.LASF14:
 2403 044b 696E7433 		.ascii	"int32_t\000"
 2403      325F7400 
 2404              	.LASF82:
 2405 0453 6275665F 		.ascii	"buf_clr_f32\000"
 2405      636C725F 
 2405      66333200 
 2406              	.LASF58:
 2407 045f 76616C75 		.ascii	"value\000"
 2407      6500
 2408              	.LASF84:
 2409 0465 5F5F7374 		.ascii	"__static_initialization_and_destruction_0\000"
 2409      61746963 
 2409      5F696E69 
 2409      7469616C 
 2409      697A6174 
 2410              	.LASF50:
 2411 048f 5F5F7072 		.ascii	"__priority\000"
 2411      696F7269 
 2411      747900
 2412              	.LASF47:
 2413 049a 74686973 		.ascii	"this\000"
 2413      00
 2414              	.LASF64:
 2415 049f 74616E70 		.ascii	"tanpi_lut_f\000"
 2415      695F6C75 
 2415      745F6600 
 2416              	.LASF24:
 2417 04ab 6B5F7573 		.ascii	"k_user_module_revfx\000"
 2417      65725F6D 
 2417      6F64756C 
 2417      655F7265 
 2417      76667800 
 2418              	.LASF52:
 2419 04bf 706C6174 		.ascii	"platform\000"
 2419      666F726D 
 2419      00
 2420              	.LASF9:
 2421 04c8 6C6F6E67 		.ascii	"long unsigned int\000"
 2421      20756E73 
 2421      69676E65 
 2421      6420696E 
ARM GAS  C:\msys64\tmp\ccGZRdeV.s 			page 47


 2421      7400
 2422              	.LASF59:
 2423 04da 76616C66 		.ascii	"valf\000"
 2423      00
 2424              	.LASF74:
 2425 04df 6761696E 		.ascii	"gain\000"
 2425      00
 2426              	.LASF43:
 2427 04e4 72656164 		.ascii	"readFrac\000"
 2427      46726163 
 2427      00
 2428              	.LASF6:
 2429 04ed 5F5F696E 		.ascii	"__int32_t\000"
 2429      7433325F 
 2429      7400
 2430              	.LASF13:
 2431 04f7 75696E74 		.ascii	"uint8_t\000"
 2431      385F7400 
 2432              	.LASF33:
 2433 04ff 5F5A4E33 		.ascii	"_ZN3dsp9DelayLineC4Ev\000"
 2433      64737039 
 2433      44656C61 
 2433      794C696E 
 2433      65433445 
 2434              	.LASF77:
 2435 0515 5F66785F 		.ascii	"_fx_get_bpm\000"
 2435      6765745F 
 2435      62706D00 
 2436              	.LASF70:
 2437 0521 735F6465 		.ascii	"s_delay\000"
 2437      6C617900 
 2438              	.LASF65:
 2439 0529 73717274 		.ascii	"sqrtm2log_lut_f\000"
 2439      6D326C6F 
 2439      675F6C75 
 2439      745F6600 
 2440              	.LASF83:
 2441 0539 6E657874 		.ascii	"nextpow2_u32\000"
 2441      706F7732 
 2441      5F753332 
 2441      00
 2442              	.LASF20:
 2443 0546 646F7562 		.ascii	"double\000"
 2443      6C6500
 2444              	.LASF42:
 2445 054d 5F5A4E33 		.ascii	"_ZN3dsp9DelayLine4readEm\000"
 2445      64737039 
 2445      44656C61 
 2445      794C696E 
 2445      65347265 
 2446              	.LASF61:
 2447 0566 6B5F6678 		.ascii	"k_fx_api_version\000"
 2447      5F617069 
 2447      5F766572 
 2447      73696F6E 
 2447      00
 2448              	.LASF53:
ARM GAS  C:\msys64\tmp\ccGZRdeV.s 			page 48


 2449 0577 5F686F6F 		.ascii	"_hook_process\000"
 2449      6B5F7072 
 2449      6F636573 
 2449      7300
 2450              	.LASF76:
 2451 0585 5F66785F 		.ascii	"_fx_get_bpmf\000"
 2451      6765745F 
 2451      62706D66 
 2451      00
 2452              	.LASF23:
 2453 0592 6B5F7573 		.ascii	"k_user_module_delfx\000"
 2453      65725F6D 
 2453      6F64756C 
 2453      655F6465 
 2453      6C667800 
 2454              	.LASF55:
 2455 05a6 64656C53 		.ascii	"delSample\000"
 2455      616D706C 
 2455      6500
 2456              	.LASF34:
 2457 05b0 5F5A4E33 		.ascii	"_ZN3dsp9DelayLineC4EPfj\000"
 2457      64737039 
 2457      44656C61 
 2457      794C696E 
 2457      65433445 
 2458              		.ident	"GCC: (GNU Tools for ARM Embedded Processors) 5.4.1 20160919 (release) [ARM/embedded-5-bran
ARM GAS  C:\msys64\tmp\ccGZRdeV.s 			page 49


DEFINED SYMBOLS
                            *ABS*:00000000 simpledelay.cpp
C:\msys64\tmp\ccGZRdeV.s:21     .text:00000000 $t
C:\msys64\tmp\ccGZRdeV.s:26     .text:00000000 _hook_init
C:\msys64\tmp\ccGZRdeV.s:117    .text:00000068 $d
C:\msys64\tmp\ccGZRdeV.s:125    .text:0000007c $t
C:\msys64\tmp\ccGZRdeV.s:130    .text:0000007c _hook_process
C:\msys64\tmp\ccGZRdeV.s:255    .text:000000e8 $d
C:\msys64\tmp\ccGZRdeV.s:260    .text:000000ec $t
C:\msys64\tmp\ccGZRdeV.s:265    .text:000000ec _hook_param
C:\msys64\tmp\ccGZRdeV.s:375    .text:000001bc $d
C:\msys64\tmp\ccGZRdeV.s:384    .text.startup:00000000 $t
C:\msys64\tmp\ccGZRdeV.s:388    .text.startup:00000000 _GLOBAL__sub_I_s_len
C:\msys64\tmp\ccGZRdeV.s:413    .text.startup:00000014 $d
C:\msys64\tmp\ccGZRdeV.s:421    .init_array:00000000 $d
C:\msys64\tmp\ccGZRdeV.s:434    .bss:00000014 bpm
C:\msys64\tmp\ccGZRdeV.s:438    .bss:00000018 s_len
C:\msys64\tmp\ccGZRdeV.s:426    .bss:00000000 $d
C:\msys64\tmp\ccGZRdeV.s:430    .bss:00000000 _ZL7s_delay
C:\msys64\tmp\ccGZRdeV.s:442    .bss:0000001c _ZL5s_mix
C:\msys64\tmp\ccGZRdeV.s:446    .bss:00000020 _ZL4gain
C:\msys64\tmp\ccGZRdeV.s:449    .sdram:00000000 $d
C:\msys64\tmp\ccGZRdeV.s:453    .sdram:00000000 _ZL11s_delay_ram
                     .debug_frame:00000010 $d

UNDEFINED SYMBOLS
_fx_get_bpmf
_fx_get_bpm
