ARM GAS  C:\msys64\tmp\cc0qMh8R.s 			page 1


   1              		.syntax unified
   2              		.cpu cortex-m4
   3              		.eabi_attribute 27, 1
   4              		.eabi_attribute 28, 1
   5              		.fpu fpv4-sp-d16
   6              		.eabi_attribute 20, 1
   7              		.eabi_attribute 21, 1
   8              		.eabi_attribute 23, 3
   9              		.eabi_attribute 24, 1
  10              		.eabi_attribute 25, 1
  11              		.eabi_attribute 26, 1
  12              		.eabi_attribute 30, 4
  13              		.eabi_attribute 34, 1
  14              		.eabi_attribute 18, 4
  15              		.thumb
  16              		.syntax unified
  17              		.file	"monodelay.cpp"
  18              		.text
  19              	.Ltext0:
  20              		.cfi_sections	.debug_frame
  21              		.align	1
  22              		.global	_hook_init
  23              		.thumb
  24              		.thumb_func
  25              		.type	_hook_init, %function
  26              	_hook_init:
  27              	.LFB264:
  28              		.file 1 "./src/monodelay.cpp"
  29              		.loc 1 21 0
  30              		.cfi_startproc
  31              		@ args = 0, pretend = 0, frame = 0
  32              		@ frame_needed = 0, uses_anonymous_args = 0
  33              	.LVL0:
  34              	.LBB24:
  35              	.LBB25:
  36              		.file 2 "../inc/dsp/delayline.hpp"
  37              		.loc 2 114 0
  38 0000 1549     		ldr	r1, .L5
  39              	.LVL1:
  40 0002 164A     		ldr	r2, .L5+4
  41              		.loc 2 115 0
  42 0004 4FF48023 		mov	r3, #262144
  43              	.LBE25:
  44              	.LBE24:
  45              		.loc 1 21 0
  46 0008 10B5     		push	{r4, lr}
  47              		.cfi_def_cfa_offset 8
  48              		.cfi_offset 4, -8
  49              		.cfi_offset 14, -4
  50              	.LBB27:
  51              	.LBB26:
  52              		.loc 2 115 0
  53 000a 8B60     		str	r3, [r1, #8]
  54              		.loc 2 116 0
  55 000c 013B     		subs	r3, r3, #1
  56 000e CB60     		str	r3, [r1, #12]
  57              		.loc 2 117 0
ARM GAS  C:\msys64\tmp\cc0qMh8R.s 			page 2


  58 0010 0023     		movs	r3, #0
  59              		.loc 2 114 0
  60 0012 0A60     		str	r2, [r1]
  61              		.loc 2 117 0
  62 0014 0B61     		str	r3, [r1, #16]
  63              	.LVL2:
  64 0016 0C46     		mov	r4, r1
  65 0018 02F11003 		add	r3, r2, #16
  66              	.LBE26:
  67              	.LBE27:
  68              	.LBB28:
  69              	.LBB29:
  70              	.LBB30:
  71              		.file 3 "../inc/utils/buffer_ops.h"
  72              		.loc 3 109 0
  73 001c 0021     		movs	r1, #0
  74 001e 02F11012 		add	r2, r2, #1048592
  75              	.LVL3:
  76              	.L2:
  77 0022 43F8101C 		str	r1, [r3, #-16]	@ float
  78              	.LVL4:
  79 0026 43F80C1C 		str	r1, [r3, #-12]	@ float
  80              	.LVL5:
  81 002a 43F8081C 		str	r1, [r3, #-8]	@ float
  82              	.LVL6:
  83 002e 43F8041C 		str	r1, [r3, #-4]	@ float
  84 0032 1033     		adds	r3, r3, #16
  85              	.LVL7:
  86              		.loc 3 108 0
  87 0034 9A42     		cmp	r2, r3
  88 0036 F4D1     		bne	.L2
  89              	.LVL8:
  90              	.LBE30:
  91              	.LBE29:
  92              	.LBE28:
  93              		.loc 1 24 0
  94 0038 FFF7FEFF 		bl	_fx_get_bpm
  95              	.LVL9:
  96              		.loc 1 25 0
  97 003c 0A23     		movs	r3, #10
  98              		.loc 1 24 0
  99 003e 6061     		str	r0, [r4, #20]
 100              		.loc 1 25 0
 101 0040 90FBF3F0 		sdiv	r0, r0, r3
 102 0044 3C23     		movs	r3, #60
 103 0046 93FBF0F0 		sdiv	r0, r3, r0
 104 004a 054B     		ldr	r3, .L5+8
 105 004c 5843     		muls	r0, r3, r0
 106              		.loc 1 26 0
 107 004e 4FF07C53 		mov	r3, #1056964608
 108              		.loc 1 25 0
 109 0052 A061     		str	r0, [r4, #24]
 110              		.loc 1 26 0
 111 0054 E361     		str	r3, [r4, #28]	@ float
 112 0056 10BD     		pop	{r4, pc}
 113              	.L6:
 114              		.align	2
ARM GAS  C:\msys64\tmp\cc0qMh8R.s 			page 3


 115              	.L5:
 116 0058 00000000 		.word	.LANCHOR0
 117 005c 00000000 		.word	.LANCHOR1
 118 0060 008A6600 		.word	6720000
 119              		.cfi_endproc
 120              	.LFE264:
 121              		.size	_hook_init, .-_hook_init
 122              		.align	1
 123              		.global	_hook_process
 124              		.thumb
 125              		.thumb_func
 126              		.type	_hook_process, %function
 127              	_hook_process:
 128              	.LFB266:
 129              		.loc 1 35 0
 130              		.cfi_startproc
 131              		@ args = 0, pretend = 0, frame = 0
 132              		@ frame_needed = 0, uses_anonymous_args = 0
 133              	.LVL10:
 134              		.loc 1 36 0
 135 0064 1D4B     		ldr	r3, .L11
 136              		.loc 1 35 0
 137 0066 F0B5     		push	{r4, r5, r6, r7, lr}
 138              		.cfi_def_cfa_offset 20
 139              		.cfi_offset 4, -20
 140              		.cfi_offset 5, -16
 141              		.cfi_offset 6, -12
 142              		.cfi_offset 7, -8
 143              		.cfi_offset 14, -4
 144              	.LBB31:
 145              	.LBB32:
 146              		.loc 1 42 0
 147 0068 9A69     		ldr	r2, [r3, #24]
 148              	.LBE32:
 149              	.LBE31:
 150              		.loc 1 36 0
 151 006a D3ED075A 		vldr.32	s11, [r3, #28]
 152              	.LVL11:
 153              	.LBB49:
 154              	.LBB45:
 155              	.LBB33:
 156              	.LBB34:
 157              		.loc 2 138 0
 158 006e 1E68     		ldr	r6, [r3]
 159 0070 DF68     		ldr	r7, [r3, #12]
 160              	.LBE34:
 161              	.LBE33:
 162              		.loc 1 42 0
 163 0072 93ED085A 		vldr.32	s10, [r3, #32]
 164              	.LBE45:
 165              		.loc 1 40 0
 166 0076 4FEA410E 		lsl	lr, r1, #1
 167 007a 1969     		ldr	r1, [r3, #16]
 168              	.LVL12:
 169 007c 0024     		movs	r4, #0
 170              	.LBB46:
 171              	.LBB37:
ARM GAS  C:\msys64\tmp\cc0qMh8R.s 			page 4


 172              	.LBB35:
 173              		.loc 2 138 0
 174 007e 02EB010C 		add	ip, r2, r1
 175              	.LBE35:
 176              	.LBE37:
 177              		.loc 1 44 0
 178 0082 B6EE006A 		vmov.f32	s12, #5.0e-1
 179 0086 F7EE086A 		vmov.f32	s13, #1.5e+0
 180              	.LVL13:
 181              	.L9:
 182              	.LBE46:
 183              		.loc 1 40 0 discriminator 3
 184 008a 7445     		cmp	r4, lr
 185 008c A1EB0402 		sub	r2, r1, r4
 186              	.LVL14:
 187 0090 21D0     		beq	.L8
 188              	.LVL15:
 189              	.LBB47:
 190              	.LBB38:
 191              	.LBB36:
 192              		.loc 2 138 0 discriminator 2
 193 0092 C4EB0C05 		rsb	r5, r4, ip
 194 0096 3D40     		ands	r5, r5, r7
 195 0098 06EB8505 		add	r5, r6, r5, lsl #2
 196              	.LBE36:
 197              	.LBE38:
 198              		.loc 1 43 0 discriminator 2
 199 009c 95ED007A 		vldr.32	s14, [r5]
 200 00a0 25EE077A 		vmul.f32	s14, s10, s14
 201              	.LBB39:
 202              	.LBB40:
 203              		.loc 2 127 0 discriminator 2
 204 00a4 3A40     		ands	r2, r2, r7
 205              	.LBE40:
 206              	.LBE39:
 207              		.loc 1 43 0 discriminator 2
 208 00a6 27EE257A 		vmul.f32	s14, s14, s11
 209              	.LBB43:
 210              	.LBB41:
 211              		.loc 2 127 0 discriminator 2
 212 00aa 06EB8202 		add	r2, r6, r2, lsl #2
 213              	.LBE41:
 214              	.LBE43:
 215              		.loc 1 44 0 discriminator 2
 216 00ae 67EE077A 		vmul.f32	s15, s14, s14
 217              		.loc 1 43 0 discriminator 2
 218 00b2 83ED097A 		vstr.32	s14, [r3, #36]
 219              		.loc 1 44 0 discriminator 2
 220 00b6 67EE877A 		vmul.f32	s15, s15, s14
 221              	.LBE47:
 222              		.loc 1 40 0 discriminator 2
 223 00ba 0134     		adds	r4, r4, #1
 224              	.LVL16:
 225              	.LBB48:
 226              		.loc 1 44 0 discriminator 2
 227 00bc 66EE677A 		vnmul.f32	s15, s12, s15
 228 00c0 E7EE267A 		vfma.f32	s15, s14, s13
ARM GAS  C:\msys64\tmp\cc0qMh8R.s 			page 5


 229 00c4 90ED007A 		vldr.32	s14, [r0]
 230 00c8 77EE877A 		vadd.f32	s15, s15, s14
 231 00cc E0EC017A 		vstmia.32	r0!, {s15}
 232              	.LVL17:
 233              	.LBB44:
 234              	.LBB42:
 235              		.loc 2 127 0 discriminator 2
 236 00d0 C2ED007A 		vstr.32	s15, [r2]
 237              	.LVL18:
 238              	.LBE42:
 239              	.LBE44:
 240              	.LBE48:
 241              		.loc 1 40 0 discriminator 2
 242 00d4 D9E7     		b	.L9
 243              	.L8:
 244 00d6 1A61     		str	r2, [r3, #16]
 245 00d8 F0BD     		pop	{r4, r5, r6, r7, pc}
 246              	.LVL19:
 247              	.L12:
 248 00da 00BF     		.align	2
 249              	.L11:
 250 00dc 00000000 		.word	.LANCHOR0
 251              	.LBE49:
 252              		.cfi_endproc
 253              	.LFE266:
 254              		.size	_hook_process, .-_hook_process
 255              		.align	1
 256              		.global	_hook_param
 257              		.thumb
 258              		.thumb_func
 259              		.type	_hook_param, %function
 260              	_hook_param:
 261              	.LFB267:
 262              		.loc 1 50 0
 263              		.cfi_startproc
 264              		@ args = 0, pretend = 0, frame = 0
 265              		@ frame_needed = 0, uses_anonymous_args = 0
 266              	.LVL20:
 267 00e0 08B5     		push	{r3, lr}
 268              		.cfi_def_cfa_offset 8
 269              		.cfi_offset 3, -8
 270              		.cfi_offset 14, -4
 271 00e2 2DED028B 		vpush.64	{d8}
 272              		.cfi_def_cfa_offset 16
 273              		.cfi_offset 80, -16
 274              		.cfi_offset 81, -12
 275              		.loc 1 51 0
 276 00e6 08EE101A 		vmov	s16, r1	@ int
 277              		.loc 1 52 0
 278 00ea 0128     		cmp	r0, #1
 279              		.loc 1 51 0
 280 00ec BAEEE08A 		vcvt.f32.s32	s16, s16, #31
 281              	.LVL21:
 282              		.loc 1 52 0
 283 00f0 0AD0     		beq	.L15
 284 00f2 05D3     		bcc	.L16
 285 00f4 0328     		cmp	r0, #3
ARM GAS  C:\msys64\tmp\cc0qMh8R.s 			page 6


 286 00f6 35D1     		bne	.L13
 287              		.loc 1 85 0
 288 00f8 1C4B     		ldr	r3, .L30
 289 00fa 83ED078A 		vstr.32	s16, [r3, #28]
 290              		.loc 1 90 0
 291 00fe 31E0     		b	.L13
 292              	.L16:
 293              		.loc 1 55 0
 294 0100 1A4B     		ldr	r3, .L30
 295 0102 83ED088A 		vstr.32	s16, [r3, #32]
 296              		.loc 1 56 0
 297 0106 2DE0     		b	.L13
 298              	.L15:
 299              		.loc 1 59 0
 300 0108 FFF7FEFF 		bl	_fx_get_bpm
 301              	.LVL22:
 302              		.loc 1 61 0
 303 010c F5EE007A 		vmov.f32	s15, #2.5e-1
 304              		.loc 1 59 0
 305 0110 0A23     		movs	r3, #10
 306              		.loc 1 61 0
 307 0112 B4EEE78A 		vcmpe.f32	s16, s15
 308              		.loc 1 59 0
 309 0116 B0FBF3F0 		udiv	r0, r0, r3
 310 011a 144B     		ldr	r3, .L30
 311 011c 80B2     		uxth	r0, r0
 312              		.loc 1 61 0
 313 011e F1EE10FA 		vmrs	APSR_nzcv, FPSCR
 314              		.loc 1 59 0
 315 0122 5861     		str	r0, [r3, #20]
 316              		.loc 1 61 0
 317 0124 05D5     		bpl	.L27
 318              		.loc 1 64 0
 319 0126 124A     		ldr	r2, .L30+4
 320 0128 92FBF0F0 		sdiv	r0, r2, r0
 321 012c 8000     		lsls	r0, r0, #2
 322 012e 9861     		str	r0, [r3, #24]
 323 0130 18E0     		b	.L13
 324              	.L27:
 325              		.loc 1 66 0
 326 0132 F6EE007A 		vmov.f32	s15, #5.0e-1
 327 0136 B4EEE78A 		vcmpe.f32	s16, s15
 328 013a F1EE10FA 		vmrs	APSR_nzcv, FPSCR
 329 013e 05D5     		bpl	.L28
 330              		.loc 1 69 0
 331 0140 0B4A     		ldr	r2, .L30+4
 332 0142 92FBF0F0 		sdiv	r0, r2, r0
 333 0146 4000     		lsls	r0, r0, #1
 334 0148 9861     		str	r0, [r3, #24]
 335 014a 0BE0     		b	.L13
 336              	.L28:
 337              		.loc 1 71 0
 338 014c F6EE087A 		vmov.f32	s15, #7.5e-1
 339 0150 B4EEE78A 		vcmpe.f32	s16, s15
 340 0154 F1EE10FA 		vmrs	APSR_nzcv, FPSCR
 341              		.loc 1 74 0
 342 0158 4CBF     		ite	mi
ARM GAS  C:\msys64\tmp\cc0qMh8R.s 			page 7


 343 015a 054A     		ldrmi	r2, .L30+4
 344              		.loc 1 79 0
 345 015c 054A     		ldrpl	r2, .L30+8
 346 015e 92FBF0F0 		sdiv	r0, r2, r0
 347 0162 9861     		str	r0, [r3, #24]
 348              	.L13:
 349              		.loc 1 90 0
 350 0164 BDEC028B 		vldm	sp!, {d8}
 351              		.cfi_restore 80
 352              		.cfi_restore 81
 353              		.cfi_def_cfa_offset 8
 354              	.LVL23:
 355 0168 08BD     		pop	{r3, pc}
 356              	.L31:
 357 016a 00BF     		.align	2
 358              	.L30:
 359 016c 00000000 		.word	.LANCHOR0
 360 0170 00F22B00 		.word	2880000
 361 0174 00F91500 		.word	1440000
 362              		.cfi_endproc
 363              	.LFE267:
 364              		.size	_hook_param, .-_hook_param
 365              		.section	.text.startup,"ax",%progbits
 366              		.align	1
 367              		.thumb
 368              		.thumb_func
 369              		.type	_GLOBAL__sub_I_s_len, %function
 370              	_GLOBAL__sub_I_s_len:
 371              	.LFB269:
 372              		.loc 1 90 0
 373              		.cfi_startproc
 374              		@ args = 0, pretend = 0, frame = 0
 375              		@ frame_needed = 0, uses_anonymous_args = 0
 376              		@ link register save eliminated.
 377              	.LVL24:
 378              	.LBB55:
 379              	.LBB56:
 380              	.LBB57:
 381              		.loc 2 74 0
 382 0000 044B     		ldr	r3, .L33
 383 0002 0022     		movs	r2, #0
 384 0004 0021     		movs	r1, #0
 385 0006 1A60     		str	r2, [r3]
 386 0008 5960     		str	r1, [r3, #4]	@ float
 387 000a 9A60     		str	r2, [r3, #8]
 388 000c DA60     		str	r2, [r3, #12]
 389 000e 1A61     		str	r2, [r3, #16]
 390              	.LVL25:
 391 0010 7047     		bx	lr
 392              	.L34:
 393 0012 00BF     		.align	2
 394              	.L33:
 395 0014 00000000 		.word	.LANCHOR0
 396              	.LBE57:
 397              	.LBE56:
 398              	.LBE55:
 399              		.cfi_endproc
ARM GAS  C:\msys64\tmp\cc0qMh8R.s 			page 8


 400              	.LFE269:
 401              		.size	_GLOBAL__sub_I_s_len, .-_GLOBAL__sub_I_s_len
 402              		.section	.init_array,"aw",%init_array
 403              		.align	2
 404 0000 00000000 		.word	_GLOBAL__sub_I_s_len(target1)
 405              		.global	bpm
 406              		.global	wetXN
 407              		.global	s_len
 408              		.bss
 409              		.align	2
 410              		.set	.LANCHOR0,. + 0
 411              		.type	_ZL7s_delay, %object
 412              		.size	_ZL7s_delay, 20
 413              	_ZL7s_delay:
 414 0000 00000000 		.space	20
 414      00000000 
 414      00000000 
 414      00000000 
 414      00000000 
 415              		.type	bpm, %object
 416              		.size	bpm, 4
 417              	bpm:
 418 0014 00000000 		.space	4
 419              		.type	s_len, %object
 420              		.size	s_len, 4
 421              	s_len:
 422 0018 00000000 		.space	4
 423              		.type	_ZL5s_mix, %object
 424              		.size	_ZL5s_mix, 4
 425              	_ZL5s_mix:
 426 001c 00000000 		.space	4
 427              		.type	_ZL4gain, %object
 428              		.size	_ZL4gain, 4
 429              	_ZL4gain:
 430 0020 00000000 		.space	4
 431              		.type	wetXN, %object
 432              		.size	wetXN, 4
 433              	wetXN:
 434 0024 00000000 		.space	4
 435              		.section	.sdram,"aw",%progbits
 436              		.align	2
 437              		.set	.LANCHOR1,. + 0
 438              		.type	_ZL11s_delay_ram, %object
 439              		.size	_ZL11s_delay_ram, 840000
 440              	_ZL11s_delay_ram:
 441 0000 00000000 		.space	840000
 441      00000000 
 441      00000000 
 441      00000000 
 441      00000000 
 442              		.text
 443              	.Letext0:
 444              		.file 4 "c:\\users\\bradl\\desktop\\code projects\\korgfx\\korgdelayfxset\\delays\\tools\\gcc\\gcc
 445              		.file 5 "c:\\users\\bradl\\desktop\\code projects\\korgfx\\korgdelayfxset\\delays\\tools\\gcc\\gcc
 446              		.file 6 "c:\\users\\bradl\\desktop\\code projects\\korgfx\\korgdelayfxset\\delays\\tools\\gcc\\gcc
 447              		.file 7 "../inc/utils/int_math.h"
 448              		.file 8 "../inc/fx_api.h"
ARM GAS  C:\msys64\tmp\cc0qMh8R.s 			page 9


 449              		.file 9 "../inc/userprg.h"
 450              		.section	.debug_info,"",%progbits
 451              	.Ldebug_info0:
 452 0000 16070000 		.4byte	0x716
 453 0004 0400     		.2byte	0x4
 454 0006 00000000 		.4byte	.Ldebug_abbrev0
 455 000a 04       		.byte	0x4
 456 000b 01       		.uleb128 0x1
 457 000c 20020000 		.4byte	.LASF78
 458 0010 04       		.byte	0x4
 459 0011 52000000 		.4byte	.LASF79
 460 0015 39050000 		.4byte	.LASF80
 461 0019 A0000000 		.4byte	.Ldebug_ranges0+0xa0
 462 001d 00000000 		.4byte	0
 463 0021 00000000 		.4byte	.Ldebug_line0
 464 0025 02       		.uleb128 0x2
 465 0026 04       		.byte	0x4
 466 0027 04       		.byte	0x4
 467 0028 04010000 		.4byte	.LASF0
 468 002c 03       		.uleb128 0x3
 469 002d 04       		.byte	0x4
 470 002e 05       		.byte	0x5
 471 002f 696E7400 		.ascii	"int\000"
 472 0033 02       		.uleb128 0x2
 473 0034 01       		.byte	0x1
 474 0035 06       		.byte	0x6
 475 0036 F8000000 		.4byte	.LASF1
 476 003a 04       		.uleb128 0x4
 477 003b 65030000 		.4byte	.LASF5
 478 003f 04       		.byte	0x4
 479 0040 1D       		.byte	0x1d
 480 0041 45000000 		.4byte	0x45
 481 0045 02       		.uleb128 0x2
 482 0046 01       		.byte	0x1
 483 0047 08       		.byte	0x8
 484 0048 08020000 		.4byte	.LASF2
 485 004c 02       		.uleb128 0x2
 486 004d 02       		.byte	0x2
 487 004e 05       		.byte	0x5
 488 004f A1000000 		.4byte	.LASF3
 489 0053 02       		.uleb128 0x2
 490 0054 02       		.byte	0x2
 491 0055 07       		.byte	0x7
 492 0056 B3030000 		.4byte	.LASF4
 493 005a 04       		.uleb128 0x4
 494 005b 9B040000 		.4byte	.LASF6
 495 005f 04       		.byte	0x4
 496 0060 3F       		.byte	0x3f
 497 0061 65000000 		.4byte	0x65
 498 0065 02       		.uleb128 0x2
 499 0066 04       		.byte	0x4
 500 0067 05       		.byte	0x5
 501 0068 38010000 		.4byte	.LASF7
 502 006c 04       		.uleb128 0x4
 503 006d 89000000 		.4byte	.LASF8
 504 0071 04       		.byte	0x4
 505 0072 41       		.byte	0x41
ARM GAS  C:\msys64\tmp\cc0qMh8R.s 			page 10


 506 0073 77000000 		.4byte	0x77
 507 0077 02       		.uleb128 0x2
 508 0078 04       		.byte	0x4
 509 0079 07       		.byte	0x7
 510 007a 76040000 		.4byte	.LASF9
 511 007e 02       		.uleb128 0x2
 512 007f 08       		.byte	0x8
 513 0080 05       		.byte	0x5
 514 0081 2A010000 		.4byte	.LASF10
 515 0085 02       		.uleb128 0x2
 516 0086 08       		.byte	0x8
 517 0087 07       		.byte	0x7
 518 0088 38030000 		.4byte	.LASF11
 519 008c 02       		.uleb128 0x2
 520 008d 04       		.byte	0x4
 521 008e 07       		.byte	0x7
 522 008f 58030000 		.4byte	.LASF12
 523 0093 04       		.uleb128 0x4
 524 0094 AB040000 		.4byte	.LASF13
 525 0098 05       		.byte	0x5
 526 0099 18       		.byte	0x18
 527 009a 3A000000 		.4byte	0x3a
 528 009e 04       		.uleb128 0x4
 529 009f F9030000 		.4byte	.LASF14
 530 00a3 05       		.byte	0x5
 531 00a4 2C       		.byte	0x2c
 532 00a5 5A000000 		.4byte	0x5a
 533 00a9 04       		.uleb128 0x4
 534 00aa 4F030000 		.4byte	.LASF15
 535 00ae 05       		.byte	0x5
 536 00af 30       		.byte	0x30
 537 00b0 6C000000 		.4byte	0x6c
 538 00b4 04       		.uleb128 0x4
 539 00b5 4B000000 		.4byte	.LASF16
 540 00b9 06       		.byte	0x6
 541 00ba D8       		.byte	0xd8
 542 00bb 8C000000 		.4byte	0x8c
 543 00bf 02       		.uleb128 0x2
 544 00c0 08       		.byte	0x8
 545 00c1 04       		.byte	0x4
 546 00c2 C8010000 		.4byte	.LASF17
 547 00c6 05       		.uleb128 0x5
 548 00c7 1E000000 		.4byte	.LASF81
 549 00cb 02       		.uleb128 0x2
 550 00cc 04       		.byte	0x4
 551 00cd 07       		.byte	0x7
 552 00ce 66000000 		.4byte	.LASF18
 553 00d2 02       		.uleb128 0x2
 554 00d3 01       		.byte	0x1
 555 00d4 08       		.byte	0x8
 556 00d5 EA030000 		.4byte	.LASF19
 557 00d9 02       		.uleb128 0x2
 558 00da 08       		.byte	0x8
 559 00db 04       		.byte	0x4
 560 00dc FA040000 		.4byte	.LASF20
 561 00e0 06       		.uleb128 0x6
 562 00e1 01       		.byte	0x1
ARM GAS  C:\msys64\tmp\cc0qMh8R.s 			page 11


 563 00e2 45000000 		.4byte	0x45
 564 00e6 09       		.byte	0x9
 565 00e7 35       		.byte	0x35
 566 00e8 11010000 		.4byte	0x111
 567 00ec 07       		.uleb128 0x7
 568 00ed AB000000 		.4byte	.LASF21
 569 00f1 00       		.byte	0
 570 00f2 07       		.uleb128 0x7
 571 00f3 D4010000 		.4byte	.LASF22
 572 00f7 01       		.byte	0x1
 573 00f8 07       		.uleb128 0x7
 574 00f9 9B050000 		.4byte	.LASF23
 575 00fd 02       		.byte	0x2
 576 00fe 07       		.uleb128 0x7
 577 00ff 59040000 		.4byte	.LASF24
 578 0103 03       		.byte	0x3
 579 0104 07       		.uleb128 0x7
 580 0105 E6000000 		.4byte	.LASF25
 581 0109 04       		.byte	0x4
 582 010a 07       		.uleb128 0x7
 583 010b C0000000 		.4byte	.LASF26
 584 010f 05       		.byte	0x5
 585 0110 00       		.byte	0
 586 0111 08       		.uleb128 0x8
 587 0112 04       		.byte	0x4
 588 0113 25000000 		.4byte	0x25
 589 0117 09       		.uleb128 0x9
 590 0118 64737000 		.ascii	"dsp\000"
 591 011c 02       		.byte	0x2
 592 011d 33       		.byte	0x33
 593 011e 6D020000 		.4byte	0x26d
 594 0122 0A       		.uleb128 0xa
 595 0123 9F010000 		.4byte	.LASF32
 596 0127 14       		.byte	0x14
 597 0128 02       		.byte	0x2
 598 0129 38       		.byte	0x38
 599 012a 0B       		.uleb128 0xb
 600 012b 6F030000 		.4byte	.LASF27
 601 012f 02       		.byte	0x2
 602 0130 B0       		.byte	0xb0
 603 0131 11010000 		.4byte	0x111
 604 0135 00       		.byte	0
 605 0136 0B       		.uleb128 0xb
 606 0137 D3000000 		.4byte	.LASF28
 607 013b 02       		.byte	0x2
 608 013c B1       		.byte	0xb1
 609 013d 25000000 		.4byte	0x25
 610 0141 04       		.byte	0x4
 611 0142 0B       		.uleb128 0xb
 612 0143 45000000 		.4byte	.LASF29
 613 0147 02       		.byte	0x2
 614 0148 B2       		.byte	0xb2
 615 0149 B4000000 		.4byte	0xb4
 616 014d 08       		.byte	0x8
 617 014e 0B       		.uleb128 0xb
 618 014f E0000000 		.4byte	.LASF30
 619 0153 02       		.byte	0x2
ARM GAS  C:\msys64\tmp\cc0qMh8R.s 			page 12


 620 0154 B3       		.byte	0xb3
 621 0155 B4000000 		.4byte	0xb4
 622 0159 0C       		.byte	0xc
 623 015a 0B       		.uleb128 0xb
 624 015b E0030000 		.4byte	.LASF31
 625 015f 02       		.byte	0x2
 626 0160 B4       		.byte	0xb4
 627 0161 A9000000 		.4byte	0xa9
 628 0165 10       		.byte	0x10
 629 0166 0C       		.uleb128 0xc
 630 0167 9F010000 		.4byte	.LASF32
 631 016b 02       		.byte	0x2
 632 016c 45       		.byte	0x45
 633 016d B3040000 		.4byte	.LASF33
 634 0171 6D020000 		.4byte	0x26d
 635 0175 7D010000 		.4byte	0x17d
 636 0179 83010000 		.4byte	0x183
 637 017d 0D       		.uleb128 0xd
 638 017e 6D020000 		.4byte	0x26d
 639 0182 00       		.byte	0
 640 0183 0C       		.uleb128 0xc
 641 0184 9F010000 		.4byte	.LASF32
 642 0188 02       		.byte	0x2
 643 0189 54       		.byte	0x54
 644 018a B9050000 		.4byte	.LASF34
 645 018e 6D020000 		.4byte	0x26d
 646 0192 9A010000 		.4byte	0x19a
 647 0196 AA010000 		.4byte	0x1aa
 648 019a 0D       		.uleb128 0xd
 649 019b 6D020000 		.4byte	0x26d
 650 019f 0E       		.uleb128 0xe
 651 01a0 11010000 		.4byte	0x111
 652 01a4 0E       		.uleb128 0xe
 653 01a5 B4000000 		.4byte	0xb4
 654 01a9 00       		.byte	0
 655 01aa 0F       		.uleb128 0xf
 656 01ab 18000000 		.4byte	.LASF35
 657 01af 02       		.byte	0x2
 658 01b0 64       		.byte	0x64
 659 01b1 8F030000 		.4byte	.LASF37
 660 01b5 BD010000 		.4byte	0x1bd
 661 01b9 C3010000 		.4byte	0x1c3
 662 01bd 0D       		.uleb128 0xd
 663 01be 6D020000 		.4byte	0x26d
 664 01c2 00       		.byte	0
 665 01c3 0F       		.uleb128 0xf
 666 01c4 A9030000 		.4byte	.LASF36
 667 01c8 02       		.byte	0x2
 668 01c9 71       		.byte	0x71
 669 01ca E8010000 		.4byte	.LASF38
 670 01ce D6010000 		.4byte	0x1d6
 671 01d2 E6010000 		.4byte	0x1e6
 672 01d6 0D       		.uleb128 0xd
 673 01d7 6D020000 		.4byte	0x26d
 674 01db 0E       		.uleb128 0xe
 675 01dc 11010000 		.4byte	0x111
 676 01e0 0E       		.uleb128 0xe
ARM GAS  C:\msys64\tmp\cc0qMh8R.s 			page 13


 677 01e1 B4000000 		.4byte	0xb4
 678 01e5 00       		.byte	0
 679 01e6 0F       		.uleb128 0xf
 680 01e7 00000000 		.4byte	.LASF39
 681 01eb 02       		.byte	0x2
 682 01ec 7E       		.byte	0x7e
 683 01ed 75030000 		.4byte	.LASF40
 684 01f1 F9010000 		.4byte	0x1f9
 685 01f5 04020000 		.4byte	0x204
 686 01f9 0D       		.uleb128 0xd
 687 01fa 6D020000 		.4byte	0x26d
 688 01fe 0E       		.uleb128 0xe
 689 01ff 25000000 		.4byte	0x25
 690 0203 00       		.byte	0
 691 0204 0C       		.uleb128 0xc
 692 0205 19010000 		.4byte	.LASF41
 693 0209 02       		.byte	0x2
 694 020a 89       		.byte	0x89
 695 020b 01050000 		.4byte	.LASF42
 696 020f 25000000 		.4byte	0x25
 697 0213 1B020000 		.4byte	0x21b
 698 0217 26020000 		.4byte	0x226
 699 021b 0D       		.uleb128 0xd
 700 021c 6D020000 		.4byte	0x26d
 701 0220 0E       		.uleb128 0xe
 702 0221 A9000000 		.4byte	0xa9
 703 0225 00       		.byte	0
 704 0226 0C       		.uleb128 0xc
 705 0227 92040000 		.4byte	.LASF43
 706 022b 02       		.byte	0x2
 707 022c 94       		.byte	0x94
 708 022d 82010000 		.4byte	.LASF44
 709 0231 25000000 		.4byte	0x25
 710 0235 3D020000 		.4byte	0x23d
 711 0239 48020000 		.4byte	0x248
 712 023d 0D       		.uleb128 0xd
 713 023e 6D020000 		.4byte	0x26d
 714 0242 0E       		.uleb128 0xe
 715 0243 25000000 		.4byte	0x25
 716 0247 00       		.byte	0
 717 0248 10       		.uleb128 0x10
 718 0249 EF030000 		.4byte	.LASF45
 719 024d 02       		.byte	0x2
 720 024e A4       		.byte	0xa4
 721 024f A9010000 		.4byte	.LASF46
 722 0253 25000000 		.4byte	0x25
 723 0257 5B020000 		.4byte	0x25b
 724 025b 0D       		.uleb128 0xd
 725 025c 6D020000 		.4byte	0x26d
 726 0260 0E       		.uleb128 0xe
 727 0261 A9000000 		.4byte	0xa9
 728 0265 0E       		.uleb128 0xe
 729 0266 25000000 		.4byte	0x25
 730 026a 00       		.byte	0
 731 026b 00       		.byte	0
 732 026c 00       		.byte	0
 733 026d 08       		.uleb128 0x8
ARM GAS  C:\msys64\tmp\cc0qMh8R.s 			page 14


 734 026e 04       		.byte	0x4
 735 026f 22010000 		.4byte	0x122
 736 0273 11       		.uleb128 0x11
 737 0274 01040000 		.4byte	.LASF82
 738 0278 03       		.byte	0x3
 739 0279 68       		.byte	0x68
 740 027a 03       		.byte	0x3
 741 027b A1020000 		.4byte	0x2a1
 742 027f 12       		.uleb128 0x12
 743 0280 70747200 		.ascii	"ptr\000"
 744 0284 03       		.byte	0x3
 745 0285 68       		.byte	0x68
 746 0286 A1020000 		.4byte	0x2a1
 747 028a 12       		.uleb128 0x12
 748 028b 6C656E00 		.ascii	"len\000"
 749 028f 03       		.byte	0x3
 750 0290 69       		.byte	0x69
 751 0291 A6020000 		.4byte	0x2a6
 752 0295 13       		.uleb128 0x13
 753 0296 656E6400 		.ascii	"end\000"
 754 029a 03       		.byte	0x3
 755 029b 6B       		.byte	0x6b
 756 029c AB020000 		.4byte	0x2ab
 757 02a0 00       		.byte	0
 758 02a1 14       		.uleb128 0x14
 759 02a2 11010000 		.4byte	0x111
 760 02a6 15       		.uleb128 0x15
 761 02a7 A9000000 		.4byte	0xa9
 762 02ab 08       		.uleb128 0x8
 763 02ac 04       		.byte	0x4
 764 02ad B1020000 		.4byte	0x2b1
 765 02b1 15       		.uleb128 0x15
 766 02b2 25000000 		.4byte	0x25
 767 02b6 16       		.uleb128 0x16
 768 02b7 ED040000 		.4byte	.LASF49
 769 02bb 07       		.byte	0x7
 770 02bc 75       		.byte	0x75
 771 02bd A9000000 		.4byte	0xa9
 772 02c1 03       		.byte	0x3
 773 02c2 D0020000 		.4byte	0x2d0
 774 02c6 12       		.uleb128 0x12
 775 02c7 7800     		.ascii	"x\000"
 776 02c9 07       		.byte	0x7
 777 02ca 75       		.byte	0x75
 778 02cb A9000000 		.4byte	0xa9
 779 02cf 00       		.byte	0
 780 02d0 17       		.uleb128 0x17
 781 02d1 AA010000 		.4byte	0x1aa
 782 02d5 03       		.byte	0x3
 783 02d6 DE020000 		.4byte	0x2de
 784 02da E8020000 		.4byte	0x2e8
 785 02de 18       		.uleb128 0x18
 786 02df 48040000 		.4byte	.LASF47
 787 02e3 E8020000 		.4byte	0x2e8
 788 02e7 00       		.byte	0
 789 02e8 15       		.uleb128 0x15
 790 02e9 6D020000 		.4byte	0x26d
ARM GAS  C:\msys64\tmp\cc0qMh8R.s 			page 15


 791 02ed 17       		.uleb128 0x17
 792 02ee C3010000 		.4byte	0x1c3
 793 02f2 03       		.byte	0x3
 794 02f3 FB020000 		.4byte	0x2fb
 795 02f7 1B030000 		.4byte	0x31b
 796 02fb 18       		.uleb128 0x18
 797 02fc 48040000 		.4byte	.LASF47
 798 0300 E8020000 		.4byte	0x2e8
 799 0304 12       		.uleb128 0x12
 800 0305 72616D00 		.ascii	"ram\000"
 801 0309 02       		.byte	0x2
 802 030a 71       		.byte	0x71
 803 030b 11010000 		.4byte	0x111
 804 030f 19       		.uleb128 0x19
 805 0310 16020000 		.4byte	.LASF48
 806 0314 02       		.byte	0x2
 807 0315 71       		.byte	0x71
 808 0316 B4000000 		.4byte	0xb4
 809 031a 00       		.byte	0
 810 031b 17       		.uleb128 0x17
 811 031c E6010000 		.4byte	0x1e6
 812 0320 03       		.byte	0x3
 813 0321 29030000 		.4byte	0x329
 814 0325 3C030000 		.4byte	0x33c
 815 0329 18       		.uleb128 0x18
 816 032a 48040000 		.4byte	.LASF47
 817 032e E8020000 		.4byte	0x2e8
 818 0332 12       		.uleb128 0x12
 819 0333 7300     		.ascii	"s\000"
 820 0335 02       		.byte	0x2
 821 0336 7E       		.byte	0x7e
 822 0337 B1020000 		.4byte	0x2b1
 823 033b 00       		.byte	0
 824 033c 16       		.uleb128 0x16
 825 033d 4D010000 		.4byte	.LASF50
 826 0341 01       		.byte	0x1
 827 0342 1D       		.byte	0x1d
 828 0343 25000000 		.4byte	0x25
 829 0347 03       		.byte	0x3
 830 0348 57030000 		.4byte	0x357
 831 034c 12       		.uleb128 0x12
 832 034d 696E00   		.ascii	"in\000"
 833 0350 01       		.byte	0x1
 834 0351 1D       		.byte	0x1d
 835 0352 25000000 		.4byte	0x25
 836 0356 00       		.byte	0
 837 0357 17       		.uleb128 0x17
 838 0358 04020000 		.4byte	0x204
 839 035c 03       		.byte	0x3
 840 035d 65030000 		.4byte	0x365
 841 0361 7A030000 		.4byte	0x37a
 842 0365 18       		.uleb128 0x18
 843 0366 48040000 		.4byte	.LASF47
 844 036a E8020000 		.4byte	0x2e8
 845 036e 12       		.uleb128 0x12
 846 036f 706F7300 		.ascii	"pos\000"
 847 0373 02       		.byte	0x2
ARM GAS  C:\msys64\tmp\cc0qMh8R.s 			page 16


 848 0374 89       		.byte	0x89
 849 0375 A6020000 		.4byte	0x2a6
 850 0379 00       		.byte	0
 851 037a 1A       		.uleb128 0x1a
 852 037b 13040000 		.4byte	.LASF83
 853 037f 01       		.byte	0x1
 854 0380 9B030000 		.4byte	0x39b
 855 0384 19       		.uleb128 0x19
 856 0385 73010000 		.4byte	.LASF51
 857 0389 01       		.byte	0x1
 858 038a 5A       		.byte	0x5a
 859 038b 2C000000 		.4byte	0x2c
 860 038f 19       		.uleb128 0x19
 861 0390 3D040000 		.4byte	.LASF52
 862 0394 01       		.byte	0x1
 863 0395 5A       		.byte	0x5a
 864 0396 2C000000 		.4byte	0x2c
 865 039a 00       		.byte	0
 866 039b 1B       		.uleb128 0x1b
 867 039c 0D000000 		.4byte	.LASF53
 868 03a0 01       		.byte	0x1
 869 03a1 14       		.byte	0x14
 870 03a2 00000000 		.4byte	.LFB264
 871 03a6 64000000 		.4byte	.LFE264-.LFB264
 872 03aa 01       		.uleb128 0x1
 873 03ab 9C       		.byte	0x9c
 874 03ac 59040000 		.4byte	0x459
 875 03b0 1C       		.uleb128 0x1c
 876 03b1 6D040000 		.4byte	.LASF54
 877 03b5 01       		.byte	0x1
 878 03b6 14       		.byte	0x14
 879 03b7 A9000000 		.4byte	0xa9
 880 03bb 00000000 		.4byte	.LLST0
 881 03bf 1D       		.uleb128 0x1d
 882 03c0 61706900 		.ascii	"api\000"
 883 03c4 01       		.byte	0x1
 884 03c5 14       		.byte	0x14
 885 03c6 A9000000 		.4byte	0xa9
 886 03ca 21000000 		.4byte	.LLST1
 887 03ce 1E       		.uleb128 0x1e
 888 03cf ED020000 		.4byte	0x2ed
 889 03d3 00000000 		.4byte	.LBB24
 890 03d7 00000000 		.4byte	.Ldebug_ranges0+0
 891 03db 01       		.byte	0x1
 892 03dc 16       		.byte	0x16
 893 03dd FD030000 		.4byte	0x3fd
 894 03e1 1F       		.uleb128 0x1f
 895 03e2 0F030000 		.4byte	0x30f
 896 03e6 42000000 		.4byte	.LLST2
 897 03ea 1F       		.uleb128 0x1f
 898 03eb 04030000 		.4byte	0x304
 899 03ef 5A000000 		.4byte	.LLST3
 900 03f3 1F       		.uleb128 0x1f
 901 03f4 FB020000 		.4byte	0x2fb
 902 03f8 72000000 		.4byte	.LLST4
 903 03fc 00       		.byte	0
 904 03fd 20       		.uleb128 0x20
ARM GAS  C:\msys64\tmp\cc0qMh8R.s 			page 17


 905 03fe D0020000 		.4byte	0x2d0
 906 0402 1C000000 		.4byte	.LBB28
 907 0406 1C000000 		.4byte	.LBE28-.LBB28
 908 040a 01       		.byte	0x1
 909 040b 17       		.byte	0x17
 910 040c 4F040000 		.4byte	0x44f
 911 0410 1F       		.uleb128 0x1f
 912 0411 DE020000 		.4byte	0x2de
 913 0415 8A000000 		.4byte	.LLST5
 914 0419 21       		.uleb128 0x21
 915 041a 73020000 		.4byte	0x273
 916 041e 1C000000 		.4byte	.LBB29
 917 0422 1C000000 		.4byte	.LBE29-.LBB29
 918 0426 02       		.byte	0x2
 919 0427 65       		.byte	0x65
 920 0428 1F       		.uleb128 0x1f
 921 0429 8A020000 		.4byte	0x28a
 922 042d A2000000 		.4byte	.LLST6
 923 0431 1F       		.uleb128 0x1f
 924 0432 7F020000 		.4byte	0x27f
 925 0436 B8000000 		.4byte	.LLST7
 926 043a 22       		.uleb128 0x22
 927 043b 1C000000 		.4byte	.LBB30
 928 043f 1C000000 		.4byte	.LBE30-.LBB30
 929 0443 23       		.uleb128 0x23
 930 0444 95020000 		.4byte	0x295
 931 0448 0F010000 		.4byte	.LLST8
 932 044c 00       		.byte	0
 933 044d 00       		.byte	0
 934 044e 00       		.byte	0
 935 044f 24       		.uleb128 0x24
 936 0450 3C000000 		.4byte	.LVL9
 937 0454 0E070000 		.4byte	0x70e
 938 0458 00       		.byte	0
 939 0459 1B       		.uleb128 0x1b
 940 045a 2B050000 		.4byte	.LASF55
 941 045e 01       		.byte	0x1
 942 045f 22       		.byte	0x22
 943 0460 64000000 		.4byte	.LFB266
 944 0464 7C000000 		.4byte	.LFE266-.LFB266
 945 0468 01       		.uleb128 0x1
 946 0469 9C       		.byte	0x9c
 947 046a 16050000 		.4byte	0x516
 948 046e 1D       		.uleb128 0x1d
 949 046f 786E00   		.ascii	"xn\000"
 950 0472 01       		.byte	0x1
 951 0473 22       		.byte	0x22
 952 0474 11010000 		.4byte	0x111
 953 0478 27010000 		.4byte	.LLST9
 954 047c 1C       		.uleb128 0x1c
 955 047d 06000000 		.4byte	.LASF56
 956 0481 01       		.byte	0x1
 957 0482 22       		.byte	0x22
 958 0483 A9000000 		.4byte	0xa9
 959 0487 48010000 		.4byte	.LLST10
 960 048b 25       		.uleb128 0x25
 961 048c 64727900 		.ascii	"dry\000"
ARM GAS  C:\msys64\tmp\cc0qMh8R.s 			page 18


 962 0490 01       		.byte	0x1
 963 0491 24       		.byte	0x24
 964 0492 B1020000 		.4byte	0x2b1
 965 0496 0C       		.uleb128 0xc
 966 0497 F4       		.byte	0xf4
 967 0498 25       		.uleb128 0x25
 968 0499 04       		.byte	0x4
 969 049a 0000803F 		.4byte	0x3f800000
 970 049e F5       		.byte	0xf5
 971 049f 4B       		.uleb128 0x4b
 972 04a0 25       		.uleb128 0x25
 973 04a1 1C       		.byte	0x1c
 974 04a2 9F       		.byte	0x9f
 975 04a3 25       		.uleb128 0x25
 976 04a4 77657400 		.ascii	"wet\000"
 977 04a8 01       		.byte	0x1
 978 04a9 25       		.byte	0x25
 979 04aa B1020000 		.4byte	0x2b1
 980 04ae 02       		.uleb128 0x2
 981 04af 90       		.byte	0x90
 982 04b0 4B       		.uleb128 0x4b
 983 04b1 26       		.uleb128 0x26
 984 04b2 18000000 		.4byte	.Ldebug_ranges0+0x18
 985 04b6 27       		.uleb128 0x27
 986 04b7 6900     		.ascii	"i\000"
 987 04b9 01       		.byte	0x1
 988 04ba 28       		.byte	0x28
 989 04bb 2C000000 		.4byte	0x2c
 990 04bf 69010000 		.4byte	.LLST11
 991 04c3 26       		.uleb128 0x26
 992 04c4 30000000 		.4byte	.Ldebug_ranges0+0x30
 993 04c8 28       		.uleb128 0x28
 994 04c9 AF050000 		.4byte	.LASF57
 995 04cd 01       		.byte	0x1
 996 04ce 2A       		.byte	0x2a
 997 04cf B1020000 		.4byte	0x2b1
 998 04d3 1E       		.uleb128 0x1e
 999 04d4 57030000 		.4byte	0x357
 1000 04d8 6E000000 		.4byte	.LBB33
 1001 04dc 60000000 		.4byte	.Ldebug_ranges0+0x60
 1002 04e0 01       		.byte	0x1
 1003 04e1 2A       		.byte	0x2a
 1004 04e2 F1040000 		.4byte	0x4f1
 1005 04e6 29       		.uleb128 0x29
 1006 04e7 6E030000 		.4byte	0x36e
 1007 04eb 29       		.uleb128 0x29
 1008 04ec 65030000 		.4byte	0x365
 1009 04f0 00       		.byte	0
 1010 04f1 2A       		.uleb128 0x2a
 1011 04f2 1B030000 		.4byte	0x31b
 1012 04f6 A4000000 		.4byte	.LBB39
 1013 04fa 80000000 		.4byte	.Ldebug_ranges0+0x80
 1014 04fe 01       		.byte	0x1
 1015 04ff 2D       		.byte	0x2d
 1016 0500 1F       		.uleb128 0x1f
 1017 0501 32030000 		.4byte	0x332
 1018 0505 A0010000 		.4byte	.LLST12
ARM GAS  C:\msys64\tmp\cc0qMh8R.s 			page 19


 1019 0509 1F       		.uleb128 0x1f
 1020 050a 29030000 		.4byte	0x329
 1021 050e B4010000 		.4byte	.LLST13
 1022 0512 00       		.byte	0
 1023 0513 00       		.byte	0
 1024 0514 00       		.byte	0
 1025 0515 00       		.byte	0
 1026 0516 1B       		.uleb128 0x1b
 1027 0517 1E010000 		.4byte	.LASF58
 1028 051b 01       		.byte	0x1
 1029 051c 31       		.byte	0x31
 1030 051d E0000000 		.4byte	.LFB267
 1031 0521 98000000 		.4byte	.LFE267-.LFB267
 1032 0525 01       		.uleb128 0x1
 1033 0526 9C       		.byte	0x9c
 1034 0527 62050000 		.4byte	0x562
 1035 052b 1C       		.uleb128 0x1c
 1036 052c DA000000 		.4byte	.LASF59
 1037 0530 01       		.byte	0x1
 1038 0531 31       		.byte	0x31
 1039 0532 93000000 		.4byte	0x93
 1040 0536 CC010000 		.4byte	.LLST14
 1041 053a 1C       		.uleb128 0x1c
 1042 053b 0D040000 		.4byte	.LASF60
 1043 053f 01       		.byte	0x1
 1044 0540 31       		.byte	0x31
 1045 0541 9E000000 		.4byte	0x9e
 1046 0545 ED010000 		.4byte	.LLST15
 1047 0549 2B       		.uleb128 0x2b
 1048 054a 88040000 		.4byte	.LASF61
 1049 054e 01       		.byte	0x1
 1050 054f 33       		.byte	0x33
 1051 0550 B1020000 		.4byte	0x2b1
 1052 0554 0E020000 		.4byte	.LLST16
 1053 0558 24       		.uleb128 0x24
 1054 0559 0C010000 		.4byte	.LVL22
 1055 055d 0E070000 		.4byte	0x70e
 1056 0561 00       		.byte	0
 1057 0562 17       		.uleb128 0x17
 1058 0563 66010000 		.4byte	0x166
 1059 0567 02       		.byte	0x2
 1060 0568 70050000 		.4byte	0x570
 1061 056c 7A050000 		.4byte	0x57a
 1062 0570 18       		.uleb128 0x18
 1063 0571 48040000 		.4byte	.LASF47
 1064 0575 E8020000 		.4byte	0x2e8
 1065 0579 00       		.byte	0
 1066 057a 2C       		.uleb128 0x2c
 1067 057b 30000000 		.4byte	.LASF84
 1068 057f 00000000 		.4byte	.LFB269
 1069 0583 18000000 		.4byte	.LFE269-.LFB269
 1070 0587 01       		.uleb128 0x1
 1071 0588 9C       		.byte	0x9c
 1072 0589 C9050000 		.4byte	0x5c9
 1073 058d 21       		.uleb128 0x21
 1074 058e 7A030000 		.4byte	0x37a
 1075 0592 00000000 		.4byte	.LBB55
ARM GAS  C:\msys64\tmp\cc0qMh8R.s 			page 20


 1076 0596 18000000 		.4byte	.LBE55-.LBB55
 1077 059a 01       		.byte	0x1
 1078 059b 5A       		.byte	0x5a
 1079 059c 1F       		.uleb128 0x1f
 1080 059d 8F030000 		.4byte	0x38f
 1081 05a1 3C020000 		.4byte	.LLST17
 1082 05a5 1F       		.uleb128 0x1f
 1083 05a6 84030000 		.4byte	0x384
 1084 05aa 52020000 		.4byte	.LLST18
 1085 05ae 21       		.uleb128 0x21
 1086 05af 62050000 		.4byte	0x562
 1087 05b3 00000000 		.4byte	.LBB56
 1088 05b7 18000000 		.4byte	.LBE56-.LBB56
 1089 05bb 01       		.byte	0x1
 1090 05bc 08       		.byte	0x8
 1091 05bd 1F       		.uleb128 0x1f
 1092 05be 70050000 		.4byte	0x570
 1093 05c2 66020000 		.4byte	.LLST19
 1094 05c6 00       		.byte	0
 1095 05c7 00       		.byte	0
 1096 05c8 00       		.byte	0
 1097 05c9 2D       		.uleb128 0x2d
 1098 05ca 61010000 		.4byte	.LASF62
 1099 05ce 08       		.byte	0x8
 1100 05cf 46       		.byte	0x46
 1101 05d0 A6020000 		.4byte	0x2a6
 1102 05d4 2D       		.uleb128 0x2d
 1103 05d5 1A050000 		.4byte	.LASF63
 1104 05d9 08       		.byte	0x8
 1105 05da 4B       		.byte	0x4b
 1106 05db A6020000 		.4byte	0x2a6
 1107 05df 2E       		.uleb128 0x2e
 1108 05e0 B1020000 		.4byte	0x2b1
 1109 05e4 EF050000 		.4byte	0x5ef
 1110 05e8 2F       		.uleb128 0x2f
 1111 05e9 CB000000 		.4byte	0xcb
 1112 05ed 80       		.byte	0x80
 1113 05ee 00       		.byte	0
 1114 05ef 2D       		.uleb128 0x2d
 1115 05f0 C6030000 		.4byte	.LASF64
 1116 05f4 08       		.byte	0x8
 1117 05f5 82       		.byte	0x82
 1118 05f6 FA050000 		.4byte	0x5fa
 1119 05fa 15       		.uleb128 0x15
 1120 05fb DF050000 		.4byte	0x5df
 1121 05ff 2E       		.uleb128 0x2e
 1122 0600 B1020000 		.4byte	0x2b1
 1123 0604 10060000 		.4byte	0x610
 1124 0608 30       		.uleb128 0x30
 1125 0609 CB000000 		.4byte	0xcb
 1126 060d 0001     		.2byte	0x100
 1127 060f 00       		.byte	0
 1128 0610 2D       		.uleb128 0x2d
 1129 0611 57010000 		.4byte	.LASF65
 1130 0615 08       		.byte	0x8
 1131 0616 C9       		.byte	0xc9
 1132 0617 1B060000 		.4byte	0x61b
ARM GAS  C:\msys64\tmp\cc0qMh8R.s 			page 21


 1133 061b 15       		.uleb128 0x15
 1134 061c FF050000 		.4byte	0x5ff
 1135 0620 2D       		.uleb128 0x2d
 1136 0621 4D040000 		.4byte	.LASF66
 1137 0625 08       		.byte	0x8
 1138 0626 E0       		.byte	0xe0
 1139 0627 2B060000 		.4byte	0x62b
 1140 062b 15       		.uleb128 0x15
 1141 062c FF050000 		.4byte	0x5ff
 1142 0630 2D       		.uleb128 0x2d
 1143 0631 DD040000 		.4byte	.LASF67
 1144 0635 08       		.byte	0x8
 1145 0636 F8       		.byte	0xf8
 1146 0637 3B060000 		.4byte	0x63b
 1147 063b 15       		.uleb128 0x15
 1148 063c FF050000 		.4byte	0x5ff
 1149 0640 31       		.uleb128 0x31
 1150 0641 6F000000 		.4byte	.LASF68
 1151 0645 08       		.byte	0x8
 1152 0646 0F01     		.2byte	0x10f
 1153 0648 4C060000 		.4byte	0x64c
 1154 064c 15       		.uleb128 0x15
 1155 064d FF050000 		.4byte	0x5ff
 1156 0651 31       		.uleb128 0x31
 1157 0652 7A000000 		.4byte	.LASF69
 1158 0656 08       		.byte	0x8
 1159 0657 3E01     		.2byte	0x13e
 1160 0659 5D060000 		.4byte	0x65d
 1161 065d 15       		.uleb128 0x15
 1162 065e DF050000 		.4byte	0x5df
 1163 0662 31       		.uleb128 0x31
 1164 0663 0A010000 		.4byte	.LASF70
 1165 0667 08       		.byte	0x8
 1166 0668 5301     		.2byte	0x153
 1167 066a 6E060000 		.4byte	0x66e
 1168 066e 15       		.uleb128 0x15
 1169 066f DF050000 		.4byte	0x5df
 1170 0673 31       		.uleb128 0x31
 1171 0674 94000000 		.4byte	.LASF71
 1172 0678 08       		.byte	0x8
 1173 0679 7001     		.2byte	0x170
 1174 067b 7F060000 		.4byte	0x67f
 1175 067f 15       		.uleb128 0x15
 1176 0680 DF050000 		.4byte	0x5df
 1177 0684 32       		.uleb128 0x32
 1178 0685 D5040000 		.4byte	.LASF72
 1179 0689 01       		.byte	0x1
 1180 068a 08       		.byte	0x8
 1181 068b 22010000 		.4byte	0x122
 1182 068f 05       		.uleb128 0x5
 1183 0690 03       		.byte	0x3
 1184 0691 00000000 		.4byte	_ZL7s_delay
 1185 0695 2E       		.uleb128 0x2e
 1186 0696 25000000 		.4byte	0x25
 1187 069a A8060000 		.4byte	0x6a8
 1188 069e 33       		.uleb128 0x33
 1189 069f CB000000 		.4byte	0xcb
ARM GAS  C:\msys64\tmp\cc0qMh8R.s 			page 22


 1190 06a3 4F340300 		.4byte	0x3344f
 1191 06a7 00       		.byte	0
 1192 06a8 32       		.uleb128 0x32
 1193 06a9 D4030000 		.4byte	.LASF73
 1194 06ad 01       		.byte	0x1
 1195 06ae 09       		.byte	0x9
 1196 06af 95060000 		.4byte	0x695
 1197 06b3 05       		.uleb128 0x5
 1198 06b4 03       		.byte	0x3
 1199 06b5 00000000 		.4byte	_ZL11s_delay_ram
 1200 06b9 34       		.uleb128 0x34
 1201 06ba 47010000 		.4byte	.LASF74
 1202 06be 01       		.byte	0x1
 1203 06bf 0B       		.byte	0xb
 1204 06c0 A9000000 		.4byte	0xa9
 1205 06c4 05       		.uleb128 0x5
 1206 06c5 03       		.byte	0x3
 1207 06c6 00000000 		.4byte	s_len
 1208 06ca 32       		.uleb128 0x32
 1209 06cb 41010000 		.4byte	.LASF75
 1210 06cf 01       		.byte	0x1
 1211 06d0 0C       		.byte	0xc
 1212 06d1 25000000 		.4byte	0x25
 1213 06d5 05       		.uleb128 0x5
 1214 06d6 03       		.byte	0x3
 1215 06d7 1C000000 		.4byte	_ZL5s_mix
 1216 06db 32       		.uleb128 0x32
 1217 06dc 8D040000 		.4byte	.LASF76
 1218 06e0 01       		.byte	0x1
 1219 06e1 0D       		.byte	0xd
 1220 06e2 25000000 		.4byte	0x25
 1221 06e6 05       		.uleb128 0x5
 1222 06e7 03       		.byte	0x3
 1223 06e8 20000000 		.4byte	_ZL4gain
 1224 06ec 34       		.uleb128 0x34
 1225 06ed A5040000 		.4byte	.LASF77
 1226 06f1 01       		.byte	0x1
 1227 06f2 0E       		.byte	0xe
 1228 06f3 25000000 		.4byte	0x25
 1229 06f7 05       		.uleb128 0x5
 1230 06f8 03       		.byte	0x3
 1231 06f9 00000000 		.4byte	wetXN
 1232 06fd 35       		.uleb128 0x35
 1233 06fe 62706D00 		.ascii	"bpm\000"
 1234 0702 01       		.byte	0x1
 1235 0703 0F       		.byte	0xf
 1236 0704 2C000000 		.4byte	0x2c
 1237 0708 05       		.uleb128 0x5
 1238 0709 03       		.byte	0x3
 1239 070a 00000000 		.4byte	bpm
 1240 070e 36       		.uleb128 0x36
 1241 070f C9040000 		.4byte	.LASF85
 1242 0713 C9040000 		.4byte	.LASF85
 1243 0717 08       		.byte	0x8
 1244 0718 5D       		.byte	0x5d
 1245 0719 00       		.byte	0
 1246              		.section	.debug_abbrev,"",%progbits
ARM GAS  C:\msys64\tmp\cc0qMh8R.s 			page 23


 1247              	.Ldebug_abbrev0:
 1248 0000 01       		.uleb128 0x1
 1249 0001 11       		.uleb128 0x11
 1250 0002 01       		.byte	0x1
 1251 0003 25       		.uleb128 0x25
 1252 0004 0E       		.uleb128 0xe
 1253 0005 13       		.uleb128 0x13
 1254 0006 0B       		.uleb128 0xb
 1255 0007 03       		.uleb128 0x3
 1256 0008 0E       		.uleb128 0xe
 1257 0009 1B       		.uleb128 0x1b
 1258 000a 0E       		.uleb128 0xe
 1259 000b 55       		.uleb128 0x55
 1260 000c 17       		.uleb128 0x17
 1261 000d 11       		.uleb128 0x11
 1262 000e 01       		.uleb128 0x1
 1263 000f 10       		.uleb128 0x10
 1264 0010 17       		.uleb128 0x17
 1265 0011 00       		.byte	0
 1266 0012 00       		.byte	0
 1267 0013 02       		.uleb128 0x2
 1268 0014 24       		.uleb128 0x24
 1269 0015 00       		.byte	0
 1270 0016 0B       		.uleb128 0xb
 1271 0017 0B       		.uleb128 0xb
 1272 0018 3E       		.uleb128 0x3e
 1273 0019 0B       		.uleb128 0xb
 1274 001a 03       		.uleb128 0x3
 1275 001b 0E       		.uleb128 0xe
 1276 001c 00       		.byte	0
 1277 001d 00       		.byte	0
 1278 001e 03       		.uleb128 0x3
 1279 001f 24       		.uleb128 0x24
 1280 0020 00       		.byte	0
 1281 0021 0B       		.uleb128 0xb
 1282 0022 0B       		.uleb128 0xb
 1283 0023 3E       		.uleb128 0x3e
 1284 0024 0B       		.uleb128 0xb
 1285 0025 03       		.uleb128 0x3
 1286 0026 08       		.uleb128 0x8
 1287 0027 00       		.byte	0
 1288 0028 00       		.byte	0
 1289 0029 04       		.uleb128 0x4
 1290 002a 16       		.uleb128 0x16
 1291 002b 00       		.byte	0
 1292 002c 03       		.uleb128 0x3
 1293 002d 0E       		.uleb128 0xe
 1294 002e 3A       		.uleb128 0x3a
 1295 002f 0B       		.uleb128 0xb
 1296 0030 3B       		.uleb128 0x3b
 1297 0031 0B       		.uleb128 0xb
 1298 0032 49       		.uleb128 0x49
 1299 0033 13       		.uleb128 0x13
 1300 0034 00       		.byte	0
 1301 0035 00       		.byte	0
 1302 0036 05       		.uleb128 0x5
 1303 0037 3B       		.uleb128 0x3b
ARM GAS  C:\msys64\tmp\cc0qMh8R.s 			page 24


 1304 0038 00       		.byte	0
 1305 0039 03       		.uleb128 0x3
 1306 003a 0E       		.uleb128 0xe
 1307 003b 00       		.byte	0
 1308 003c 00       		.byte	0
 1309 003d 06       		.uleb128 0x6
 1310 003e 04       		.uleb128 0x4
 1311 003f 01       		.byte	0x1
 1312 0040 0B       		.uleb128 0xb
 1313 0041 0B       		.uleb128 0xb
 1314 0042 49       		.uleb128 0x49
 1315 0043 13       		.uleb128 0x13
 1316 0044 3A       		.uleb128 0x3a
 1317 0045 0B       		.uleb128 0xb
 1318 0046 3B       		.uleb128 0x3b
 1319 0047 0B       		.uleb128 0xb
 1320 0048 01       		.uleb128 0x1
 1321 0049 13       		.uleb128 0x13
 1322 004a 00       		.byte	0
 1323 004b 00       		.byte	0
 1324 004c 07       		.uleb128 0x7
 1325 004d 28       		.uleb128 0x28
 1326 004e 00       		.byte	0
 1327 004f 03       		.uleb128 0x3
 1328 0050 0E       		.uleb128 0xe
 1329 0051 1C       		.uleb128 0x1c
 1330 0052 0B       		.uleb128 0xb
 1331 0053 00       		.byte	0
 1332 0054 00       		.byte	0
 1333 0055 08       		.uleb128 0x8
 1334 0056 0F       		.uleb128 0xf
 1335 0057 00       		.byte	0
 1336 0058 0B       		.uleb128 0xb
 1337 0059 0B       		.uleb128 0xb
 1338 005a 49       		.uleb128 0x49
 1339 005b 13       		.uleb128 0x13
 1340 005c 00       		.byte	0
 1341 005d 00       		.byte	0
 1342 005e 09       		.uleb128 0x9
 1343 005f 39       		.uleb128 0x39
 1344 0060 01       		.byte	0x1
 1345 0061 03       		.uleb128 0x3
 1346 0062 08       		.uleb128 0x8
 1347 0063 3A       		.uleb128 0x3a
 1348 0064 0B       		.uleb128 0xb
 1349 0065 3B       		.uleb128 0x3b
 1350 0066 0B       		.uleb128 0xb
 1351 0067 01       		.uleb128 0x1
 1352 0068 13       		.uleb128 0x13
 1353 0069 00       		.byte	0
 1354 006a 00       		.byte	0
 1355 006b 0A       		.uleb128 0xa
 1356 006c 13       		.uleb128 0x13
 1357 006d 01       		.byte	0x1
 1358 006e 03       		.uleb128 0x3
 1359 006f 0E       		.uleb128 0xe
 1360 0070 0B       		.uleb128 0xb
ARM GAS  C:\msys64\tmp\cc0qMh8R.s 			page 25


 1361 0071 0B       		.uleb128 0xb
 1362 0072 3A       		.uleb128 0x3a
 1363 0073 0B       		.uleb128 0xb
 1364 0074 3B       		.uleb128 0x3b
 1365 0075 0B       		.uleb128 0xb
 1366 0076 00       		.byte	0
 1367 0077 00       		.byte	0
 1368 0078 0B       		.uleb128 0xb
 1369 0079 0D       		.uleb128 0xd
 1370 007a 00       		.byte	0
 1371 007b 03       		.uleb128 0x3
 1372 007c 0E       		.uleb128 0xe
 1373 007d 3A       		.uleb128 0x3a
 1374 007e 0B       		.uleb128 0xb
 1375 007f 3B       		.uleb128 0x3b
 1376 0080 0B       		.uleb128 0xb
 1377 0081 49       		.uleb128 0x49
 1378 0082 13       		.uleb128 0x13
 1379 0083 38       		.uleb128 0x38
 1380 0084 0B       		.uleb128 0xb
 1381 0085 00       		.byte	0
 1382 0086 00       		.byte	0
 1383 0087 0C       		.uleb128 0xc
 1384 0088 2E       		.uleb128 0x2e
 1385 0089 01       		.byte	0x1
 1386 008a 3F       		.uleb128 0x3f
 1387 008b 19       		.uleb128 0x19
 1388 008c 03       		.uleb128 0x3
 1389 008d 0E       		.uleb128 0xe
 1390 008e 3A       		.uleb128 0x3a
 1391 008f 0B       		.uleb128 0xb
 1392 0090 3B       		.uleb128 0x3b
 1393 0091 0B       		.uleb128 0xb
 1394 0092 6E       		.uleb128 0x6e
 1395 0093 0E       		.uleb128 0xe
 1396 0094 49       		.uleb128 0x49
 1397 0095 13       		.uleb128 0x13
 1398 0096 3C       		.uleb128 0x3c
 1399 0097 19       		.uleb128 0x19
 1400 0098 64       		.uleb128 0x64
 1401 0099 13       		.uleb128 0x13
 1402 009a 01       		.uleb128 0x1
 1403 009b 13       		.uleb128 0x13
 1404 009c 00       		.byte	0
 1405 009d 00       		.byte	0
 1406 009e 0D       		.uleb128 0xd
 1407 009f 05       		.uleb128 0x5
 1408 00a0 00       		.byte	0
 1409 00a1 49       		.uleb128 0x49
 1410 00a2 13       		.uleb128 0x13
 1411 00a3 34       		.uleb128 0x34
 1412 00a4 19       		.uleb128 0x19
 1413 00a5 00       		.byte	0
 1414 00a6 00       		.byte	0
 1415 00a7 0E       		.uleb128 0xe
 1416 00a8 05       		.uleb128 0x5
 1417 00a9 00       		.byte	0
ARM GAS  C:\msys64\tmp\cc0qMh8R.s 			page 26


 1418 00aa 49       		.uleb128 0x49
 1419 00ab 13       		.uleb128 0x13
 1420 00ac 00       		.byte	0
 1421 00ad 00       		.byte	0
 1422 00ae 0F       		.uleb128 0xf
 1423 00af 2E       		.uleb128 0x2e
 1424 00b0 01       		.byte	0x1
 1425 00b1 3F       		.uleb128 0x3f
 1426 00b2 19       		.uleb128 0x19
 1427 00b3 03       		.uleb128 0x3
 1428 00b4 0E       		.uleb128 0xe
 1429 00b5 3A       		.uleb128 0x3a
 1430 00b6 0B       		.uleb128 0xb
 1431 00b7 3B       		.uleb128 0x3b
 1432 00b8 0B       		.uleb128 0xb
 1433 00b9 6E       		.uleb128 0x6e
 1434 00ba 0E       		.uleb128 0xe
 1435 00bb 3C       		.uleb128 0x3c
 1436 00bc 19       		.uleb128 0x19
 1437 00bd 64       		.uleb128 0x64
 1438 00be 13       		.uleb128 0x13
 1439 00bf 01       		.uleb128 0x1
 1440 00c0 13       		.uleb128 0x13
 1441 00c1 00       		.byte	0
 1442 00c2 00       		.byte	0
 1443 00c3 10       		.uleb128 0x10
 1444 00c4 2E       		.uleb128 0x2e
 1445 00c5 01       		.byte	0x1
 1446 00c6 3F       		.uleb128 0x3f
 1447 00c7 19       		.uleb128 0x19
 1448 00c8 03       		.uleb128 0x3
 1449 00c9 0E       		.uleb128 0xe
 1450 00ca 3A       		.uleb128 0x3a
 1451 00cb 0B       		.uleb128 0xb
 1452 00cc 3B       		.uleb128 0x3b
 1453 00cd 0B       		.uleb128 0xb
 1454 00ce 6E       		.uleb128 0x6e
 1455 00cf 0E       		.uleb128 0xe
 1456 00d0 49       		.uleb128 0x49
 1457 00d1 13       		.uleb128 0x13
 1458 00d2 3C       		.uleb128 0x3c
 1459 00d3 19       		.uleb128 0x19
 1460 00d4 64       		.uleb128 0x64
 1461 00d5 13       		.uleb128 0x13
 1462 00d6 00       		.byte	0
 1463 00d7 00       		.byte	0
 1464 00d8 11       		.uleb128 0x11
 1465 00d9 2E       		.uleb128 0x2e
 1466 00da 01       		.byte	0x1
 1467 00db 03       		.uleb128 0x3
 1468 00dc 0E       		.uleb128 0xe
 1469 00dd 3A       		.uleb128 0x3a
 1470 00de 0B       		.uleb128 0xb
 1471 00df 3B       		.uleb128 0x3b
 1472 00e0 0B       		.uleb128 0xb
 1473 00e1 20       		.uleb128 0x20
 1474 00e2 0B       		.uleb128 0xb
ARM GAS  C:\msys64\tmp\cc0qMh8R.s 			page 27


 1475 00e3 01       		.uleb128 0x1
 1476 00e4 13       		.uleb128 0x13
 1477 00e5 00       		.byte	0
 1478 00e6 00       		.byte	0
 1479 00e7 12       		.uleb128 0x12
 1480 00e8 05       		.uleb128 0x5
 1481 00e9 00       		.byte	0
 1482 00ea 03       		.uleb128 0x3
 1483 00eb 08       		.uleb128 0x8
 1484 00ec 3A       		.uleb128 0x3a
 1485 00ed 0B       		.uleb128 0xb
 1486 00ee 3B       		.uleb128 0x3b
 1487 00ef 0B       		.uleb128 0xb
 1488 00f0 49       		.uleb128 0x49
 1489 00f1 13       		.uleb128 0x13
 1490 00f2 00       		.byte	0
 1491 00f3 00       		.byte	0
 1492 00f4 13       		.uleb128 0x13
 1493 00f5 34       		.uleb128 0x34
 1494 00f6 00       		.byte	0
 1495 00f7 03       		.uleb128 0x3
 1496 00f8 08       		.uleb128 0x8
 1497 00f9 3A       		.uleb128 0x3a
 1498 00fa 0B       		.uleb128 0xb
 1499 00fb 3B       		.uleb128 0x3b
 1500 00fc 0B       		.uleb128 0xb
 1501 00fd 49       		.uleb128 0x49
 1502 00fe 13       		.uleb128 0x13
 1503 00ff 00       		.byte	0
 1504 0100 00       		.byte	0
 1505 0101 14       		.uleb128 0x14
 1506 0102 37       		.uleb128 0x37
 1507 0103 00       		.byte	0
 1508 0104 49       		.uleb128 0x49
 1509 0105 13       		.uleb128 0x13
 1510 0106 00       		.byte	0
 1511 0107 00       		.byte	0
 1512 0108 15       		.uleb128 0x15
 1513 0109 26       		.uleb128 0x26
 1514 010a 00       		.byte	0
 1515 010b 49       		.uleb128 0x49
 1516 010c 13       		.uleb128 0x13
 1517 010d 00       		.byte	0
 1518 010e 00       		.byte	0
 1519 010f 16       		.uleb128 0x16
 1520 0110 2E       		.uleb128 0x2e
 1521 0111 01       		.byte	0x1
 1522 0112 03       		.uleb128 0x3
 1523 0113 0E       		.uleb128 0xe
 1524 0114 3A       		.uleb128 0x3a
 1525 0115 0B       		.uleb128 0xb
 1526 0116 3B       		.uleb128 0x3b
 1527 0117 0B       		.uleb128 0xb
 1528 0118 49       		.uleb128 0x49
 1529 0119 13       		.uleb128 0x13
 1530 011a 20       		.uleb128 0x20
 1531 011b 0B       		.uleb128 0xb
ARM GAS  C:\msys64\tmp\cc0qMh8R.s 			page 28


 1532 011c 01       		.uleb128 0x1
 1533 011d 13       		.uleb128 0x13
 1534 011e 00       		.byte	0
 1535 011f 00       		.byte	0
 1536 0120 17       		.uleb128 0x17
 1537 0121 2E       		.uleb128 0x2e
 1538 0122 01       		.byte	0x1
 1539 0123 47       		.uleb128 0x47
 1540 0124 13       		.uleb128 0x13
 1541 0125 20       		.uleb128 0x20
 1542 0126 0B       		.uleb128 0xb
 1543 0127 64       		.uleb128 0x64
 1544 0128 13       		.uleb128 0x13
 1545 0129 01       		.uleb128 0x1
 1546 012a 13       		.uleb128 0x13
 1547 012b 00       		.byte	0
 1548 012c 00       		.byte	0
 1549 012d 18       		.uleb128 0x18
 1550 012e 05       		.uleb128 0x5
 1551 012f 00       		.byte	0
 1552 0130 03       		.uleb128 0x3
 1553 0131 0E       		.uleb128 0xe
 1554 0132 49       		.uleb128 0x49
 1555 0133 13       		.uleb128 0x13
 1556 0134 34       		.uleb128 0x34
 1557 0135 19       		.uleb128 0x19
 1558 0136 00       		.byte	0
 1559 0137 00       		.byte	0
 1560 0138 19       		.uleb128 0x19
 1561 0139 05       		.uleb128 0x5
 1562 013a 00       		.byte	0
 1563 013b 03       		.uleb128 0x3
 1564 013c 0E       		.uleb128 0xe
 1565 013d 3A       		.uleb128 0x3a
 1566 013e 0B       		.uleb128 0xb
 1567 013f 3B       		.uleb128 0x3b
 1568 0140 0B       		.uleb128 0xb
 1569 0141 49       		.uleb128 0x49
 1570 0142 13       		.uleb128 0x13
 1571 0143 00       		.byte	0
 1572 0144 00       		.byte	0
 1573 0145 1A       		.uleb128 0x1a
 1574 0146 2E       		.uleb128 0x2e
 1575 0147 01       		.byte	0x1
 1576 0148 03       		.uleb128 0x3
 1577 0149 0E       		.uleb128 0xe
 1578 014a 34       		.uleb128 0x34
 1579 014b 19       		.uleb128 0x19
 1580 014c 20       		.uleb128 0x20
 1581 014d 0B       		.uleb128 0xb
 1582 014e 01       		.uleb128 0x1
 1583 014f 13       		.uleb128 0x13
 1584 0150 00       		.byte	0
 1585 0151 00       		.byte	0
 1586 0152 1B       		.uleb128 0x1b
 1587 0153 2E       		.uleb128 0x2e
 1588 0154 01       		.byte	0x1
ARM GAS  C:\msys64\tmp\cc0qMh8R.s 			page 29


 1589 0155 3F       		.uleb128 0x3f
 1590 0156 19       		.uleb128 0x19
 1591 0157 03       		.uleb128 0x3
 1592 0158 0E       		.uleb128 0xe
 1593 0159 3A       		.uleb128 0x3a
 1594 015a 0B       		.uleb128 0xb
 1595 015b 3B       		.uleb128 0x3b
 1596 015c 0B       		.uleb128 0xb
 1597 015d 11       		.uleb128 0x11
 1598 015e 01       		.uleb128 0x1
 1599 015f 12       		.uleb128 0x12
 1600 0160 06       		.uleb128 0x6
 1601 0161 40       		.uleb128 0x40
 1602 0162 18       		.uleb128 0x18
 1603 0163 9742     		.uleb128 0x2117
 1604 0165 19       		.uleb128 0x19
 1605 0166 01       		.uleb128 0x1
 1606 0167 13       		.uleb128 0x13
 1607 0168 00       		.byte	0
 1608 0169 00       		.byte	0
 1609 016a 1C       		.uleb128 0x1c
 1610 016b 05       		.uleb128 0x5
 1611 016c 00       		.byte	0
 1612 016d 03       		.uleb128 0x3
 1613 016e 0E       		.uleb128 0xe
 1614 016f 3A       		.uleb128 0x3a
 1615 0170 0B       		.uleb128 0xb
 1616 0171 3B       		.uleb128 0x3b
 1617 0172 0B       		.uleb128 0xb
 1618 0173 49       		.uleb128 0x49
 1619 0174 13       		.uleb128 0x13
 1620 0175 02       		.uleb128 0x2
 1621 0176 17       		.uleb128 0x17
 1622 0177 00       		.byte	0
 1623 0178 00       		.byte	0
 1624 0179 1D       		.uleb128 0x1d
 1625 017a 05       		.uleb128 0x5
 1626 017b 00       		.byte	0
 1627 017c 03       		.uleb128 0x3
 1628 017d 08       		.uleb128 0x8
 1629 017e 3A       		.uleb128 0x3a
 1630 017f 0B       		.uleb128 0xb
 1631 0180 3B       		.uleb128 0x3b
 1632 0181 0B       		.uleb128 0xb
 1633 0182 49       		.uleb128 0x49
 1634 0183 13       		.uleb128 0x13
 1635 0184 02       		.uleb128 0x2
 1636 0185 17       		.uleb128 0x17
 1637 0186 00       		.byte	0
 1638 0187 00       		.byte	0
 1639 0188 1E       		.uleb128 0x1e
 1640 0189 1D       		.uleb128 0x1d
 1641 018a 01       		.byte	0x1
 1642 018b 31       		.uleb128 0x31
 1643 018c 13       		.uleb128 0x13
 1644 018d 52       		.uleb128 0x52
 1645 018e 01       		.uleb128 0x1
ARM GAS  C:\msys64\tmp\cc0qMh8R.s 			page 30


 1646 018f 55       		.uleb128 0x55
 1647 0190 17       		.uleb128 0x17
 1648 0191 58       		.uleb128 0x58
 1649 0192 0B       		.uleb128 0xb
 1650 0193 59       		.uleb128 0x59
 1651 0194 0B       		.uleb128 0xb
 1652 0195 01       		.uleb128 0x1
 1653 0196 13       		.uleb128 0x13
 1654 0197 00       		.byte	0
 1655 0198 00       		.byte	0
 1656 0199 1F       		.uleb128 0x1f
 1657 019a 05       		.uleb128 0x5
 1658 019b 00       		.byte	0
 1659 019c 31       		.uleb128 0x31
 1660 019d 13       		.uleb128 0x13
 1661 019e 02       		.uleb128 0x2
 1662 019f 17       		.uleb128 0x17
 1663 01a0 00       		.byte	0
 1664 01a1 00       		.byte	0
 1665 01a2 20       		.uleb128 0x20
 1666 01a3 1D       		.uleb128 0x1d
 1667 01a4 01       		.byte	0x1
 1668 01a5 31       		.uleb128 0x31
 1669 01a6 13       		.uleb128 0x13
 1670 01a7 11       		.uleb128 0x11
 1671 01a8 01       		.uleb128 0x1
 1672 01a9 12       		.uleb128 0x12
 1673 01aa 06       		.uleb128 0x6
 1674 01ab 58       		.uleb128 0x58
 1675 01ac 0B       		.uleb128 0xb
 1676 01ad 59       		.uleb128 0x59
 1677 01ae 0B       		.uleb128 0xb
 1678 01af 01       		.uleb128 0x1
 1679 01b0 13       		.uleb128 0x13
 1680 01b1 00       		.byte	0
 1681 01b2 00       		.byte	0
 1682 01b3 21       		.uleb128 0x21
 1683 01b4 1D       		.uleb128 0x1d
 1684 01b5 01       		.byte	0x1
 1685 01b6 31       		.uleb128 0x31
 1686 01b7 13       		.uleb128 0x13
 1687 01b8 11       		.uleb128 0x11
 1688 01b9 01       		.uleb128 0x1
 1689 01ba 12       		.uleb128 0x12
 1690 01bb 06       		.uleb128 0x6
 1691 01bc 58       		.uleb128 0x58
 1692 01bd 0B       		.uleb128 0xb
 1693 01be 59       		.uleb128 0x59
 1694 01bf 0B       		.uleb128 0xb
 1695 01c0 00       		.byte	0
 1696 01c1 00       		.byte	0
 1697 01c2 22       		.uleb128 0x22
 1698 01c3 0B       		.uleb128 0xb
 1699 01c4 01       		.byte	0x1
 1700 01c5 11       		.uleb128 0x11
 1701 01c6 01       		.uleb128 0x1
 1702 01c7 12       		.uleb128 0x12
ARM GAS  C:\msys64\tmp\cc0qMh8R.s 			page 31


 1703 01c8 06       		.uleb128 0x6
 1704 01c9 00       		.byte	0
 1705 01ca 00       		.byte	0
 1706 01cb 23       		.uleb128 0x23
 1707 01cc 34       		.uleb128 0x34
 1708 01cd 00       		.byte	0
 1709 01ce 31       		.uleb128 0x31
 1710 01cf 13       		.uleb128 0x13
 1711 01d0 02       		.uleb128 0x2
 1712 01d1 17       		.uleb128 0x17
 1713 01d2 00       		.byte	0
 1714 01d3 00       		.byte	0
 1715 01d4 24       		.uleb128 0x24
 1716 01d5 898201   		.uleb128 0x4109
 1717 01d8 00       		.byte	0
 1718 01d9 11       		.uleb128 0x11
 1719 01da 01       		.uleb128 0x1
 1720 01db 31       		.uleb128 0x31
 1721 01dc 13       		.uleb128 0x13
 1722 01dd 00       		.byte	0
 1723 01de 00       		.byte	0
 1724 01df 25       		.uleb128 0x25
 1725 01e0 34       		.uleb128 0x34
 1726 01e1 00       		.byte	0
 1727 01e2 03       		.uleb128 0x3
 1728 01e3 08       		.uleb128 0x8
 1729 01e4 3A       		.uleb128 0x3a
 1730 01e5 0B       		.uleb128 0xb
 1731 01e6 3B       		.uleb128 0x3b
 1732 01e7 0B       		.uleb128 0xb
 1733 01e8 49       		.uleb128 0x49
 1734 01e9 13       		.uleb128 0x13
 1735 01ea 02       		.uleb128 0x2
 1736 01eb 18       		.uleb128 0x18
 1737 01ec 00       		.byte	0
 1738 01ed 00       		.byte	0
 1739 01ee 26       		.uleb128 0x26
 1740 01ef 0B       		.uleb128 0xb
 1741 01f0 01       		.byte	0x1
 1742 01f1 55       		.uleb128 0x55
 1743 01f2 17       		.uleb128 0x17
 1744 01f3 00       		.byte	0
 1745 01f4 00       		.byte	0
 1746 01f5 27       		.uleb128 0x27
 1747 01f6 34       		.uleb128 0x34
 1748 01f7 00       		.byte	0
 1749 01f8 03       		.uleb128 0x3
 1750 01f9 08       		.uleb128 0x8
 1751 01fa 3A       		.uleb128 0x3a
 1752 01fb 0B       		.uleb128 0xb
 1753 01fc 3B       		.uleb128 0x3b
 1754 01fd 0B       		.uleb128 0xb
 1755 01fe 49       		.uleb128 0x49
 1756 01ff 13       		.uleb128 0x13
 1757 0200 02       		.uleb128 0x2
 1758 0201 17       		.uleb128 0x17
 1759 0202 00       		.byte	0
ARM GAS  C:\msys64\tmp\cc0qMh8R.s 			page 32


 1760 0203 00       		.byte	0
 1761 0204 28       		.uleb128 0x28
 1762 0205 34       		.uleb128 0x34
 1763 0206 00       		.byte	0
 1764 0207 03       		.uleb128 0x3
 1765 0208 0E       		.uleb128 0xe
 1766 0209 3A       		.uleb128 0x3a
 1767 020a 0B       		.uleb128 0xb
 1768 020b 3B       		.uleb128 0x3b
 1769 020c 0B       		.uleb128 0xb
 1770 020d 49       		.uleb128 0x49
 1771 020e 13       		.uleb128 0x13
 1772 020f 00       		.byte	0
 1773 0210 00       		.byte	0
 1774 0211 29       		.uleb128 0x29
 1775 0212 05       		.uleb128 0x5
 1776 0213 00       		.byte	0
 1777 0214 31       		.uleb128 0x31
 1778 0215 13       		.uleb128 0x13
 1779 0216 00       		.byte	0
 1780 0217 00       		.byte	0
 1781 0218 2A       		.uleb128 0x2a
 1782 0219 1D       		.uleb128 0x1d
 1783 021a 01       		.byte	0x1
 1784 021b 31       		.uleb128 0x31
 1785 021c 13       		.uleb128 0x13
 1786 021d 52       		.uleb128 0x52
 1787 021e 01       		.uleb128 0x1
 1788 021f 55       		.uleb128 0x55
 1789 0220 17       		.uleb128 0x17
 1790 0221 58       		.uleb128 0x58
 1791 0222 0B       		.uleb128 0xb
 1792 0223 59       		.uleb128 0x59
 1793 0224 0B       		.uleb128 0xb
 1794 0225 00       		.byte	0
 1795 0226 00       		.byte	0
 1796 0227 2B       		.uleb128 0x2b
 1797 0228 34       		.uleb128 0x34
 1798 0229 00       		.byte	0
 1799 022a 03       		.uleb128 0x3
 1800 022b 0E       		.uleb128 0xe
 1801 022c 3A       		.uleb128 0x3a
 1802 022d 0B       		.uleb128 0xb
 1803 022e 3B       		.uleb128 0x3b
 1804 022f 0B       		.uleb128 0xb
 1805 0230 49       		.uleb128 0x49
 1806 0231 13       		.uleb128 0x13
 1807 0232 02       		.uleb128 0x2
 1808 0233 17       		.uleb128 0x17
 1809 0234 00       		.byte	0
 1810 0235 00       		.byte	0
 1811 0236 2C       		.uleb128 0x2c
 1812 0237 2E       		.uleb128 0x2e
 1813 0238 01       		.byte	0x1
 1814 0239 03       		.uleb128 0x3
 1815 023a 0E       		.uleb128 0xe
 1816 023b 34       		.uleb128 0x34
ARM GAS  C:\msys64\tmp\cc0qMh8R.s 			page 33


 1817 023c 19       		.uleb128 0x19
 1818 023d 11       		.uleb128 0x11
 1819 023e 01       		.uleb128 0x1
 1820 023f 12       		.uleb128 0x12
 1821 0240 06       		.uleb128 0x6
 1822 0241 40       		.uleb128 0x40
 1823 0242 18       		.uleb128 0x18
 1824 0243 9742     		.uleb128 0x2117
 1825 0245 19       		.uleb128 0x19
 1826 0246 01       		.uleb128 0x1
 1827 0247 13       		.uleb128 0x13
 1828 0248 00       		.byte	0
 1829 0249 00       		.byte	0
 1830 024a 2D       		.uleb128 0x2d
 1831 024b 34       		.uleb128 0x34
 1832 024c 00       		.byte	0
 1833 024d 03       		.uleb128 0x3
 1834 024e 0E       		.uleb128 0xe
 1835 024f 3A       		.uleb128 0x3a
 1836 0250 0B       		.uleb128 0xb
 1837 0251 3B       		.uleb128 0x3b
 1838 0252 0B       		.uleb128 0xb
 1839 0253 49       		.uleb128 0x49
 1840 0254 13       		.uleb128 0x13
 1841 0255 3F       		.uleb128 0x3f
 1842 0256 19       		.uleb128 0x19
 1843 0257 3C       		.uleb128 0x3c
 1844 0258 19       		.uleb128 0x19
 1845 0259 00       		.byte	0
 1846 025a 00       		.byte	0
 1847 025b 2E       		.uleb128 0x2e
 1848 025c 01       		.uleb128 0x1
 1849 025d 01       		.byte	0x1
 1850 025e 49       		.uleb128 0x49
 1851 025f 13       		.uleb128 0x13
 1852 0260 01       		.uleb128 0x1
 1853 0261 13       		.uleb128 0x13
 1854 0262 00       		.byte	0
 1855 0263 00       		.byte	0
 1856 0264 2F       		.uleb128 0x2f
 1857 0265 21       		.uleb128 0x21
 1858 0266 00       		.byte	0
 1859 0267 49       		.uleb128 0x49
 1860 0268 13       		.uleb128 0x13
 1861 0269 2F       		.uleb128 0x2f
 1862 026a 0B       		.uleb128 0xb
 1863 026b 00       		.byte	0
 1864 026c 00       		.byte	0
 1865 026d 30       		.uleb128 0x30
 1866 026e 21       		.uleb128 0x21
 1867 026f 00       		.byte	0
 1868 0270 49       		.uleb128 0x49
 1869 0271 13       		.uleb128 0x13
 1870 0272 2F       		.uleb128 0x2f
 1871 0273 05       		.uleb128 0x5
 1872 0274 00       		.byte	0
 1873 0275 00       		.byte	0
ARM GAS  C:\msys64\tmp\cc0qMh8R.s 			page 34


 1874 0276 31       		.uleb128 0x31
 1875 0277 34       		.uleb128 0x34
 1876 0278 00       		.byte	0
 1877 0279 03       		.uleb128 0x3
 1878 027a 0E       		.uleb128 0xe
 1879 027b 3A       		.uleb128 0x3a
 1880 027c 0B       		.uleb128 0xb
 1881 027d 3B       		.uleb128 0x3b
 1882 027e 05       		.uleb128 0x5
 1883 027f 49       		.uleb128 0x49
 1884 0280 13       		.uleb128 0x13
 1885 0281 3F       		.uleb128 0x3f
 1886 0282 19       		.uleb128 0x19
 1887 0283 3C       		.uleb128 0x3c
 1888 0284 19       		.uleb128 0x19
 1889 0285 00       		.byte	0
 1890 0286 00       		.byte	0
 1891 0287 32       		.uleb128 0x32
 1892 0288 34       		.uleb128 0x34
 1893 0289 00       		.byte	0
 1894 028a 03       		.uleb128 0x3
 1895 028b 0E       		.uleb128 0xe
 1896 028c 3A       		.uleb128 0x3a
 1897 028d 0B       		.uleb128 0xb
 1898 028e 3B       		.uleb128 0x3b
 1899 028f 0B       		.uleb128 0xb
 1900 0290 49       		.uleb128 0x49
 1901 0291 13       		.uleb128 0x13
 1902 0292 02       		.uleb128 0x2
 1903 0293 18       		.uleb128 0x18
 1904 0294 00       		.byte	0
 1905 0295 00       		.byte	0
 1906 0296 33       		.uleb128 0x33
 1907 0297 21       		.uleb128 0x21
 1908 0298 00       		.byte	0
 1909 0299 49       		.uleb128 0x49
 1910 029a 13       		.uleb128 0x13
 1911 029b 2F       		.uleb128 0x2f
 1912 029c 06       		.uleb128 0x6
 1913 029d 00       		.byte	0
 1914 029e 00       		.byte	0
 1915 029f 34       		.uleb128 0x34
 1916 02a0 34       		.uleb128 0x34
 1917 02a1 00       		.byte	0
 1918 02a2 03       		.uleb128 0x3
 1919 02a3 0E       		.uleb128 0xe
 1920 02a4 3A       		.uleb128 0x3a
 1921 02a5 0B       		.uleb128 0xb
 1922 02a6 3B       		.uleb128 0x3b
 1923 02a7 0B       		.uleb128 0xb
 1924 02a8 49       		.uleb128 0x49
 1925 02a9 13       		.uleb128 0x13
 1926 02aa 3F       		.uleb128 0x3f
 1927 02ab 19       		.uleb128 0x19
 1928 02ac 02       		.uleb128 0x2
 1929 02ad 18       		.uleb128 0x18
 1930 02ae 00       		.byte	0
ARM GAS  C:\msys64\tmp\cc0qMh8R.s 			page 35


 1931 02af 00       		.byte	0
 1932 02b0 35       		.uleb128 0x35
 1933 02b1 34       		.uleb128 0x34
 1934 02b2 00       		.byte	0
 1935 02b3 03       		.uleb128 0x3
 1936 02b4 08       		.uleb128 0x8
 1937 02b5 3A       		.uleb128 0x3a
 1938 02b6 0B       		.uleb128 0xb
 1939 02b7 3B       		.uleb128 0x3b
 1940 02b8 0B       		.uleb128 0xb
 1941 02b9 49       		.uleb128 0x49
 1942 02ba 13       		.uleb128 0x13
 1943 02bb 3F       		.uleb128 0x3f
 1944 02bc 19       		.uleb128 0x19
 1945 02bd 02       		.uleb128 0x2
 1946 02be 18       		.uleb128 0x18
 1947 02bf 00       		.byte	0
 1948 02c0 00       		.byte	0
 1949 02c1 36       		.uleb128 0x36
 1950 02c2 2E       		.uleb128 0x2e
 1951 02c3 00       		.byte	0
 1952 02c4 3F       		.uleb128 0x3f
 1953 02c5 19       		.uleb128 0x19
 1954 02c6 3C       		.uleb128 0x3c
 1955 02c7 19       		.uleb128 0x19
 1956 02c8 6E       		.uleb128 0x6e
 1957 02c9 0E       		.uleb128 0xe
 1958 02ca 03       		.uleb128 0x3
 1959 02cb 0E       		.uleb128 0xe
 1960 02cc 3A       		.uleb128 0x3a
 1961 02cd 0B       		.uleb128 0xb
 1962 02ce 3B       		.uleb128 0x3b
 1963 02cf 0B       		.uleb128 0xb
 1964 02d0 00       		.byte	0
 1965 02d1 00       		.byte	0
 1966 02d2 00       		.byte	0
 1967              		.section	.debug_loc,"",%progbits
 1968              	.Ldebug_loc0:
 1969              	.LLST0:
 1970 0000 00000000 		.4byte	.LVL0
 1971 0004 3B000000 		.4byte	.LVL9-1
 1972 0008 0100     		.2byte	0x1
 1973 000a 50       		.byte	0x50
 1974 000b 3B000000 		.4byte	.LVL9-1
 1975 000f 64000000 		.4byte	.LFE264
 1976 0013 0400     		.2byte	0x4
 1977 0015 F3       		.byte	0xf3
 1978 0016 01       		.uleb128 0x1
 1979 0017 50       		.byte	0x50
 1980 0018 9F       		.byte	0x9f
 1981 0019 00000000 		.4byte	0
 1982 001d 00000000 		.4byte	0
 1983              	.LLST1:
 1984 0021 00000000 		.4byte	.LVL0
 1985 0025 02000000 		.4byte	.LVL1
 1986 0029 0100     		.2byte	0x1
 1987 002b 51       		.byte	0x51
ARM GAS  C:\msys64\tmp\cc0qMh8R.s 			page 36


 1988 002c 02000000 		.4byte	.LVL1
 1989 0030 64000000 		.4byte	.LFE264
 1990 0034 0400     		.2byte	0x4
 1991 0036 F3       		.byte	0xf3
 1992 0037 01       		.uleb128 0x1
 1993 0038 51       		.byte	0x51
 1994 0039 9F       		.byte	0x9f
 1995 003a 00000000 		.4byte	0
 1996 003e 00000000 		.4byte	0
 1997              	.LLST2:
 1998 0042 00000000 		.4byte	.LVL0
 1999 0046 16000000 		.4byte	.LVL2
 2000 004a 0600     		.2byte	0x6
 2001 004c 0C       		.byte	0xc
 2002 004d 50340300 		.4byte	0x33450
 2003 0051 9F       		.byte	0x9f
 2004 0052 00000000 		.4byte	0
 2005 0056 00000000 		.4byte	0
 2006              	.LLST3:
 2007 005a 00000000 		.4byte	.LVL0
 2008 005e 16000000 		.4byte	.LVL2
 2009 0062 0600     		.2byte	0x6
 2010 0064 03       		.byte	0x3
 2011 0065 00000000 		.4byte	_ZL11s_delay_ram
 2012 0069 9F       		.byte	0x9f
 2013 006a 00000000 		.4byte	0
 2014 006e 00000000 		.4byte	0
 2015              	.LLST4:
 2016 0072 00000000 		.4byte	.LVL0
 2017 0076 16000000 		.4byte	.LVL2
 2018 007a 0600     		.2byte	0x6
 2019 007c 03       		.byte	0x3
 2020 007d 00000000 		.4byte	_ZL7s_delay
 2021 0081 9F       		.byte	0x9f
 2022 0082 00000000 		.4byte	0
 2023 0086 00000000 		.4byte	0
 2024              	.LLST5:
 2025 008a 16000000 		.4byte	.LVL2
 2026 008e 38000000 		.4byte	.LVL8
 2027 0092 0600     		.2byte	0x6
 2028 0094 03       		.byte	0x3
 2029 0095 00000000 		.4byte	_ZL7s_delay
 2030 0099 9F       		.byte	0x9f
 2031 009a 00000000 		.4byte	0
 2032 009e 00000000 		.4byte	0
 2033              	.LLST6:
 2034 00a2 16000000 		.4byte	.LVL2
 2035 00a6 38000000 		.4byte	.LVL8
 2036 00aa 0400     		.2byte	0x4
 2037 00ac 40       		.byte	0x40
 2038 00ad 3E       		.byte	0x3e
 2039 00ae 24       		.byte	0x24
 2040 00af 9F       		.byte	0x9f
 2041 00b0 00000000 		.4byte	0
 2042 00b4 00000000 		.4byte	0
 2043              	.LLST7:
 2044 00b8 16000000 		.4byte	.LVL2
ARM GAS  C:\msys64\tmp\cc0qMh8R.s 			page 37


 2045 00bc 22000000 		.4byte	.LVL3
 2046 00c0 0600     		.2byte	0x6
 2047 00c2 03       		.byte	0x3
 2048 00c3 00000000 		.4byte	_ZL11s_delay_ram
 2049 00c7 9F       		.byte	0x9f
 2050 00c8 22000000 		.4byte	.LVL3
 2051 00cc 26000000 		.4byte	.LVL4
 2052 00d0 0300     		.2byte	0x3
 2053 00d2 73       		.byte	0x73
 2054 00d3 74       		.sleb128 -12
 2055 00d4 9F       		.byte	0x9f
 2056 00d5 26000000 		.4byte	.LVL4
 2057 00d9 2A000000 		.4byte	.LVL5
 2058 00dd 0300     		.2byte	0x3
 2059 00df 73       		.byte	0x73
 2060 00e0 78       		.sleb128 -8
 2061 00e1 9F       		.byte	0x9f
 2062 00e2 2A000000 		.4byte	.LVL5
 2063 00e6 2E000000 		.4byte	.LVL6
 2064 00ea 0300     		.2byte	0x3
 2065 00ec 73       		.byte	0x73
 2066 00ed 7C       		.sleb128 -4
 2067 00ee 9F       		.byte	0x9f
 2068 00ef 2E000000 		.4byte	.LVL6
 2069 00f3 34000000 		.4byte	.LVL7
 2070 00f7 0100     		.2byte	0x1
 2071 00f9 53       		.byte	0x53
 2072 00fa 34000000 		.4byte	.LVL7
 2073 00fe 38000000 		.4byte	.LVL8
 2074 0102 0300     		.2byte	0x3
 2075 0104 73       		.byte	0x73
 2076 0105 70       		.sleb128 -16
 2077 0106 9F       		.byte	0x9f
 2078 0107 00000000 		.4byte	0
 2079 010b 00000000 		.4byte	0
 2080              	.LLST8:
 2081 010f 16000000 		.4byte	.LVL2
 2082 0113 38000000 		.4byte	.LVL8
 2083 0117 0600     		.2byte	0x6
 2084 0119 03       		.byte	0x3
 2085 011a 00001000 		.4byte	_ZL11s_delay_ram+1048576
 2086 011e 9F       		.byte	0x9f
 2087 011f 00000000 		.4byte	0
 2088 0123 00000000 		.4byte	0
 2089              	.LLST9:
 2090 0127 64000000 		.4byte	.LVL10
 2091 012b 8A000000 		.4byte	.LVL13
 2092 012f 0100     		.2byte	0x1
 2093 0131 50       		.byte	0x50
 2094 0132 8A000000 		.4byte	.LVL13
 2095 0136 E0000000 		.4byte	.LFE266
 2096 013a 0400     		.2byte	0x4
 2097 013c F3       		.byte	0xf3
 2098 013d 01       		.uleb128 0x1
 2099 013e 50       		.byte	0x50
 2100 013f 9F       		.byte	0x9f
 2101 0140 00000000 		.4byte	0
ARM GAS  C:\msys64\tmp\cc0qMh8R.s 			page 38


 2102 0144 00000000 		.4byte	0
 2103              	.LLST10:
 2104 0148 64000000 		.4byte	.LVL10
 2105 014c 7C000000 		.4byte	.LVL12
 2106 0150 0100     		.2byte	0x1
 2107 0152 51       		.byte	0x51
 2108 0153 7C000000 		.4byte	.LVL12
 2109 0157 E0000000 		.4byte	.LFE266
 2110 015b 0400     		.2byte	0x4
 2111 015d F3       		.byte	0xf3
 2112 015e 01       		.uleb128 0x1
 2113 015f 51       		.byte	0x51
 2114 0160 9F       		.byte	0x9f
 2115 0161 00000000 		.4byte	0
 2116 0165 00000000 		.4byte	0
 2117              	.LLST11:
 2118 0169 6E000000 		.4byte	.LVL11
 2119 016d 8A000000 		.4byte	.LVL13
 2120 0171 0200     		.2byte	0x2
 2121 0173 30       		.byte	0x30
 2122 0174 9F       		.byte	0x9f
 2123 0175 90000000 		.4byte	.LVL14
 2124 0179 BC000000 		.4byte	.LVL16
 2125 017d 0100     		.2byte	0x1
 2126 017f 54       		.byte	0x54
 2127 0180 BC000000 		.4byte	.LVL16
 2128 0184 D4000000 		.4byte	.LVL18
 2129 0188 0300     		.2byte	0x3
 2130 018a 74       		.byte	0x74
 2131 018b 7F       		.sleb128 -1
 2132 018c 9F       		.byte	0x9f
 2133 018d D4000000 		.4byte	.LVL18
 2134 0191 DA000000 		.4byte	.LVL19
 2135 0195 0100     		.2byte	0x1
 2136 0197 54       		.byte	0x54
 2137 0198 00000000 		.4byte	0
 2138 019c 00000000 		.4byte	0
 2139              	.LLST12:
 2140 01a0 D0000000 		.4byte	.LVL17
 2141 01a4 D4000000 		.4byte	.LVL18
 2142 01a8 0200     		.2byte	0x2
 2143 01aa 90       		.byte	0x90
 2144 01ab 4F       		.uleb128 0x4f
 2145 01ac 00000000 		.4byte	0
 2146 01b0 00000000 		.4byte	0
 2147              	.LLST13:
 2148 01b4 D0000000 		.4byte	.LVL17
 2149 01b8 D4000000 		.4byte	.LVL18
 2150 01bc 0600     		.2byte	0x6
 2151 01be 03       		.byte	0x3
 2152 01bf 00000000 		.4byte	_ZL7s_delay
 2153 01c3 9F       		.byte	0x9f
 2154 01c4 00000000 		.4byte	0
 2155 01c8 00000000 		.4byte	0
 2156              	.LLST14:
 2157 01cc E0000000 		.4byte	.LVL20
 2158 01d0 0B010000 		.4byte	.LVL22-1
ARM GAS  C:\msys64\tmp\cc0qMh8R.s 			page 39


 2159 01d4 0100     		.2byte	0x1
 2160 01d6 50       		.byte	0x50
 2161 01d7 0B010000 		.4byte	.LVL22-1
 2162 01db 78010000 		.4byte	.LFE267
 2163 01df 0400     		.2byte	0x4
 2164 01e1 F3       		.byte	0xf3
 2165 01e2 01       		.uleb128 0x1
 2166 01e3 50       		.byte	0x50
 2167 01e4 9F       		.byte	0x9f
 2168 01e5 00000000 		.4byte	0
 2169 01e9 00000000 		.4byte	0
 2170              	.LLST15:
 2171 01ed E0000000 		.4byte	.LVL20
 2172 01f1 0B010000 		.4byte	.LVL22-1
 2173 01f5 0100     		.2byte	0x1
 2174 01f7 51       		.byte	0x51
 2175 01f8 0B010000 		.4byte	.LVL22-1
 2176 01fc 78010000 		.4byte	.LFE267
 2177 0200 0400     		.2byte	0x4
 2178 0202 F3       		.byte	0xf3
 2179 0203 01       		.uleb128 0x1
 2180 0204 51       		.byte	0x51
 2181 0205 9F       		.byte	0x9f
 2182 0206 00000000 		.4byte	0
 2183 020a 00000000 		.4byte	0
 2184              	.LLST16:
 2185 020e F0000000 		.4byte	.LVL21
 2186 0212 68010000 		.4byte	.LVL23
 2187 0216 0200     		.2byte	0x2
 2188 0218 90       		.byte	0x90
 2189 0219 50       		.uleb128 0x50
 2190 021a 68010000 		.4byte	.LVL23
 2191 021e 78010000 		.4byte	.LFE267
 2192 0222 1000     		.2byte	0x10
 2193 0224 F3       		.byte	0xf3
 2194 0225 01       		.uleb128 0x1
 2195 0226 51       		.byte	0x51
 2196 0227 F7       		.byte	0xf7
 2197 0228 2C       		.uleb128 0x2c
 2198 0229 F7       		.byte	0xf7
 2199 022a 25       		.uleb128 0x25
 2200 022b F4       		.byte	0xf4
 2201 022c 25       		.uleb128 0x25
 2202 022d 04       		.byte	0x4
 2203 022e 00000030 		.4byte	0x30000000
 2204 0232 1E       		.byte	0x1e
 2205 0233 9F       		.byte	0x9f
 2206 0234 00000000 		.4byte	0
 2207 0238 00000000 		.4byte	0
 2208              	.LLST17:
 2209 023c 00000000 		.4byte	.LVL24
 2210 0240 10000000 		.4byte	.LVL25
 2211 0244 0400     		.2byte	0x4
 2212 0246 0A       		.byte	0xa
 2213 0247 FFFF     		.2byte	0xffff
 2214 0249 9F       		.byte	0x9f
 2215 024a 00000000 		.4byte	0
ARM GAS  C:\msys64\tmp\cc0qMh8R.s 			page 40


 2216 024e 00000000 		.4byte	0
 2217              	.LLST18:
 2218 0252 00000000 		.4byte	.LVL24
 2219 0256 10000000 		.4byte	.LVL25
 2220 025a 0200     		.2byte	0x2
 2221 025c 31       		.byte	0x31
 2222 025d 9F       		.byte	0x9f
 2223 025e 00000000 		.4byte	0
 2224 0262 00000000 		.4byte	0
 2225              	.LLST19:
 2226 0266 00000000 		.4byte	.LVL24
 2227 026a 10000000 		.4byte	.LVL25
 2228 026e 0600     		.2byte	0x6
 2229 0270 03       		.byte	0x3
 2230 0271 00000000 		.4byte	_ZL7s_delay
 2231 0275 9F       		.byte	0x9f
 2232 0276 00000000 		.4byte	0
 2233 027a 00000000 		.4byte	0
 2234              		.section	.debug_aranges,"",%progbits
 2235 0000 24000000 		.4byte	0x24
 2236 0004 0200     		.2byte	0x2
 2237 0006 00000000 		.4byte	.Ldebug_info0
 2238 000a 04       		.byte	0x4
 2239 000b 00       		.byte	0
 2240 000c 0000     		.2byte	0
 2241 000e 0000     		.2byte	0
 2242 0010 00000000 		.4byte	.Ltext0
 2243 0014 78010000 		.4byte	.Letext0-.Ltext0
 2244 0018 00000000 		.4byte	.LFB269
 2245 001c 18000000 		.4byte	.LFE269-.LFB269
 2246 0020 00000000 		.4byte	0
 2247 0024 00000000 		.4byte	0
 2248              		.section	.debug_ranges,"",%progbits
 2249              	.Ldebug_ranges0:
 2250 0000 00000000 		.4byte	.LBB24
 2251 0004 08000000 		.4byte	.LBE24
 2252 0008 0A000000 		.4byte	.LBB27
 2253 000c 1C000000 		.4byte	.LBE27
 2254 0010 00000000 		.4byte	0
 2255 0014 00000000 		.4byte	0
 2256 0018 68000000 		.4byte	.LBB31
 2257 001c 6A000000 		.4byte	.LBE31
 2258 0020 6E000000 		.4byte	.LBB49
 2259 0024 E0000000 		.4byte	.LBE49
 2260 0028 00000000 		.4byte	0
 2261 002c 00000000 		.4byte	0
 2262 0030 68000000 		.4byte	.LBB32
 2263 0034 6A000000 		.4byte	.LBE32
 2264 0038 6E000000 		.4byte	.LBB45
 2265 003c 76000000 		.4byte	.LBE45
 2266 0040 7E000000 		.4byte	.LBB46
 2267 0044 8A000000 		.4byte	.LBE46
 2268 0048 92000000 		.4byte	.LBB47
 2269 004c BA000000 		.4byte	.LBE47
 2270 0050 BC000000 		.4byte	.LBB48
 2271 0054 D4000000 		.4byte	.LBE48
 2272 0058 00000000 		.4byte	0
ARM GAS  C:\msys64\tmp\cc0qMh8R.s 			page 41


 2273 005c 00000000 		.4byte	0
 2274 0060 6E000000 		.4byte	.LBB33
 2275 0064 72000000 		.4byte	.LBE33
 2276 0068 7E000000 		.4byte	.LBB37
 2277 006c 82000000 		.4byte	.LBE37
 2278 0070 92000000 		.4byte	.LBB38
 2279 0074 9C000000 		.4byte	.LBE38
 2280 0078 00000000 		.4byte	0
 2281 007c 00000000 		.4byte	0
 2282 0080 A4000000 		.4byte	.LBB39
 2283 0084 A6000000 		.4byte	.LBE39
 2284 0088 AA000000 		.4byte	.LBB43
 2285 008c AE000000 		.4byte	.LBE43
 2286 0090 D0000000 		.4byte	.LBB44
 2287 0094 D4000000 		.4byte	.LBE44
 2288 0098 00000000 		.4byte	0
 2289 009c 00000000 		.4byte	0
 2290 00a0 00000000 		.4byte	.Ltext0
 2291 00a4 78010000 		.4byte	.Letext0
 2292 00a8 00000000 		.4byte	.LFB269
 2293 00ac 18000000 		.4byte	.LFE269
 2294 00b0 00000000 		.4byte	0
 2295 00b4 00000000 		.4byte	0
 2296              		.section	.debug_line,"",%progbits
 2297              	.Ldebug_line0:
 2298 0000 53030000 		.section	.debug_str,"MS",%progbits,1
 2298      02005502 
 2298      00000201 
 2298      FB0E0D00 
 2298      01010101 
 2299              	.LASF39:
 2300 0000 77726974 		.ascii	"write\000"
 2300      6500
 2301              	.LASF56:
 2302 0006 6672616D 		.ascii	"frames\000"
 2302      657300
 2303              	.LASF53:
 2304 000d 5F686F6F 		.ascii	"_hook_init\000"
 2304      6B5F696E 
 2304      697400
 2305              	.LASF35:
 2306 0018 636C6561 		.ascii	"clear\000"
 2306      7200
 2307              	.LASF81:
 2308 001e 6465636C 		.ascii	"decltype(nullptr)\000"
 2308      74797065 
 2308      286E756C 
 2308      6C707472 
 2308      2900
 2309              	.LASF84:
 2310 0030 5F474C4F 		.ascii	"_GLOBAL__sub_I_s_len\000"
 2310      42414C5F 
 2310      5F737562 
 2310      5F495F73 
 2310      5F6C656E 
 2311              	.LASF29:
 2312 0045 6D53697A 		.ascii	"mSize\000"
ARM GAS  C:\msys64\tmp\cc0qMh8R.s 			page 42


 2312      6500
 2313              	.LASF16:
 2314 004b 73697A65 		.ascii	"size_t\000"
 2314      5F7400
 2315              	.LASF79:
 2316 0052 2E2F7372 		.ascii	"./src/monodelay.cpp\000"
 2316      632F6D6F 
 2316      6E6F6465 
 2316      6C61792E 
 2316      63707000 
 2317              	.LASF18:
 2318 0066 73697A65 		.ascii	"sizetype\000"
 2318      74797065 
 2318      00
 2319              	.LASF68:
 2320 006f 706F7732 		.ascii	"pow2_lut_f\000"
 2320      5F6C7574 
 2320      5F6600
 2321              	.LASF69:
 2322 007a 63756269 		.ascii	"cubicsat_lut_f\000"
 2322      63736174 
 2322      5F6C7574 
 2322      5F6600
 2323              	.LASF8:
 2324 0089 5F5F7569 		.ascii	"__uint32_t\000"
 2324      6E743332 
 2324      5F7400
 2325              	.LASF71:
 2326 0094 62697472 		.ascii	"bitres_lut_f\000"
 2326      65735F6C 
 2326      75745F66 
 2326      00
 2327              	.LASF3:
 2328 00a1 73686F72 		.ascii	"short int\000"
 2328      7420696E 
 2328      7400
 2329              	.LASF21:
 2330 00ab 6B5F7573 		.ascii	"k_user_module_global\000"
 2330      65725F6D 
 2330      6F64756C 
 2330      655F676C 
 2330      6F62616C 
 2331              	.LASF26:
 2332 00c0 6B5F6E75 		.ascii	"k_num_user_modules\000"
 2332      6D5F7573 
 2332      65725F6D 
 2332      6F64756C 
 2332      657300
 2333              	.LASF28:
 2334 00d3 6D467261 		.ascii	"mFracZ\000"
 2334      635A00
 2335              	.LASF59:
 2336 00da 696E6465 		.ascii	"index\000"
 2336      7800
 2337              	.LASF30:
 2338 00e0 6D4D6173 		.ascii	"mMask\000"
 2338      6B00
ARM GAS  C:\msys64\tmp\cc0qMh8R.s 			page 43


 2339              	.LASF25:
 2340 00e6 6B5F7573 		.ascii	"k_user_module_osc\000"
 2340      65725F6D 
 2340      6F64756C 
 2340      655F6F73 
 2340      6300
 2341              	.LASF1:
 2342 00f8 7369676E 		.ascii	"signed char\000"
 2342      65642063 
 2342      68617200 
 2343              	.LASF0:
 2344 0104 666C6F61 		.ascii	"float\000"
 2344      7400
 2345              	.LASF70:
 2346 010a 73636865 		.ascii	"schetzen_lut_f\000"
 2346      747A656E 
 2346      5F6C7574 
 2346      5F6600
 2347              	.LASF41:
 2348 0119 72656164 		.ascii	"read\000"
 2348      00
 2349              	.LASF58:
 2350 011e 5F686F6F 		.ascii	"_hook_param\000"
 2350      6B5F7061 
 2350      72616D00 
 2351              	.LASF10:
 2352 012a 6C6F6E67 		.ascii	"long long int\000"
 2352      206C6F6E 
 2352      6720696E 
 2352      7400
 2353              	.LASF7:
 2354 0138 6C6F6E67 		.ascii	"long int\000"
 2354      20696E74 
 2354      00
 2355              	.LASF75:
 2356 0141 735F6D69 		.ascii	"s_mix\000"
 2356      7800
 2357              	.LASF74:
 2358 0147 735F6C65 		.ascii	"s_len\000"
 2358      6E00
 2359              	.LASF50:
 2360 014d 77617665 		.ascii	"waveshape\000"
 2360      73686170 
 2360      6500
 2361              	.LASF65:
 2362 0157 6C6F675F 		.ascii	"log_lut_f\000"
 2362      6C75745F 
 2362      6600
 2363              	.LASF62:
 2364 0161 6B5F6678 		.ascii	"k_fx_api_platform\000"
 2364      5F617069 
 2364      5F706C61 
 2364      74666F72 
 2364      6D00
 2365              	.LASF51:
 2366 0173 5F5F696E 		.ascii	"__initialize_p\000"
 2366      69746961 
ARM GAS  C:\msys64\tmp\cc0qMh8R.s 			page 44


 2366      6C697A65 
 2366      5F7000
 2367              	.LASF44:
 2368 0182 5F5A4E33 		.ascii	"_ZN3dsp9DelayLine8readFracEf\000"
 2368      64737039 
 2368      44656C61 
 2368      794C696E 
 2368      65387265 
 2369              	.LASF32:
 2370 019f 44656C61 		.ascii	"DelayLine\000"
 2370      794C696E 
 2370      6500
 2371              	.LASF46:
 2372 01a9 5F5A4E33 		.ascii	"_ZN3dsp9DelayLine9readFraczEmf\000"
 2372      64737039 
 2372      44656C61 
 2372      794C696E 
 2372      65397265 
 2373              	.LASF17:
 2374 01c8 6C6F6E67 		.ascii	"long double\000"
 2374      20646F75 
 2374      626C6500 
 2375              	.LASF22:
 2376 01d4 6B5F7573 		.ascii	"k_user_module_modfx\000"
 2376      65725F6D 
 2376      6F64756C 
 2376      655F6D6F 
 2376      64667800 
 2377              	.LASF38:
 2378 01e8 5F5A4E33 		.ascii	"_ZN3dsp9DelayLine9setMemoryEPfj\000"
 2378      64737039 
 2378      44656C61 
 2378      794C696E 
 2378      65397365 
 2379              	.LASF2:
 2380 0208 756E7369 		.ascii	"unsigned char\000"
 2380      676E6564 
 2380      20636861 
 2380      7200
 2381              	.LASF48:
 2382 0216 6C696E65 		.ascii	"line_size\000"
 2382      5F73697A 
 2382      6500
 2383              	.LASF78:
 2384 0220 474E5520 		.ascii	"GNU C++11 5.4.1 20160919 (release) [ARM/embedded-5-"
 2384      432B2B31 
 2384      3120352E 
 2384      342E3120 
 2384      32303136 
 2385 0253 6272616E 		.ascii	"branch revision 240496] -mcpu=cortex-m4 -mthumb -mn"
 2385      63682072 
 2385      65766973 
 2385      696F6E20 
 2385      32343034 
 2386 0286 6F2D7468 		.ascii	"o-thumb-interwork -mlittle-endian -mfloat-abi=hard "
 2386      756D622D 
 2386      696E7465 
ARM GAS  C:\msys64\tmp\cc0qMh8R.s 			page 45


 2386      72776F72 
 2386      6B202D6D 
 2387 02b9 2D6D6670 		.ascii	"-mfpu=fpv4-sp-d16 -g -Os -std=c++11 -fsingle-precis"
 2387      753D6670 
 2387      76342D73 
 2387      702D6431 
 2387      36202D67 
 2388 02ec 696F6E2D 		.ascii	"ion-constant -fcheck-new -fno-rtti -fno-exceptions "
 2388      636F6E73 
 2388      74616E74 
 2388      202D6663 
 2388      6865636B 
 2389 031f 2D666E6F 		.ascii	"-fno-non-call-exceptions\000"
 2389      2D6E6F6E 
 2389      2D63616C 
 2389      6C2D6578 
 2389      63657074 
 2390              	.LASF11:
 2391 0338 6C6F6E67 		.ascii	"long long unsigned int\000"
 2391      206C6F6E 
 2391      6720756E 
 2391      7369676E 
 2391      65642069 
 2392              	.LASF15:
 2393 034f 75696E74 		.ascii	"uint32_t\000"
 2393      33325F74 
 2393      00
 2394              	.LASF12:
 2395 0358 756E7369 		.ascii	"unsigned int\000"
 2395      676E6564 
 2395      20696E74 
 2395      00
 2396              	.LASF5:
 2397 0365 5F5F7569 		.ascii	"__uint8_t\000"
 2397      6E74385F 
 2397      7400
 2398              	.LASF27:
 2399 036f 6D4C696E 		.ascii	"mLine\000"
 2399      6500
 2400              	.LASF40:
 2401 0375 5F5A4E33 		.ascii	"_ZN3dsp9DelayLine5writeEf\000"
 2401      64737039 
 2401      44656C61 
 2401      794C696E 
 2401      65357772 
 2402              	.LASF37:
 2403 038f 5F5A4E33 		.ascii	"_ZN3dsp9DelayLine5clearEv\000"
 2403      64737039 
 2403      44656C61 
 2403      794C696E 
 2403      6535636C 
 2404              	.LASF36:
 2405 03a9 7365744D 		.ascii	"setMemory\000"
 2405      656D6F72 
 2405      7900
 2406              	.LASF4:
 2407 03b3 73686F72 		.ascii	"short unsigned int\000"
ARM GAS  C:\msys64\tmp\cc0qMh8R.s 			page 46


 2407      7420756E 
 2407      7369676E 
 2407      65642069 
 2407      6E7400
 2408              	.LASF64:
 2409 03c6 77745F73 		.ascii	"wt_sine_lut_f\000"
 2409      696E655F 
 2409      6C75745F 
 2409      6600
 2410              	.LASF73:
 2411 03d4 735F6465 		.ascii	"s_delay_ram\000"
 2411      6C61795F 
 2411      72616D00 
 2412              	.LASF31:
 2413 03e0 6D577269 		.ascii	"mWriteIdx\000"
 2413      74654964 
 2413      7800
 2414              	.LASF19:
 2415 03ea 63686172 		.ascii	"char\000"
 2415      00
 2416              	.LASF45:
 2417 03ef 72656164 		.ascii	"readFracz\000"
 2417      46726163 
 2417      7A00
 2418              	.LASF14:
 2419 03f9 696E7433 		.ascii	"int32_t\000"
 2419      325F7400 
 2420              	.LASF82:
 2421 0401 6275665F 		.ascii	"buf_clr_f32\000"
 2421      636C725F 
 2421      66333200 
 2422              	.LASF60:
 2423 040d 76616C75 		.ascii	"value\000"
 2423      6500
 2424              	.LASF83:
 2425 0413 5F5F7374 		.ascii	"__static_initialization_and_destruction_0\000"
 2425      61746963 
 2425      5F696E69 
 2425      7469616C 
 2425      697A6174 
 2426              	.LASF52:
 2427 043d 5F5F7072 		.ascii	"__priority\000"
 2427      696F7269 
 2427      747900
 2428              	.LASF47:
 2429 0448 74686973 		.ascii	"this\000"
 2429      00
 2430              	.LASF66:
 2431 044d 74616E70 		.ascii	"tanpi_lut_f\000"
 2431      695F6C75 
 2431      745F6600 
 2432              	.LASF24:
 2433 0459 6B5F7573 		.ascii	"k_user_module_revfx\000"
 2433      65725F6D 
 2433      6F64756C 
 2433      655F7265 
 2433      76667800 
ARM GAS  C:\msys64\tmp\cc0qMh8R.s 			page 47


 2434              	.LASF54:
 2435 046d 706C6174 		.ascii	"platform\000"
 2435      666F726D 
 2435      00
 2436              	.LASF9:
 2437 0476 6C6F6E67 		.ascii	"long unsigned int\000"
 2437      20756E73 
 2437      69676E65 
 2437      6420696E 
 2437      7400
 2438              	.LASF61:
 2439 0488 76616C66 		.ascii	"valf\000"
 2439      00
 2440              	.LASF76:
 2441 048d 6761696E 		.ascii	"gain\000"
 2441      00
 2442              	.LASF43:
 2443 0492 72656164 		.ascii	"readFrac\000"
 2443      46726163 
 2443      00
 2444              	.LASF6:
 2445 049b 5F5F696E 		.ascii	"__int32_t\000"
 2445      7433325F 
 2445      7400
 2446              	.LASF77:
 2447 04a5 77657458 		.ascii	"wetXN\000"
 2447      4E00
 2448              	.LASF13:
 2449 04ab 75696E74 		.ascii	"uint8_t\000"
 2449      385F7400 
 2450              	.LASF33:
 2451 04b3 5F5A4E33 		.ascii	"_ZN3dsp9DelayLineC4Ev\000"
 2451      64737039 
 2451      44656C61 
 2451      794C696E 
 2451      65433445 
 2452              	.LASF85:
 2453 04c9 5F66785F 		.ascii	"_fx_get_bpm\000"
 2453      6765745F 
 2453      62706D00 
 2454              	.LASF72:
 2455 04d5 735F6465 		.ascii	"s_delay\000"
 2455      6C617900 
 2456              	.LASF67:
 2457 04dd 73717274 		.ascii	"sqrtm2log_lut_f\000"
 2457      6D326C6F 
 2457      675F6C75 
 2457      745F6600 
 2458              	.LASF49:
 2459 04ed 6E657874 		.ascii	"nextpow2_u32\000"
 2459      706F7732 
 2459      5F753332 
 2459      00
 2460              	.LASF20:
 2461 04fa 646F7562 		.ascii	"double\000"
 2461      6C6500
 2462              	.LASF42:
ARM GAS  C:\msys64\tmp\cc0qMh8R.s 			page 48


 2463 0501 5F5A4E33 		.ascii	"_ZN3dsp9DelayLine4readEm\000"
 2463      64737039 
 2463      44656C61 
 2463      794C696E 
 2463      65347265 
 2464              	.LASF63:
 2465 051a 6B5F6678 		.ascii	"k_fx_api_version\000"
 2465      5F617069 
 2465      5F766572 
 2465      73696F6E 
 2465      00
 2466              	.LASF55:
 2467 052b 5F686F6F 		.ascii	"_hook_process\000"
 2467      6B5F7072 
 2467      6F636573 
 2467      7300
 2468              	.LASF80:
 2469 0539 433A5C75 		.ascii	"C:\\users\\bradl\\desktop\\Code Projects\\KorgFX\\K"
 2469      73657273 
 2469      5C627261 
 2469      646C5C64 
 2469      65736B74 
 2470 0566 6F726744 		.ascii	"orgDelayFXSet\\delays\\platform\\minilogue-xd\\Mono"
 2470      656C6179 
 2470      46585365 
 2470      745C6465 
 2470      6C617973 
 2471 0595 44656C61 		.ascii	"Delay\000"
 2471      7900
 2472              	.LASF23:
 2473 059b 6B5F7573 		.ascii	"k_user_module_delfx\000"
 2473      65725F6D 
 2473      6F64756C 
 2473      655F6465 
 2473      6C667800 
 2474              	.LASF57:
 2475 05af 64656C53 		.ascii	"delSample\000"
 2475      616D706C 
 2475      6500
 2476              	.LASF34:
 2477 05b9 5F5A4E33 		.ascii	"_ZN3dsp9DelayLineC4EPfj\000"
 2477      64737039 
 2477      44656C61 
 2477      794C696E 
 2477      65433445 
 2478              		.ident	"GCC: (GNU Tools for ARM Embedded Processors) 5.4.1 20160919 (release) [ARM/embedded-5-bran
ARM GAS  C:\msys64\tmp\cc0qMh8R.s 			page 49


DEFINED SYMBOLS
                            *ABS*:00000000 monodelay.cpp
C:\msys64\tmp\cc0qMh8R.s:21     .text:00000000 $t
C:\msys64\tmp\cc0qMh8R.s:26     .text:00000000 _hook_init
C:\msys64\tmp\cc0qMh8R.s:116    .text:00000058 $d
C:\msys64\tmp\cc0qMh8R.s:122    .text:00000064 $t
C:\msys64\tmp\cc0qMh8R.s:127    .text:00000064 _hook_process
C:\msys64\tmp\cc0qMh8R.s:250    .text:000000dc $d
C:\msys64\tmp\cc0qMh8R.s:255    .text:000000e0 $t
C:\msys64\tmp\cc0qMh8R.s:260    .text:000000e0 _hook_param
C:\msys64\tmp\cc0qMh8R.s:359    .text:0000016c $d
C:\msys64\tmp\cc0qMh8R.s:366    .text.startup:00000000 $t
C:\msys64\tmp\cc0qMh8R.s:370    .text.startup:00000000 _GLOBAL__sub_I_s_len
C:\msys64\tmp\cc0qMh8R.s:395    .text.startup:00000014 $d
C:\msys64\tmp\cc0qMh8R.s:403    .init_array:00000000 $d
C:\msys64\tmp\cc0qMh8R.s:417    .bss:00000014 bpm
C:\msys64\tmp\cc0qMh8R.s:433    .bss:00000024 wetXN
C:\msys64\tmp\cc0qMh8R.s:421    .bss:00000018 s_len
C:\msys64\tmp\cc0qMh8R.s:409    .bss:00000000 $d
C:\msys64\tmp\cc0qMh8R.s:413    .bss:00000000 _ZL7s_delay
C:\msys64\tmp\cc0qMh8R.s:425    .bss:0000001c _ZL5s_mix
C:\msys64\tmp\cc0qMh8R.s:429    .bss:00000020 _ZL4gain
C:\msys64\tmp\cc0qMh8R.s:436    .sdram:00000000 $d
C:\msys64\tmp\cc0qMh8R.s:440    .sdram:00000000 _ZL11s_delay_ram
                     .debug_frame:00000010 $d

UNDEFINED SYMBOLS
_fx_get_bpm
